[] [2025-01-26 19:14:59.503] [INFO ] [com.SaTokenAuthApp|logStarting|53] - Starting SaTokenDemoApp using Java 18.0.2 with PID 20880 (C:\Dev\projects\jee\sa-token-examples\sa-token-demo\target\classes started by zhuojun.feng in C:\Dev\projects\jee\sa-token-examples)
[] [2025-01-26 19:14:59.532] [INFO ] [com.SaTokenAuthApp|logStartupProfileInfo|658] - The following 1 profile is active: "loc"
[] [2025-01-26 19:15:00.212] [INFO ] [o.s.d.r.c.RepositoryConfigurationDelegate|multipleStoresDetected|295] - Multiple Spring Data modules found, entering strict repository configuration mode
[] [2025-01-26 19:15:00.217] [INFO ] [o.s.d.r.c.RepositoryConfigurationDelegate|registerRepositoriesIn|143] - Bootstrapping Spring Data Redis repositories in DEFAULT mode.
[] [2025-01-26 19:15:00.353] [INFO ] [o.s.d.r.c.RepositoryConfigurationDelegate|registerRepositoriesIn|211] - Finished Spring Data repository scanning in 127 ms. Found 0 Redis repository interfaces.
[] [2025-01-26 19:15:00.626] [INFO ] [o.s.b.w.e.tomcat.TomcatWebServer|initialize|111] - Tomcat initialized with port 8090 (http)
[] [2025-01-26 19:15:00.702] [INFO ] [o.s.b.w.s.c.ServletWebServerApplicationContext|prepareWebApplicationContext|296] - Root WebApplicationContext: initialization completed in 1129 ms
[] [2025-01-26 19:15:00.814] [INFO ] [o.s.v.b.OptionalValidatorFactoryBean|afterPropertiesSet|48] - Failed to set up a Bean Validation provider: jakarta.validation.NoProviderFoundException: Unable to create a Configuration, because no Jakarta Bean Validation provider could be found. Add a provider like Hibernate Validator (RI) to your classpath.
[] [2025-01-26 19:15:01.400] [INFO ] [o.s.b.w.e.tomcat.TomcatWebServer|start|243] - Tomcat started on port 8090 (http) with context path '/'
[] [2025-01-26 19:15:01.407] [INFO ] [com.SaTokenAuthApp|logStarted|59] - Started SaTokenDemoApp in 2.583 seconds (process running for 3.237)
[] [2025-01-26 19:16:59.872] [INFO ] [o.s.b.w.e.tomcat.GracefulShutdown|shutDownGracefully|54] - Commencing graceful shutdown. Waiting for active requests to complete
[] [2025-01-26 19:17:00.421] [INFO ] [o.s.b.w.e.tomcat.GracefulShutdown|doShutdown|76] - Graceful shutdown complete
[] [2025-01-26 19:18:34.350] [INFO ] [com.SaTokenAuthApp|logStarting|53] - Starting SaTokenDemoApp using Java 17.0.11 with PID 13392 (C:\Dev\projects\jee\sa-token-examples\sa-token-demo\target\classes started by zhuojun.feng in C:\Dev\projects\jee\sa-token-examples)
[] [2025-01-26 19:18:34.418] [INFO ] [com.SaTokenAuthApp|logStartupProfileInfo|658] - The following 1 profile is active: "loc"
[] [2025-01-26 19:18:35.097] [INFO ] [o.s.d.r.c.RepositoryConfigurationDelegate|multipleStoresDetected|295] - Multiple Spring Data modules found, entering strict repository configuration mode
[] [2025-01-26 19:18:35.099] [INFO ] [o.s.d.r.c.RepositoryConfigurationDelegate|registerRepositoriesIn|143] - Bootstrapping Spring Data Redis repositories in DEFAULT mode.
[] [2025-01-26 19:18:35.258] [INFO ] [o.s.d.r.c.RepositoryConfigurationDelegate|registerRepositoriesIn|211] - Finished Spring Data repository scanning in 147 ms. Found 0 Redis repository interfaces.
[] [2025-01-26 19:18:35.559] [INFO ] [o.s.b.w.e.tomcat.TomcatWebServer|initialize|111] - Tomcat initialized with port 8090 (http)
[] [2025-01-26 19:18:35.611] [INFO ] [o.s.b.w.s.c.ServletWebServerApplicationContext|prepareWebApplicationContext|296] - Root WebApplicationContext: initialization completed in 1166 ms
[] [2025-01-26 19:18:35.958] [INFO ] [o.s.v.b.OptionalValidatorFactoryBean|afterPropertiesSet|48] - Failed to set up a Bean Validation provider: jakarta.validation.NoProviderFoundException: Unable to create a Configuration, because no Jakarta Bean Validation provider could be found. Add a provider like Hibernate Validator (RI) to your classpath.
[] [2025-01-26 19:18:36.568] [INFO ] [o.s.b.w.e.tomcat.TomcatWebServer|start|243] - Tomcat started on port 8090 (http) with context path '/'
[] [2025-01-26 19:18:36.576] [INFO ] [com.SaTokenAuthApp|logStarted|59] - Started SaTokenDemoApp in 2.761 seconds (process running for 4.857)
[] [2025-01-26 19:18:53.187] [INFO ] [o.s.web.servlet.DispatcherServlet|initServletBean|532] - Initializing Servlet 'dispatcherServlet'
[] [2025-01-26 19:18:53.187] [DEBUG] [o.s.web.servlet.DispatcherServlet|initMultipartResolver|532] - Detected StandardServletMultipartResolver
[] [2025-01-26 19:18:53.187] [DEBUG] [o.s.web.servlet.DispatcherServlet|initLocaleResolver|556] - Detected AcceptHeaderLocaleResolver
[] [2025-01-26 19:18:53.187] [DEBUG] [o.s.web.servlet.DispatcherServlet|initThemeResolver|582] - Detected FixedThemeResolver
[] [2025-01-26 19:18:53.188] [DEBUG] [o.s.web.servlet.DispatcherServlet|initRequestToViewNameTranslator|732] - Detected org.springframework.web.servlet.view.DefaultRequestToViewNameTranslator@57bf33f0
[] [2025-01-26 19:18:53.188] [DEBUG] [o.s.web.servlet.DispatcherServlet|initFlashMapManager|796] - Detected org.springframework.web.servlet.support.SessionFlashMapManager@49c7c1f
[] [2025-01-26 19:18:53.189] [DEBUG] [o.s.web.servlet.DispatcherServlet|initServletBean|549] - enableLoggingRequestDetails='false': request parameters and headers will be masked to prevent unsafe logging of potentially sensitive data
[] [2025-01-26 19:18:53.189] [INFO ] [o.s.web.servlet.DispatcherServlet|initServletBean|554] - Completed initialization in 2 ms
[] [2025-01-26 19:18:53.194] [DEBUG] [o.s.web.servlet.DispatcherServlet|traceDebug|120] - POST "/user/doLogin", parameters={}
[] [2025-01-26 19:18:53.680] [DEBUG] [o.s.web.servlet.DispatcherServlet|logResult|1138] - Completed 200 OK
[] [2025-01-26 19:19:10.091] [DEBUG] [o.s.web.servlet.DispatcherServlet|traceDebug|120] - POST "/user/doLogin", parameters={}
[] [2025-01-26 19:19:10.104] [DEBUG] [o.s.web.servlet.DispatcherServlet|logResult|1138] - Completed 200 OK
[] [2025-01-26 19:19:43.024] [INFO ] [o.s.b.w.e.tomcat.GracefulShutdown|shutDownGracefully|54] - Commencing graceful shutdown. Waiting for active requests to complete
[] [2025-01-26 19:19:43.351] [INFO ] [o.s.b.w.e.tomcat.GracefulShutdown|doShutdown|76] - Graceful shutdown complete
[] [2025-01-26 19:56:37.150] [INFO ] [com.SaTokenAuthApp|logStarting|53] - Starting SaTokenDemoApp using Java 17.0.11 with PID 10604 (C:\Dev\projects\jee\sa-token-examples\sa-token-demo\target\classes started by zhuojun.feng in C:\Dev\projects\jee\sa-token-examples)
[] [2025-01-26 19:56:37.174] [INFO ] [com.SaTokenAuthApp|logStartupProfileInfo|658] - The following 1 profile is active: "loc"
[] [2025-01-26 19:56:37.768] [INFO ] [o.s.d.r.c.RepositoryConfigurationDelegate|multipleStoresDetected|295] - Multiple Spring Data modules found, entering strict repository configuration mode
[] [2025-01-26 19:56:37.771] [INFO ] [o.s.d.r.c.RepositoryConfigurationDelegate|registerRepositoriesIn|143] - Bootstrapping Spring Data Redis repositories in DEFAULT mode.
[] [2025-01-26 19:56:37.921] [INFO ] [o.s.d.r.c.RepositoryConfigurationDelegate|registerRepositoriesIn|211] - Finished Spring Data repository scanning in 140 ms. Found 0 Redis repository interfaces.
[] [2025-01-26 19:56:38.238] [INFO ] [o.s.b.w.e.tomcat.TomcatWebServer|initialize|111] - Tomcat initialized with port 8090 (http)
[] [2025-01-26 19:56:38.294] [INFO ] [o.s.b.w.s.c.ServletWebServerApplicationContext|prepareWebApplicationContext|296] - Root WebApplicationContext: initialization completed in 1096 ms
[] [2025-01-26 19:56:38.409] [INFO ] [o.s.v.b.OptionalValidatorFactoryBean|afterPropertiesSet|48] - Failed to set up a Bean Validation provider: jakarta.validation.NoProviderFoundException: Unable to create a Configuration, because no Jakarta Bean Validation provider could be found. Add a provider like Hibernate Validator (RI) to your classpath.
[] [2025-01-26 19:56:39.023] [INFO ] [o.s.b.w.e.tomcat.TomcatWebServer|start|243] - Tomcat started on port 8090 (http) with context path '/'
[] [2025-01-26 19:56:39.030] [INFO ] [com.SaTokenAuthApp|logStarted|59] - Started SaTokenDemoApp in 2.191 seconds (process running for 3.365)
[] [2025-01-26 19:58:27.803] [INFO ] [o.h.validator.internal.util.Version|<clinit>|21] - HV000001: Hibernate Validator 8.0.2.Final
[] [2025-01-26 19:58:27.831] [INFO ] [com.SaTokenGatewayApp|logStarting|53] - Starting SaTokenGatewayApp using Java 18.0.2 with PID 17300 (C:\Dev\projects\jee\sa-token-examples\sa-token-gateway\target\classes started by zhuojun.feng in C:\Dev\projects\jee\sa-token-examples)
[] [2025-01-26 19:58:27.888] [INFO ] [com.SaTokenGatewayApp|logStartupProfileInfo|658] - The following 1 profile is active: "loc"
[] [2025-01-26 19:58:28.408] [WARN ] [o.s.b.w.s.c.AnnotationConfigServletWebServerApplicationContext|refresh|635] - Exception encountered during context initialization - cancelling refresh attempt: java.lang.IllegalStateException: Error processing condition on org.springframework.boot.autoconfigure.context.PropertyPlaceholderAutoConfiguration.propertySourcesPlaceholderConfigurer
[] [2025-01-26 19:58:28.414] [INFO ] [o.s.b.a.l.ConditionEvaluationReportLogger|logMessage|82] - 

Error starting ApplicationContext. To display the condition evaluation report re-run your application with 'debug' enabled.
[] [2025-01-26 19:58:28.434] [ERROR] [o.s.boot.SpringApplication|reportFailure|857] - Application run failed
java.lang.IllegalStateException: Error processing condition on org.springframework.boot.autoconfigure.context.PropertyPlaceholderAutoConfiguration.propertySourcesPlaceholderConfigurer
	at org.springframework.boot.autoconfigure.condition.SpringBootCondition.matches(SpringBootCondition.java:60)
	at org.springframework.context.annotation.ConditionEvaluator.shouldSkip(ConditionEvaluator.java:99)
	at org.springframework.context.annotation.ConfigurationClassBeanDefinitionReader.loadBeanDefinitionsForBeanMethod(ConfigurationClassBeanDefinitionReader.java:184)
	at org.springframework.context.annotation.ConfigurationClassBeanDefinitionReader.loadBeanDefinitionsForConfigurationClass(ConfigurationClassBeanDefinitionReader.java:145)
	at org.springframework.context.annotation.ConfigurationClassBeanDefinitionReader.loadBeanDefinitions(ConfigurationClassBeanDefinitionReader.java:121)
	at org.springframework.context.annotation.ConfigurationClassPostProcessor.processConfigBeanDefinitions(ConfigurationClassPostProcessor.java:430)
	at org.springframework.context.annotation.ConfigurationClassPostProcessor.postProcessBeanDefinitionRegistry(ConfigurationClassPostProcessor.java:290)
	at org.springframework.context.support.PostProcessorRegistrationDelegate.invokeBeanDefinitionRegistryPostProcessors(PostProcessorRegistrationDelegate.java:349)
	at org.springframework.context.support.PostProcessorRegistrationDelegate.invokeBeanFactoryPostProcessors(PostProcessorRegistrationDelegate.java:118)
	at org.springframework.context.support.AbstractApplicationContext.invokeBeanFactoryPostProcessors(AbstractApplicationContext.java:791)
	at org.springframework.context.support.AbstractApplicationContext.refresh(AbstractApplicationContext.java:609)
	at org.springframework.boot.web.servlet.context.ServletWebServerApplicationContext.refresh(ServletWebServerApplicationContext.java:146)
	at org.springframework.boot.SpringApplication.refresh(SpringApplication.java:752)
	at org.springframework.boot.SpringApplication.refreshContext(SpringApplication.java:439)
	at org.springframework.boot.SpringApplication.run(SpringApplication.java:318)
	at org.springframework.boot.SpringApplication.run(SpringApplication.java:1361)
	at org.springframework.boot.SpringApplication.run(SpringApplication.java:1350)
	at com.SaTokenGatewayApp.main(SaTokenGatewayApp.java:21)
Caused by: java.lang.IllegalStateException: Failed to introspect Class [com.config.SpringDocConfig] from ClassLoader [jdk.internal.loader.ClassLoaders$AppClassLoader@27c170f0]
	at org.springframework.util.ReflectionUtils.getDeclaredMethods(ReflectionUtils.java:483)
	at org.springframework.util.ReflectionUtils.doWithMethods(ReflectionUtils.java:360)
	at org.springframework.util.ReflectionUtils.getUniqueDeclaredMethods(ReflectionUtils.java:417)
	at org.springframework.beans.factory.support.AbstractAutowireCapableBeanFactory.lambda$getTypeForFactoryMethod$1(AbstractAutowireCapableBeanFactory.java:751)
	at java.base/java.util.concurrent.ConcurrentHashMap.computeIfAbsent(ConcurrentHashMap.java:1708)
	at org.springframework.beans.factory.support.AbstractAutowireCapableBeanFactory.getTypeForFactoryMethod(AbstractAutowireCapableBeanFactory.java:750)
	at org.springframework.beans.factory.support.AbstractAutowireCapableBeanFactory.determineTargetType(AbstractAutowireCapableBeanFactory.java:683)
	at org.springframework.beans.factory.support.AbstractAutowireCapableBeanFactory.predictBeanType(AbstractAutowireCapableBeanFactory.java:654)
	at org.springframework.beans.factory.support.AbstractBeanFactory.isFactoryBean(AbstractBeanFactory.java:1683)
	at org.springframework.beans.factory.support.DefaultListableBeanFactory.doGetBeanNamesForType(DefaultListableBeanFactory.java:592)
	at org.springframework.beans.factory.support.DefaultListableBeanFactory.getBeanNamesForType(DefaultListableBeanFactory.java:564)
	at org.springframework.boot.autoconfigure.condition.OnBeanCondition.collectBeanDefinitionsForType(OnBeanCondition.java:332)
	at org.springframework.boot.autoconfigure.condition.OnBeanCondition.getBeanDefinitionsForType(OnBeanCondition.java:324)
	at org.springframework.boot.autoconfigure.condition.OnBeanCondition.getBeanDefinitionsForType(OnBeanCondition.java:314)
	at org.springframework.boot.autoconfigure.condition.OnBeanCondition.getMatchingBeans(OnBeanCondition.java:213)
	at org.springframework.boot.autoconfigure.condition.OnBeanCondition.evaluateConditionalOnMissingBean(OnBeanCondition.java:196)
	at org.springframework.boot.autoconfigure.condition.OnBeanCondition.getMatchOutcome(OnBeanCondition.java:143)
	at org.springframework.boot.autoconfigure.condition.SpringBootCondition.matches(SpringBootCondition.java:47)
	... 17 common frames omitted
Caused by: java.lang.NoClassDefFoundError: io/swagger/v3/oas/models/OpenAPI
	at java.base/java.lang.Class.getDeclaredMethods0(Native Method)
	at java.base/java.lang.Class.privateGetDeclaredMethods(Class.java:3434)
	at java.base/java.lang.Class.getDeclaredMethods(Class.java:2536)
	at org.springframework.util.ReflectionUtils.getDeclaredMethods(ReflectionUtils.java:465)
	... 34 common frames omitted
Caused by: java.lang.ClassNotFoundException: io.swagger.v3.oas.models.OpenAPI
	at java.base/jdk.internal.loader.BuiltinClassLoader.loadClass(BuiltinClassLoader.java:641)
	at java.base/jdk.internal.loader.ClassLoaders$AppClassLoader.loadClass(ClassLoaders.java:188)
	at java.base/java.lang.ClassLoader.loadClass(ClassLoader.java:521)
	... 38 common frames omitted
[] [2025-01-26 20:02:41.031] [INFO ] [o.s.b.w.e.tomcat.GracefulShutdown|shutDownGracefully|54] - Commencing graceful shutdown. Waiting for active requests to complete
[] [2025-01-26 20:02:41.548] [INFO ] [o.s.b.w.e.tomcat.GracefulShutdown|doShutdown|76] - Graceful shutdown complete
[] [2025-01-26 20:06:37.619] [INFO ] [com.SaTokenAuthApp|logStarting|53] - Starting SaTokenDemoApp using Java 17.0.11 with PID 11556 (C:\Dev\projects\jee\sa-token-examples\sa-token-demo\target\classes started by zhuojun.feng in C:\Dev\projects\jee\sa-token-examples)
[] [2025-01-26 20:06:37.750] [INFO ] [com.SaTokenAuthApp|logStartupProfileInfo|658] - The following 1 profile is active: "loc"
[] [2025-01-26 20:06:38.355] [INFO ] [o.s.d.r.c.RepositoryConfigurationDelegate|multipleStoresDetected|295] - Multiple Spring Data modules found, entering strict repository configuration mode
[] [2025-01-26 20:06:38.358] [INFO ] [o.s.d.r.c.RepositoryConfigurationDelegate|registerRepositoriesIn|143] - Bootstrapping Spring Data Redis repositories in DEFAULT mode.
[] [2025-01-26 20:06:38.531] [INFO ] [o.s.d.r.c.RepositoryConfigurationDelegate|registerRepositoriesIn|211] - Finished Spring Data repository scanning in 159 ms. Found 0 Redis repository interfaces.
[] [2025-01-26 20:06:38.813] [INFO ] [o.s.b.w.e.tomcat.TomcatWebServer|initialize|111] - Tomcat initialized with port 8090 (http)
[] [2025-01-26 20:06:38.867] [INFO ] [o.s.b.w.s.c.ServletWebServerApplicationContext|prepareWebApplicationContext|296] - Root WebApplicationContext: initialization completed in 1088 ms
[] [2025-01-26 20:06:38.965] [INFO ] [o.s.v.b.OptionalValidatorFactoryBean|afterPropertiesSet|48] - Failed to set up a Bean Validation provider: jakarta.validation.NoProviderFoundException: Unable to create a Configuration, because no Jakarta Bean Validation provider could be found. Add a provider like Hibernate Validator (RI) to your classpath.
[] [2025-01-26 20:06:39.588] [INFO ] [o.s.b.w.e.tomcat.TomcatWebServer|start|243] - Tomcat started on port 8090 (http) with context path '/'
[] [2025-01-26 20:06:39.595] [INFO ] [com.SaTokenAuthApp|logStarted|59] - Started SaTokenDemoApp in 2.297 seconds (process running for 3.484)
[] [2025-01-26 20:13:35.026] [INFO ] [o.s.web.servlet.DispatcherServlet|initServletBean|532] - Initializing Servlet 'dispatcherServlet'
[] [2025-01-26 20:13:35.027] [DEBUG] [o.s.web.servlet.DispatcherServlet|initMultipartResolver|532] - Detected StandardServletMultipartResolver
[] [2025-01-26 20:13:35.027] [DEBUG] [o.s.web.servlet.DispatcherServlet|initLocaleResolver|556] - Detected AcceptHeaderLocaleResolver
[] [2025-01-26 20:13:35.027] [DEBUG] [o.s.web.servlet.DispatcherServlet|initThemeResolver|582] - Detected FixedThemeResolver
[] [2025-01-26 20:13:35.028] [DEBUG] [o.s.web.servlet.DispatcherServlet|initRequestToViewNameTranslator|732] - Detected org.springframework.web.servlet.view.DefaultRequestToViewNameTranslator@2d949e1e
[] [2025-01-26 20:13:35.028] [DEBUG] [o.s.web.servlet.DispatcherServlet|initFlashMapManager|796] - Detected org.springframework.web.servlet.support.SessionFlashMapManager@1e2023ad
[] [2025-01-26 20:13:35.029] [DEBUG] [o.s.web.servlet.DispatcherServlet|initServletBean|549] - enableLoggingRequestDetails='false': request parameters and headers will be masked to prevent unsafe logging of potentially sensitive data
[] [2025-01-26 20:13:35.029] [INFO ] [o.s.web.servlet.DispatcherServlet|initServletBean|554] - Completed initialization in 2 ms
[] [2025-01-26 20:13:35.034] [DEBUG] [o.s.web.servlet.DispatcherServlet|traceDebug|120] - POST "/user/doLogin", parameters={}
[] [2025-01-26 20:13:35.428] [DEBUG] [o.s.web.servlet.DispatcherServlet|logResult|1138] - Completed 200 OK
[] [2025-01-26 20:14:03.727] [DEBUG] [o.s.web.servlet.DispatcherServlet|traceDebug|120] - POST "/user/doLogin", parameters={}
[] [2025-01-26 20:14:03.739] [DEBUG] [o.s.web.servlet.DispatcherServlet|logResult|1138] - Completed 200 OK
[] [2025-01-26 20:15:05.044] [INFO ] [o.s.b.w.e.tomcat.GracefulShutdown|shutDownGracefully|54] - Commencing graceful shutdown. Waiting for active requests to complete
[] [2025-01-26 20:15:05.492] [INFO ] [o.s.b.w.e.tomcat.GracefulShutdown|doShutdown|76] - Graceful shutdown complete
[] [2025-01-26 20:28:23.984] [INFO ] [com.SaTokenAuthApp|logStarting|53] - Starting SaTokenAuthApp using Java 18.0.2 with PID 19240 (C:\Dev\projects\jee\sa-token-examples\sa-token-auth\target\classes started by zhuojun.feng in C:\Dev\projects\jee\sa-token-examples)
[] [2025-01-26 20:28:24.008] [INFO ] [com.SaTokenAuthApp|logStartupProfileInfo|658] - The following 1 profile is active: "loc"
[] [2025-01-26 20:28:24.640] [INFO ] [o.s.d.r.c.RepositoryConfigurationDelegate|multipleStoresDetected|295] - Multiple Spring Data modules found, entering strict repository configuration mode
[] [2025-01-26 20:28:24.642] [INFO ] [o.s.d.r.c.RepositoryConfigurationDelegate|registerRepositoriesIn|143] - Bootstrapping Spring Data Redis repositories in DEFAULT mode.
[] [2025-01-26 20:28:24.769] [INFO ] [o.s.d.r.c.RepositoryConfigurationDelegate|registerRepositoriesIn|211] - Finished Spring Data repository scanning in 118 ms. Found 0 Redis repository interfaces.
[] [2025-01-26 20:28:25.061] [INFO ] [o.s.b.w.e.tomcat.TomcatWebServer|initialize|111] - Tomcat initialized with port 8081 (http)
[] [2025-01-26 20:28:25.122] [INFO ] [o.s.b.w.s.c.ServletWebServerApplicationContext|prepareWebApplicationContext|296] - Root WebApplicationContext: initialization completed in 1093 ms
[] [2025-01-26 20:28:25.221] [INFO ] [o.s.v.b.OptionalValidatorFactoryBean|afterPropertiesSet|48] - Failed to set up a Bean Validation provider: jakarta.validation.NoProviderFoundException: Unable to create a Configuration, because no Jakarta Bean Validation provider could be found. Add a provider like Hibernate Validator (RI) to your classpath.
[] [2025-01-26 20:28:25.813] [INFO ] [o.s.b.w.e.tomcat.TomcatWebServer|start|243] - Tomcat started on port 8081 (http) with context path '/'
[] [2025-01-26 20:28:25.824] [INFO ] [com.SaTokenAuthApp|logStarted|59] - Started SaTokenAuthApp in 2.194 seconds (process running for 2.78)
[] [2025-01-26 20:28:37.309] [INFO ] [o.s.b.w.e.tomcat.GracefulShutdown|shutDownGracefully|54] - Commencing graceful shutdown. Waiting for active requests to complete
[] [2025-01-26 20:28:37.706] [INFO ] [o.s.b.w.e.tomcat.GracefulShutdown|doShutdown|76] - Graceful shutdown complete
[] [2025-01-26 20:30:06.981] [INFO ] [com.SaTokenAuthApp|logStarting|53] - Starting SaTokenAuthApp using Java 17.0.11 with PID 19396 (C:\Dev\projects\jee\sa-token-examples\sa-token-auth\target\classes started by zhuojun.feng in C:\Dev\projects\jee\sa-token-examples)
[] [2025-01-26 20:30:07.040] [INFO ] [com.SaTokenAuthApp|logStartupProfileInfo|658] - The following 1 profile is active: "loc"
[] [2025-01-26 20:30:07.636] [INFO ] [o.s.d.r.c.RepositoryConfigurationDelegate|multipleStoresDetected|295] - Multiple Spring Data modules found, entering strict repository configuration mode
[] [2025-01-26 20:30:07.638] [INFO ] [o.s.d.r.c.RepositoryConfigurationDelegate|registerRepositoriesIn|143] - Bootstrapping Spring Data Redis repositories in DEFAULT mode.
[] [2025-01-26 20:30:07.793] [INFO ] [o.s.d.r.c.RepositoryConfigurationDelegate|registerRepositoriesIn|211] - Finished Spring Data repository scanning in 143 ms. Found 0 Redis repository interfaces.
[] [2025-01-26 20:30:08.075] [INFO ] [o.s.b.w.e.tomcat.TomcatWebServer|initialize|111] - Tomcat initialized with port 8081 (http)
[] [2025-01-26 20:30:08.128] [INFO ] [o.s.b.w.s.c.ServletWebServerApplicationContext|prepareWebApplicationContext|296] - Root WebApplicationContext: initialization completed in 1066 ms
[] [2025-01-26 20:30:08.222] [INFO ] [o.s.v.b.OptionalValidatorFactoryBean|afterPropertiesSet|48] - Failed to set up a Bean Validation provider: jakarta.validation.NoProviderFoundException: Unable to create a Configuration, because no Jakarta Bean Validation provider could be found. Add a provider like Hibernate Validator (RI) to your classpath.
[] [2025-01-26 20:30:08.859] [INFO ] [o.s.b.w.e.tomcat.TomcatWebServer|start|243] - Tomcat started on port 8081 (http) with context path '/'
[] [2025-01-26 20:30:08.867] [INFO ] [com.SaTokenAuthApp|logStarted|59] - Started SaTokenAuthApp in 2.198 seconds (process running for 3.567)
[] [2025-01-26 20:33:18.439] [INFO ] [o.s.web.servlet.DispatcherServlet|initServletBean|532] - Initializing Servlet 'dispatcherServlet'
[] [2025-01-26 20:33:18.440] [DEBUG] [o.s.web.servlet.DispatcherServlet|initMultipartResolver|532] - Detected StandardServletMultipartResolver
[] [2025-01-26 20:33:18.440] [DEBUG] [o.s.web.servlet.DispatcherServlet|initLocaleResolver|556] - Detected AcceptHeaderLocaleResolver
[] [2025-01-26 20:33:18.440] [DEBUG] [o.s.web.servlet.DispatcherServlet|initThemeResolver|582] - Detected FixedThemeResolver
[] [2025-01-26 20:33:18.441] [DEBUG] [o.s.web.servlet.DispatcherServlet|initRequestToViewNameTranslator|732] - Detected org.springframework.web.servlet.view.DefaultRequestToViewNameTranslator@5099d4a0
[] [2025-01-26 20:33:18.441] [DEBUG] [o.s.web.servlet.DispatcherServlet|initFlashMapManager|796] - Detected org.springframework.web.servlet.support.SessionFlashMapManager@456a89bb
[] [2025-01-26 20:33:18.441] [DEBUG] [o.s.web.servlet.DispatcherServlet|initServletBean|549] - enableLoggingRequestDetails='false': request parameters and headers will be masked to prevent unsafe logging of potentially sensitive data
[] [2025-01-26 20:33:18.441] [INFO ] [o.s.web.servlet.DispatcherServlet|initServletBean|554] - Completed initialization in 1 ms
[] [2025-01-26 20:33:18.446] [DEBUG] [o.s.web.servlet.DispatcherServlet|traceDebug|120] - POST "/auth/doLogin", parameters={}
[] [2025-01-26 20:33:18.833] [DEBUG] [o.s.web.servlet.DispatcherServlet|logResult|1138] - Completed 200 OK
[] [2025-01-26 21:09:12.023] [DEBUG] [o.s.web.servlet.DispatcherServlet|traceDebug|120] - POST "/auth/doLogin", parameters={}
[] [2025-01-26 21:09:12.040] [DEBUG] [o.s.web.servlet.DispatcherServlet|logResult|1138] - Completed 200 OK
[] [2025-01-26 21:09:17.838] [DEBUG] [o.s.web.servlet.DispatcherServlet|traceDebug|120] - POST "/auth/doLogin", parameters={}
[] [2025-01-26 21:09:17.862] [DEBUG] [o.s.web.servlet.DispatcherServlet|logResult|1138] - Completed 200 OK
[] [2025-01-26 21:09:23.420] [DEBUG] [o.s.web.servlet.DispatcherServlet|traceDebug|120] - POST "/auth/doLogin", parameters={}
[] [2025-01-26 21:09:23.431] [DEBUG] [o.s.web.servlet.DispatcherServlet|logResult|1138] - Completed 200 OK
[] [2025-01-26 21:10:16.893] [DEBUG] [o.s.web.servlet.DispatcherServlet|traceDebug|120] - POST "/auth/doLogin", parameters={}
[] [2025-01-26 21:10:16.905] [DEBUG] [o.s.web.servlet.DispatcherServlet|logResult|1138] - Completed 200 OK
[] [2025-01-26 21:11:05.095] [DEBUG] [o.s.web.servlet.DispatcherServlet|traceDebug|120] - POST "/auth/doLogin", parameters={}
[] [2025-01-26 21:11:05.169] [DEBUG] [o.s.web.servlet.DispatcherServlet|logResult|1138] - Completed 200 OK
[] [2025-01-26 21:11:10.164] [DEBUG] [o.s.web.servlet.DispatcherServlet|traceDebug|120] - POST "/auth/isLogin", parameters={}
[] [2025-01-26 21:11:10.169] [DEBUG] [o.s.web.servlet.DispatcherServlet|logResult|1138] - Completed 200 OK
[] [2025-01-26 21:11:18.899] [DEBUG] [o.s.web.servlet.DispatcherServlet|traceDebug|120] - POST "/auth/doLogin", parameters={}
[] [2025-01-26 21:11:18.911] [DEBUG] [o.s.web.servlet.DispatcherServlet|logResult|1138] - Completed 200 OK
[] [2025-01-26 21:11:30.411] [DEBUG] [o.s.web.servlet.DispatcherServlet|traceDebug|120] - GET "/auth/isLogin", parameters={}
[] [2025-01-26 21:11:30.417] [DEBUG] [o.s.web.servlet.DispatcherServlet|logResult|1138] - Completed 200 OK
[] [2025-01-26 21:34:54.998] [INFO ] [com.SaTokenDemoApp|logStarting|53] - Starting SaTokenDemoApp using Java 17.0.11 with PID 23104 (C:\Dev\projects\jee\sa-token-examples\sa-token-demo\target\classes started by zhuojun.feng in C:\Dev\projects\jee\sa-token-examples)
[] [2025-01-26 21:34:55.026] [INFO ] [com.SaTokenDemoApp|logStartupProfileInfo|658] - The following 1 profile is active: "loc"
[] [2025-01-26 21:34:55.824] [INFO ] [o.s.d.r.c.RepositoryConfigurationDelegate|multipleStoresDetected|295] - Multiple Spring Data modules found, entering strict repository configuration mode
[] [2025-01-26 21:34:55.824] [INFO ] [o.s.d.r.c.RepositoryConfigurationDelegate|registerRepositoriesIn|143] - Bootstrapping Spring Data Redis repositories in DEFAULT mode.
[] [2025-01-26 21:34:55.996] [INFO ] [o.s.d.r.c.RepositoryConfigurationDelegate|registerRepositoriesIn|211] - Finished Spring Data repository scanning in 155 ms. Found 0 Redis repository interfaces.
[] [2025-01-26 21:34:56.296] [INFO ] [o.s.b.w.e.tomcat.TomcatWebServer|initialize|111] - Tomcat initialized with port 8090 (http)
[] [2025-01-26 21:34:56.343] [INFO ] [o.s.b.w.s.c.ServletWebServerApplicationContext|prepareWebApplicationContext|296] - Root WebApplicationContext: initialization completed in 1279 ms
[] [2025-01-26 21:34:56.456] [INFO ] [o.s.v.b.OptionalValidatorFactoryBean|afterPropertiesSet|48] - Failed to set up a Bean Validation provider: jakarta.validation.NoProviderFoundException: Unable to create a Configuration, because no Jakarta Bean Validation provider could be found. Add a provider like Hibernate Validator (RI) to your classpath.
[] [2025-01-26 21:34:57.160] [INFO ] [o.s.b.w.e.tomcat.TomcatWebServer|start|243] - Tomcat started on port 8090 (http) with context path '/'
[] [2025-01-26 21:34:57.176] [INFO ] [com.SaTokenDemoApp|logStarted|59] - Started SaTokenDemoApp in 2.59 seconds (process running for 3.987)
[] [2025-01-26 21:35:14.545] [INFO ] [o.s.b.w.e.tomcat.GracefulShutdown|shutDownGracefully|54] - Commencing graceful shutdown. Waiting for active requests to complete
[] [2025-01-26 21:35:14.929] [INFO ] [o.s.b.w.e.tomcat.GracefulShutdown|doShutdown|76] - Graceful shutdown complete
[] [2025-01-26 21:38:05.533] [INFO ] [com.SaTokenDemoApp|logStarting|53] - Starting SaTokenDemoApp using Java 17.0.11 with PID 23996 (C:\Dev\projects\jee\sa-token-examples\sa-token-demo\target\classes started by zhuojun.feng in C:\Dev\projects\jee\sa-token-examples)
[] [2025-01-26 21:38:05.585] [INFO ] [com.SaTokenDemoApp|logStartupProfileInfo|658] - The following 1 profile is active: "loc"
[] [2025-01-26 21:38:06.229] [INFO ] [o.s.d.r.c.RepositoryConfigurationDelegate|multipleStoresDetected|295] - Multiple Spring Data modules found, entering strict repository configuration mode
[] [2025-01-26 21:38:06.229] [INFO ] [o.s.d.r.c.RepositoryConfigurationDelegate|registerRepositoriesIn|143] - Bootstrapping Spring Data Redis repositories in DEFAULT mode.
[] [2025-01-26 21:38:06.386] [INFO ] [o.s.d.r.c.RepositoryConfigurationDelegate|registerRepositoriesIn|211] - Finished Spring Data repository scanning in 146 ms. Found 0 Redis repository interfaces.
[] [2025-01-26 21:38:06.686] [INFO ] [o.s.b.w.e.tomcat.TomcatWebServer|initialize|111] - Tomcat initialized with port 8082 (http)
[] [2025-01-26 21:38:06.733] [INFO ] [o.s.b.w.s.c.ServletWebServerApplicationContext|prepareWebApplicationContext|296] - Root WebApplicationContext: initialization completed in 1125 ms
[] [2025-01-26 21:38:06.829] [INFO ] [o.s.v.b.OptionalValidatorFactoryBean|afterPropertiesSet|48] - Failed to set up a Bean Validation provider: jakarta.validation.NoProviderFoundException: Unable to create a Configuration, because no Jakarta Bean Validation provider could be found. Add a provider like Hibernate Validator (RI) to your classpath.
[] [2025-01-26 21:38:07.431] [INFO ] [o.s.b.w.e.tomcat.TomcatWebServer|start|243] - Tomcat started on port 8082 (http) with context path '/'
[] [2025-01-26 21:38:07.446] [INFO ] [com.SaTokenDemoApp|logStarted|59] - Started SaTokenDemoApp in 2.301 seconds (process running for 3.671)
[] [2025-01-26 21:40:29.237] [DEBUG] [o.s.web.servlet.DispatcherServlet|traceDebug|120] - POST "/auth/doLogin", parameters={}
[] [2025-01-26 21:40:29.255] [DEBUG] [o.s.web.servlet.DispatcherServlet|logResult|1138] - Completed 200 OK
[] [2025-01-26 21:51:59.857] [DEBUG] [o.s.web.servlet.DispatcherServlet|traceDebug|120] - POST "/auth/doLogin", parameters={}
[] [2025-01-26 21:51:59.872] [DEBUG] [o.s.web.servlet.DispatcherServlet|logResult|1138] - Completed 200 OK
[] [2025-01-26 21:55:09.799] [DEBUG] [o.s.web.servlet.DispatcherServlet|traceDebug|120] - POST "/auth/doLogin", parameters={}
[] [2025-01-26 21:55:09.810] [DEBUG] [o.s.web.servlet.DispatcherServlet|logResult|1138] - Completed 200 OK
[] [2025-01-26 21:58:25.223] [DEBUG] [o.s.web.servlet.DispatcherServlet|traceDebug|120] - POST "/auth/doLogin", parameters={}
[] [2025-01-26 21:58:25.241] [DEBUG] [o.s.web.servlet.DispatcherServlet|logResult|1138] - Completed 200 OK
[] [2025-01-26 22:09:20.389] [DEBUG] [o.s.web.servlet.DispatcherServlet|traceDebug|120] - POST "/auth/doLogin", parameters={}
[] [2025-01-26 22:09:20.498] [DEBUG] [o.s.web.servlet.DispatcherServlet|logResult|1138] - Completed 200 OK
[] [2025-01-26 22:09:36.213] [DEBUG] [o.s.web.servlet.DispatcherServlet|traceDebug|120] - POST "/auth/isLogin", parameters={}
[] [2025-01-26 22:09:36.217] [DEBUG] [o.s.web.servlet.DispatcherServlet|logResult|1138] - Completed 200 OK
[] [2025-01-26 22:10:27.146] [DEBUG] [o.s.web.servlet.DispatcherServlet|traceDebug|120] - POST "/auth/isLogin", parameters={}
[] [2025-01-26 22:10:27.149] [DEBUG] [o.s.web.servlet.DispatcherServlet|logResult|1138] - Completed 200 OK
[] [2025-01-26 22:10:39.730] [DEBUG] [o.s.web.servlet.DispatcherServlet|traceDebug|120] - POST "/auth/isLogin", parameters={}
[] [2025-01-26 22:10:39.736] [DEBUG] [o.s.web.servlet.DispatcherServlet|logResult|1138] - Completed 200 OK
[] [2025-01-26 22:11:39.442] [DEBUG] [o.s.web.servlet.DispatcherServlet|traceDebug|120] - POST "/auth/isLogin", parameters={}
[] [2025-01-26 22:11:39.454] [DEBUG] [o.s.web.servlet.DispatcherServlet|logResult|1138] - Completed 200 OK
[] [2025-01-26 22:13:00.697] [DEBUG] [o.s.web.servlet.DispatcherServlet|traceDebug|120] - POST "/auth/isLogin", parameters={}
[] [2025-01-26 22:13:00.699] [DEBUG] [o.s.web.servlet.DispatcherServlet|logResult|1138] - Completed 200 OK
[] [2025-01-26 22:19:00.162] [DEBUG] [o.s.web.servlet.DispatcherServlet|traceDebug|120] - POST "/auth/doLogin", parameters={}
[] [2025-01-26 22:19:00.170] [DEBUG] [o.s.web.servlet.DispatcherServlet|logResult|1138] - Completed 200 OK
[] [2025-01-26 22:19:22.225] [INFO ] [o.s.web.servlet.DispatcherServlet|initServletBean|532] - Initializing Servlet 'dispatcherServlet'
[] [2025-01-26 22:19:22.228] [DEBUG] [o.s.web.servlet.DispatcherServlet|initMultipartResolver|532] - Detected StandardServletMultipartResolver
[] [2025-01-26 22:19:22.229] [DEBUG] [o.s.web.servlet.DispatcherServlet|initLocaleResolver|556] - Detected AcceptHeaderLocaleResolver
[] [2025-01-26 22:19:22.229] [DEBUG] [o.s.web.servlet.DispatcherServlet|initThemeResolver|582] - Detected FixedThemeResolver
[] [2025-01-26 22:19:22.238] [DEBUG] [o.s.web.servlet.DispatcherServlet|initRequestToViewNameTranslator|732] - Detected org.springframework.web.servlet.view.DefaultRequestToViewNameTranslator@29afbde8
[] [2025-01-26 22:19:22.239] [DEBUG] [o.s.web.servlet.DispatcherServlet|initFlashMapManager|796] - Detected org.springframework.web.servlet.support.SessionFlashMapManager@51ce6daf
[] [2025-01-26 22:19:22.241] [DEBUG] [o.s.web.servlet.DispatcherServlet|initServletBean|549] - enableLoggingRequestDetails='false': request parameters and headers will be masked to prevent unsafe logging of potentially sensitive data
[] [2025-01-26 22:19:22.242] [INFO ] [o.s.web.servlet.DispatcherServlet|initServletBean|554] - Completed initialization in 15 ms
[] [2025-01-26 22:19:22.254] [DEBUG] [o.s.web.servlet.DispatcherServlet|traceDebug|120] - POST "/api/v3_1/customtbdemo/getList", parameters={}
[] [2025-01-26 22:19:22.384] [DEBUG] [o.s.web.servlet.DispatcherServlet|logResult|1138] - Completed 200 OK
[] [2025-01-26 22:19:28.621] [DEBUG] [o.s.web.servlet.DispatcherServlet|traceDebug|120] - POST "/api/v3_1/customtbdemo/getList", parameters={}
[] [2025-01-26 22:19:28.628] [DEBUG] [o.s.web.servlet.DispatcherServlet|logResult|1138] - Completed 200 OK
[] [2025-01-26 22:19:30.654] [DEBUG] [o.s.web.servlet.DispatcherServlet|traceDebug|120] - POST "/api/v3_1/customtbdemo/getList", parameters={}
[] [2025-01-26 22:19:30.658] [DEBUG] [o.s.web.servlet.DispatcherServlet|logResult|1138] - Completed 200 OK
[] [2025-01-26 22:19:38.534] [DEBUG] [o.s.web.servlet.DispatcherServlet|traceDebug|120] - POST "/api/v3_1/customtbdemo/getList", parameters={}
[] [2025-01-26 22:19:38.536] [DEBUG] [o.s.web.servlet.DispatcherServlet|logResult|1138] - Completed 200 OK
[] [2025-01-26 22:19:39.383] [DEBUG] [o.s.web.servlet.DispatcherServlet|traceDebug|120] - POST "/api/v3_1/customtbdemo/getList", parameters={}
[] [2025-01-26 22:19:39.387] [DEBUG] [o.s.web.servlet.DispatcherServlet|logResult|1138] - Completed 200 OK
[] [2025-01-26 22:19:40.354] [DEBUG] [o.s.web.servlet.DispatcherServlet|traceDebug|120] - POST "/api/v3_1/customtbdemo/getList", parameters={}
[] [2025-01-26 22:19:40.360] [DEBUG] [o.s.web.servlet.DispatcherServlet|logResult|1138] - Completed 200 OK
[] [2025-01-26 22:19:54.457] [DEBUG] [o.s.web.servlet.DispatcherServlet|traceDebug|120] - POST "/api/v3_1/customtbdemo/getList", parameters={}
[] [2025-01-26 22:19:54.462] [DEBUG] [o.s.web.servlet.DispatcherServlet|logResult|1138] - Completed 200 OK
[] [2025-01-26 22:20:05.740] [DEBUG] [o.s.web.servlet.DispatcherServlet|traceDebug|120] - POST "/api/v3_1/customtbdemo/getList", parameters={}
[] [2025-01-26 22:20:05.744] [DEBUG] [o.s.web.servlet.DispatcherServlet|logResult|1138] - Completed 200 OK
[] [2025-01-26 22:20:11.735] [DEBUG] [o.s.web.servlet.DispatcherServlet|traceDebug|120] - POST "/api/v3_1/customtbdemo/getList", parameters={}
[] [2025-01-26 22:20:11.738] [DEBUG] [o.s.web.servlet.DispatcherServlet|logResult|1138] - Completed 200 OK
[] [2025-01-26 22:20:12.675] [DEBUG] [o.s.web.servlet.DispatcherServlet|traceDebug|120] - POST "/api/v3_1/customtbdemo/getList", parameters={}
[] [2025-01-26 22:20:12.678] [DEBUG] [o.s.web.servlet.DispatcherServlet|logResult|1138] - Completed 200 OK
[] [2025-01-26 22:21:22.402] [DEBUG] [o.s.web.servlet.DispatcherServlet|traceDebug|120] - POST "/api/v3_1/customtbdemo/getList", parameters={}
[] [2025-01-26 22:21:22.406] [DEBUG] [o.s.web.servlet.DispatcherServlet|logResult|1138] - Completed 200 OK
[] [2025-01-26 22:21:26.989] [DEBUG] [o.s.web.servlet.DispatcherServlet|traceDebug|120] - POST "/api/v3_1/customtbdemo/getList", parameters={}
[] [2025-01-26 22:21:26.994] [DEBUG] [o.s.web.servlet.DispatcherServlet|logResult|1138] - Completed 200 OK
[] [2025-01-26 22:21:44.192] [DEBUG] [o.s.web.servlet.DispatcherServlet|traceDebug|120] - POST "/api/v3_1/customtbdemo/getList", parameters={}
[] [2025-01-26 22:21:44.192] [DEBUG] [o.s.web.servlet.DispatcherServlet|logResult|1138] - Completed 200 OK
[] [2025-01-26 22:33:08.044] [INFO ] [o.s.b.w.e.tomcat.GracefulShutdown|shutDownGracefully|54] - Commencing graceful shutdown. Waiting for active requests to complete
[] [2025-01-26 22:33:08.060] [INFO ] [o.s.b.w.e.tomcat.GracefulShutdown|shutDownGracefully|54] - Commencing graceful shutdown. Waiting for active requests to complete
[] [2025-01-26 22:33:08.474] [INFO ] [o.s.b.w.e.tomcat.GracefulShutdown|doShutdown|76] - Graceful shutdown complete
[] [2025-01-26 22:33:08.474] [INFO ] [o.s.b.w.e.tomcat.GracefulShutdown|doShutdown|76] - Graceful shutdown complete
[] [2025-01-26 22:36:11.407] [INFO ] [com.SaTokenAuthApp|logStarting|53] - Starting SaTokenAuthApp using Java 17.0.11 with PID 10892 (C:\Dev\projects\jee\sa-token-examples\sa-token-auth\target\classes started by zhuojun.feng in C:\Dev\projects\jee\sa-token-examples)
[] [2025-01-26 22:36:11.407] [INFO ] [com.SaTokenAuthApp|logStartupProfileInfo|658] - The following 1 profile is active: "loc"
[] [2025-01-26 22:36:12.022] [INFO ] [o.s.d.r.c.RepositoryConfigurationDelegate|multipleStoresDetected|295] - Multiple Spring Data modules found, entering strict repository configuration mode
[] [2025-01-26 22:36:12.022] [INFO ] [o.s.d.r.c.RepositoryConfigurationDelegate|registerRepositoriesIn|143] - Bootstrapping Spring Data Redis repositories in DEFAULT mode.
[] [2025-01-26 22:36:12.194] [INFO ] [o.s.d.r.c.RepositoryConfigurationDelegate|registerRepositoriesIn|211] - Finished Spring Data repository scanning in 150 ms. Found 0 Redis repository interfaces.
[] [2025-01-26 22:36:12.507] [INFO ] [o.s.b.w.e.tomcat.TomcatWebServer|initialize|111] - Tomcat initialized with port 8081 (http)
[] [2025-01-26 22:36:12.570] [INFO ] [o.s.b.w.s.c.ServletWebServerApplicationContext|prepareWebApplicationContext|296] - Root WebApplicationContext: initialization completed in 1132 ms
[] [2025-01-26 22:36:12.792] [INFO ] [o.s.v.b.OptionalValidatorFactoryBean|afterPropertiesSet|48] - Failed to set up a Bean Validation provider: jakarta.validation.NoProviderFoundException: Unable to create a Configuration, because no Jakarta Bean Validation provider could be found. Add a provider like Hibernate Validator (RI) to your classpath.
[] [2025-01-26 22:36:13.457] [INFO ] [o.s.b.w.e.tomcat.TomcatWebServer|start|243] - Tomcat started on port 8081 (http) with context path '/'
[] [2025-01-26 22:36:13.473] [INFO ] [com.SaTokenAuthApp|logStarted|59] - Started SaTokenAuthApp in 2.627 seconds (process running for 3.894)
[] [2025-01-26 22:36:22.046] [INFO ] [com.SaTokenDemoApp|logStarting|53] - Starting SaTokenDemoApp using Java 17.0.11 with PID 24812 (C:\Dev\projects\jee\sa-token-examples\sa-token-demo\target\classes started by zhuojun.feng in C:\Dev\projects\jee\sa-token-examples)
[] [2025-01-26 22:36:22.046] [INFO ] [com.SaTokenDemoApp|logStartupProfileInfo|658] - The following 1 profile is active: "loc"
[] [2025-01-26 22:36:22.653] [INFO ] [o.s.d.r.c.RepositoryConfigurationDelegate|multipleStoresDetected|295] - Multiple Spring Data modules found, entering strict repository configuration mode
[] [2025-01-26 22:36:22.653] [INFO ] [o.s.d.r.c.RepositoryConfigurationDelegate|registerRepositoriesIn|143] - Bootstrapping Spring Data Redis repositories in DEFAULT mode.
[] [2025-01-26 22:36:22.794] [INFO ] [o.s.d.r.c.RepositoryConfigurationDelegate|registerRepositoriesIn|211] - Finished Spring Data repository scanning in 126 ms. Found 0 Redis repository interfaces.
[] [2025-01-26 22:36:23.109] [INFO ] [o.s.b.w.e.tomcat.TomcatWebServer|initialize|111] - Tomcat initialized with port 8082 (http)
[] [2025-01-26 22:36:23.172] [INFO ] [o.s.b.w.s.c.ServletWebServerApplicationContext|prepareWebApplicationContext|296] - Root WebApplicationContext: initialization completed in 1103 ms
[] [2025-01-26 22:36:23.284] [INFO ] [o.s.v.b.OptionalValidatorFactoryBean|afterPropertiesSet|48] - Failed to set up a Bean Validation provider: jakarta.validation.NoProviderFoundException: Unable to create a Configuration, because no Jakarta Bean Validation provider could be found. Add a provider like Hibernate Validator (RI) to your classpath.
[] [2025-01-26 22:36:23.872] [INFO ] [o.s.b.w.e.tomcat.TomcatWebServer|start|243] - Tomcat started on port 8082 (http) with context path '/'
[] [2025-01-26 22:36:23.891] [INFO ] [com.SaTokenDemoApp|logStarted|59] - Started SaTokenDemoApp in 2.19 seconds (process running for 3.342)
[] [2025-01-26 22:36:31.700] [INFO ] [o.s.web.servlet.DispatcherServlet|initServletBean|532] - Initializing Servlet 'dispatcherServlet'
[] [2025-01-26 22:36:31.700] [DEBUG] [o.s.web.servlet.DispatcherServlet|initMultipartResolver|532] - Detected StandardServletMultipartResolver
[] [2025-01-26 22:36:31.700] [DEBUG] [o.s.web.servlet.DispatcherServlet|initLocaleResolver|556] - Detected AcceptHeaderLocaleResolver
[] [2025-01-26 22:36:31.700] [DEBUG] [o.s.web.servlet.DispatcherServlet|initThemeResolver|582] - Detected FixedThemeResolver
[] [2025-01-26 22:36:31.716] [DEBUG] [o.s.web.servlet.DispatcherServlet|initRequestToViewNameTranslator|732] - Detected org.springframework.web.servlet.view.DefaultRequestToViewNameTranslator@270b3032
[] [2025-01-26 22:36:31.716] [DEBUG] [o.s.web.servlet.DispatcherServlet|initFlashMapManager|796] - Detected org.springframework.web.servlet.support.SessionFlashMapManager@3a19b908
[] [2025-01-26 22:36:31.716] [DEBUG] [o.s.web.servlet.DispatcherServlet|initServletBean|549] - enableLoggingRequestDetails='false': request parameters and headers will be masked to prevent unsafe logging of potentially sensitive data
[] [2025-01-26 22:36:31.716] [INFO ] [o.s.web.servlet.DispatcherServlet|initServletBean|554] - Completed initialization in 16 ms
[] [2025-01-26 22:36:31.716] [DEBUG] [o.s.web.servlet.DispatcherServlet|traceDebug|120] - POST "/auth/doLogin", parameters={}
[] [2025-01-26 22:36:32.338] [DEBUG] [o.s.web.servlet.DispatcherServlet|logResult|1138] - Completed 200 OK
[] [2025-01-26 22:36:39.569] [DEBUG] [o.s.web.servlet.DispatcherServlet|traceDebug|120] - POST "/auth/doLogin", parameters={}
[] [2025-01-26 22:36:39.602] [DEBUG] [o.s.web.servlet.DispatcherServlet|logResult|1138] - Completed 200 OK
[] [2025-01-26 22:41:36.492] [INFO ] [o.s.b.w.e.tomcat.GracefulShutdown|shutDownGracefully|54] - Commencing graceful shutdown. Waiting for active requests to complete
[] [2025-01-26 22:41:36.514] [INFO ] [o.s.b.w.e.tomcat.GracefulShutdown|shutDownGracefully|54] - Commencing graceful shutdown. Waiting for active requests to complete
[] [2025-01-26 22:41:36.961] [INFO ] [o.s.b.w.e.tomcat.GracefulShutdown|doShutdown|76] - Graceful shutdown complete
[] [2025-01-26 22:41:36.975] [INFO ] [o.s.b.w.e.tomcat.GracefulShutdown|doShutdown|76] - Graceful shutdown complete
[] [2025-01-26 22:44:39.724] [INFO ] [com.SaTokenAuthApp|logStarting|53] - Starting SaTokenAuthApp using Java 17.0.11 with PID 23176 (C:\Dev\projects\jee\sa-token-examples\sa-token-auth\target\classes started by zhuojun.feng in C:\Dev\projects\jee\sa-token-examples)
[] [2025-01-26 22:44:39.724] [INFO ] [com.SaTokenAuthApp|logStartupProfileInfo|658] - The following 1 profile is active: "loc"
[] [2025-01-26 22:44:40.303] [INFO ] [o.s.d.r.c.RepositoryConfigurationDelegate|multipleStoresDetected|295] - Multiple Spring Data modules found, entering strict repository configuration mode
[] [2025-01-26 22:44:40.303] [INFO ] [o.s.d.r.c.RepositoryConfigurationDelegate|registerRepositoriesIn|143] - Bootstrapping Spring Data Redis repositories in DEFAULT mode.
[] [2025-01-26 22:44:40.476] [INFO ] [o.s.d.r.c.RepositoryConfigurationDelegate|registerRepositoriesIn|211] - Finished Spring Data repository scanning in 159 ms. Found 0 Redis repository interfaces.
[] [2025-01-26 22:44:40.775] [INFO ] [o.s.b.w.e.tomcat.TomcatWebServer|initialize|111] - Tomcat initialized with port 8081 (http)
[] [2025-01-26 22:44:40.837] [INFO ] [o.s.b.w.s.c.ServletWebServerApplicationContext|prepareWebApplicationContext|296] - Root WebApplicationContext: initialization completed in 1078 ms
[] [2025-01-26 22:44:40.978] [INFO ] [o.s.v.b.OptionalValidatorFactoryBean|afterPropertiesSet|48] - Failed to set up a Bean Validation provider: jakarta.validation.NoProviderFoundException: Unable to create a Configuration, because no Jakarta Bean Validation provider could be found. Add a provider like Hibernate Validator (RI) to your classpath.
[] [2025-01-26 22:44:41.614] [INFO ] [o.s.b.w.e.tomcat.TomcatWebServer|start|243] - Tomcat started on port 8081 (http) with context path '/'
[] [2025-01-26 22:44:41.614] [INFO ] [com.SaTokenAuthApp|logStarted|59] - Started SaTokenAuthApp in 2.208 seconds (process running for 3.575)
[] [2025-01-26 22:44:47.952] [INFO ] [com.SaTokenDemoApp|logStarting|53] - Starting SaTokenDemoApp using Java 17.0.11 with PID 3828 (C:\Dev\projects\jee\sa-token-examples\sa-token-demo\target\classes started by zhuojun.feng in C:\Dev\projects\jee\sa-token-examples)
[] [2025-01-26 22:44:47.965] [INFO ] [com.SaTokenDemoApp|logStartupProfileInfo|658] - The following 1 profile is active: "loc"
[] [2025-01-26 22:44:48.632] [INFO ] [o.s.d.r.c.RepositoryConfigurationDelegate|multipleStoresDetected|295] - Multiple Spring Data modules found, entering strict repository configuration mode
[] [2025-01-26 22:44:48.632] [INFO ] [o.s.d.r.c.RepositoryConfigurationDelegate|registerRepositoriesIn|143] - Bootstrapping Spring Data Redis repositories in DEFAULT mode.
[] [2025-01-26 22:44:48.807] [INFO ] [o.s.d.r.c.RepositoryConfigurationDelegate|registerRepositoriesIn|211] - Finished Spring Data repository scanning in 167 ms. Found 0 Redis repository interfaces.
[] [2025-01-26 22:44:49.170] [INFO ] [o.s.b.w.e.tomcat.TomcatWebServer|initialize|111] - Tomcat initialized with port 8082 (http)
[] [2025-01-26 22:44:49.233] [INFO ] [o.s.b.w.s.c.ServletWebServerApplicationContext|prepareWebApplicationContext|296] - Root WebApplicationContext: initialization completed in 1237 ms
[] [2025-01-26 22:44:49.377] [INFO ] [o.s.v.b.OptionalValidatorFactoryBean|afterPropertiesSet|48] - Failed to set up a Bean Validation provider: jakarta.validation.NoProviderFoundException: Unable to create a Configuration, because no Jakarta Bean Validation provider could be found. Add a provider like Hibernate Validator (RI) to your classpath.
[] [2025-01-26 22:44:50.080] [INFO ] [o.s.b.w.e.tomcat.TomcatWebServer|start|243] - Tomcat started on port 8082 (http) with context path '/'
[] [2025-01-26 22:44:50.080] [INFO ] [com.SaTokenDemoApp|logStarted|59] - Started SaTokenDemoApp in 2.519 seconds (process running for 4.084)
[] [2025-01-26 22:45:20.462] [INFO ] [o.s.web.servlet.DispatcherServlet|initServletBean|532] - Initializing Servlet 'dispatcherServlet'
[] [2025-01-26 22:45:20.463] [DEBUG] [o.s.web.servlet.DispatcherServlet|initMultipartResolver|532] - Detected StandardServletMultipartResolver
[] [2025-01-26 22:45:20.463] [DEBUG] [o.s.web.servlet.DispatcherServlet|initLocaleResolver|556] - Detected AcceptHeaderLocaleResolver
[] [2025-01-26 22:45:20.463] [DEBUG] [o.s.web.servlet.DispatcherServlet|initThemeResolver|582] - Detected FixedThemeResolver
[] [2025-01-26 22:45:20.464] [DEBUG] [o.s.web.servlet.DispatcherServlet|initRequestToViewNameTranslator|732] - Detected org.springframework.web.servlet.view.DefaultRequestToViewNameTranslator@270b3032
[] [2025-01-26 22:45:20.465] [DEBUG] [o.s.web.servlet.DispatcherServlet|initFlashMapManager|796] - Detected org.springframework.web.servlet.support.SessionFlashMapManager@3a19b908
[] [2025-01-26 22:45:20.466] [DEBUG] [o.s.web.servlet.DispatcherServlet|initServletBean|549] - enableLoggingRequestDetails='false': request parameters and headers will be masked to prevent unsafe logging of potentially sensitive data
[] [2025-01-26 22:45:20.468] [INFO ] [o.s.web.servlet.DispatcherServlet|initServletBean|554] - Completed initialization in 6 ms
[] [2025-01-26 22:45:20.474] [DEBUG] [o.s.web.servlet.DispatcherServlet|traceDebug|120] - POST "/auth/doLogin", parameters={}
[] [2025-01-26 22:45:21.240] [DEBUG] [o.s.web.servlet.DispatcherServlet|logResult|1138] - Completed 200 OK
[] [2025-01-26 22:46:03.903] [INFO ] [o.s.web.servlet.DispatcherServlet|initServletBean|532] - Initializing Servlet 'dispatcherServlet'
[] [2025-01-26 22:46:03.904] [DEBUG] [o.s.web.servlet.DispatcherServlet|initMultipartResolver|532] - Detected StandardServletMultipartResolver
[] [2025-01-26 22:46:03.905] [DEBUG] [o.s.web.servlet.DispatcherServlet|initLocaleResolver|556] - Detected AcceptHeaderLocaleResolver
[] [2025-01-26 22:46:03.906] [DEBUG] [o.s.web.servlet.DispatcherServlet|initThemeResolver|582] - Detected FixedThemeResolver
[] [2025-01-26 22:46:03.907] [DEBUG] [o.s.web.servlet.DispatcherServlet|initRequestToViewNameTranslator|732] - Detected org.springframework.web.servlet.view.DefaultRequestToViewNameTranslator@6a313232
[] [2025-01-26 22:46:03.908] [DEBUG] [o.s.web.servlet.DispatcherServlet|initFlashMapManager|796] - Detected org.springframework.web.servlet.support.SessionFlashMapManager@17e0e47a
[] [2025-01-26 22:46:03.909] [DEBUG] [o.s.web.servlet.DispatcherServlet|initServletBean|549] - enableLoggingRequestDetails='false': request parameters and headers will be masked to prevent unsafe logging of potentially sensitive data
[] [2025-01-26 22:46:03.909] [INFO ] [o.s.web.servlet.DispatcherServlet|initServletBean|554] - Completed initialization in 5 ms
[] [2025-01-26 22:46:03.919] [DEBUG] [o.s.web.servlet.DispatcherServlet|traceDebug|120] - POST "/api/v3_1/customtbdemo/getList", parameters={}
[] [2025-01-26 22:46:04.233] [DEBUG] [o.s.web.servlet.DispatcherServlet|logResult|1138] - Completed 200 OK
[] [2025-01-26 22:52:05.269] [INFO ] [o.s.b.w.e.tomcat.GracefulShutdown|shutDownGracefully|54] - Commencing graceful shutdown. Waiting for active requests to complete
[] [2025-01-26 22:52:05.305] [INFO ] [o.s.b.w.e.tomcat.GracefulShutdown|shutDownGracefully|54] - Commencing graceful shutdown. Waiting for active requests to complete
[] [2025-01-26 22:52:05.662] [INFO ] [o.s.b.w.e.tomcat.GracefulShutdown|doShutdown|76] - Graceful shutdown complete
[] [2025-01-26 22:52:05.686] [INFO ] [o.s.b.w.e.tomcat.GracefulShutdown|doShutdown|76] - Graceful shutdown complete
[] [2025-01-26 22:57:25.653] [INFO ] [com.SaTokenDemoApp|logStarting|53] - Starting SaTokenDemoApp using Java 17.0.11 with PID 24760 (C:\Dev\projects\jee\sa-token-examples\sa-token-demo\target\classes started by zhuojun.feng in C:\Dev\projects\jee\sa-token-examples)
[] [2025-01-26 22:57:25.673] [INFO ] [com.SaTokenDemoApp|logStartupProfileInfo|658] - The following 1 profile is active: "loc"
[] [2025-01-26 22:57:26.264] [INFO ] [o.s.d.r.c.RepositoryConfigurationDelegate|multipleStoresDetected|295] - Multiple Spring Data modules found, entering strict repository configuration mode
[] [2025-01-26 22:57:26.267] [INFO ] [o.s.d.r.c.RepositoryConfigurationDelegate|registerRepositoriesIn|143] - Bootstrapping Spring Data Redis repositories in DEFAULT mode.
[] [2025-01-26 22:57:26.408] [INFO ] [o.s.d.r.c.RepositoryConfigurationDelegate|registerRepositoriesIn|211] - Finished Spring Data repository scanning in 131 ms. Found 0 Redis repository interfaces.
[] [2025-01-26 22:57:26.701] [INFO ] [o.s.b.w.e.tomcat.TomcatWebServer|initialize|111] - Tomcat initialized with port 8082 (http)
[] [2025-01-26 22:57:26.762] [INFO ] [o.s.b.w.s.c.ServletWebServerApplicationContext|prepareWebApplicationContext|296] - Root WebApplicationContext: initialization completed in 1062 ms
[] [2025-01-26 22:57:26.863] [INFO ] [o.s.v.b.OptionalValidatorFactoryBean|afterPropertiesSet|48] - Failed to set up a Bean Validation provider: jakarta.validation.NoProviderFoundException: Unable to create a Configuration, because no Jakarta Bean Validation provider could be found. Add a provider like Hibernate Validator (RI) to your classpath.
[] [2025-01-26 22:57:27.470] [INFO ] [o.s.b.w.e.tomcat.TomcatWebServer|start|243] - Tomcat started on port 8082 (http) with context path '/'
[] [2025-01-26 22:57:27.478] [INFO ] [com.SaTokenDemoApp|logStarted|59] - Started SaTokenDemoApp in 2.205 seconds (process running for 3.411)
[] [2025-01-26 22:57:42.935] [INFO ] [com.SaTokenAuthApp|logStarting|53] - Starting SaTokenAuthApp using Java 17.0.11 with PID 24700 (C:\Dev\projects\jee\sa-token-examples\sa-token-auth\target\classes started by zhuojun.feng in C:\Dev\projects\jee\sa-token-examples)
[] [2025-01-26 22:57:42.945] [INFO ] [com.SaTokenAuthApp|logStartupProfileInfo|658] - The following 1 profile is active: "loc"
[] [2025-01-26 22:57:43.516] [INFO ] [o.s.d.r.c.RepositoryConfigurationDelegate|multipleStoresDetected|295] - Multiple Spring Data modules found, entering strict repository configuration mode
[] [2025-01-26 22:57:43.519] [INFO ] [o.s.d.r.c.RepositoryConfigurationDelegate|registerRepositoriesIn|143] - Bootstrapping Spring Data Redis repositories in DEFAULT mode.
[] [2025-01-26 22:57:43.672] [INFO ] [o.s.d.r.c.RepositoryConfigurationDelegate|registerRepositoriesIn|211] - Finished Spring Data repository scanning in 142 ms. Found 0 Redis repository interfaces.
[] [2025-01-26 22:57:43.962] [INFO ] [o.s.b.w.e.tomcat.TomcatWebServer|initialize|111] - Tomcat initialized with port 8081 (http)
[] [2025-01-26 22:57:44.023] [INFO ] [o.s.b.w.s.c.ServletWebServerApplicationContext|prepareWebApplicationContext|296] - Root WebApplicationContext: initialization completed in 1056 ms
[] [2025-01-26 22:57:44.129] [INFO ] [o.s.v.b.OptionalValidatorFactoryBean|afterPropertiesSet|48] - Failed to set up a Bean Validation provider: jakarta.validation.NoProviderFoundException: Unable to create a Configuration, because no Jakarta Bean Validation provider could be found. Add a provider like Hibernate Validator (RI) to your classpath.
[] [2025-01-26 22:57:44.761] [INFO ] [o.s.b.w.e.tomcat.TomcatWebServer|start|243] - Tomcat started on port 8081 (http) with context path '/'
[] [2025-01-26 22:57:44.769] [INFO ] [com.SaTokenAuthApp|logStarted|59] - Started SaTokenAuthApp in 2.198 seconds (process running for 3.503)
[] [2025-01-26 22:57:52.490] [INFO ] [o.s.web.servlet.DispatcherServlet|initServletBean|532] - Initializing Servlet 'dispatcherServlet'
[] [2025-01-26 22:57:52.490] [DEBUG] [o.s.web.servlet.DispatcherServlet|initMultipartResolver|532] - Detected StandardServletMultipartResolver
[] [2025-01-26 22:57:52.490] [DEBUG] [o.s.web.servlet.DispatcherServlet|initLocaleResolver|556] - Detected AcceptHeaderLocaleResolver
[] [2025-01-26 22:57:52.490] [DEBUG] [o.s.web.servlet.DispatcherServlet|initThemeResolver|582] - Detected FixedThemeResolver
[] [2025-01-26 22:57:52.491] [DEBUG] [o.s.web.servlet.DispatcherServlet|initRequestToViewNameTranslator|732] - Detected org.springframework.web.servlet.view.DefaultRequestToViewNameTranslator@5c6d9d39
[] [2025-01-26 22:57:52.492] [DEBUG] [o.s.web.servlet.DispatcherServlet|initFlashMapManager|796] - Detected org.springframework.web.servlet.support.SessionFlashMapManager@3f460e5f
[] [2025-01-26 22:57:52.493] [DEBUG] [o.s.web.servlet.DispatcherServlet|initServletBean|549] - enableLoggingRequestDetails='false': request parameters and headers will be masked to prevent unsafe logging of potentially sensitive data
[] [2025-01-26 22:57:52.493] [INFO ] [o.s.web.servlet.DispatcherServlet|initServletBean|554] - Completed initialization in 3 ms
[] [2025-01-26 22:57:52.503] [DEBUG] [o.s.web.servlet.DispatcherServlet|traceDebug|120] - POST "/api/v3_1/customtbdemo/getList", parameters={}
[] [2025-01-26 22:57:52.655] [DEBUG] [o.s.web.servlet.DispatcherServlet|logResult|1138] - Completed 200 OK
[] [2025-01-26 22:57:59.275] [DEBUG] [o.s.web.servlet.DispatcherServlet|traceDebug|120] - POST "/api/v3_1/customtbdemo/getList", parameters={}
[] [2025-01-26 22:57:59.279] [DEBUG] [o.s.web.servlet.DispatcherServlet|logResult|1138] - Completed 200 OK
[] [2025-01-26 22:58:03.989] [INFO ] [o.s.web.servlet.DispatcherServlet|initServletBean|532] - Initializing Servlet 'dispatcherServlet'
[] [2025-01-26 22:58:03.989] [DEBUG] [o.s.web.servlet.DispatcherServlet|initMultipartResolver|532] - Detected StandardServletMultipartResolver
[] [2025-01-26 22:58:03.989] [DEBUG] [o.s.web.servlet.DispatcherServlet|initLocaleResolver|556] - Detected AcceptHeaderLocaleResolver
[] [2025-01-26 22:58:03.989] [DEBUG] [o.s.web.servlet.DispatcherServlet|initThemeResolver|582] - Detected FixedThemeResolver
[] [2025-01-26 22:58:03.990] [DEBUG] [o.s.web.servlet.DispatcherServlet|initRequestToViewNameTranslator|732] - Detected org.springframework.web.servlet.view.DefaultRequestToViewNameTranslator@50c3adcf
[] [2025-01-26 22:58:03.991] [DEBUG] [o.s.web.servlet.DispatcherServlet|initFlashMapManager|796] - Detected org.springframework.web.servlet.support.SessionFlashMapManager@730bb60c
[] [2025-01-26 22:58:03.994] [DEBUG] [o.s.web.servlet.DispatcherServlet|initServletBean|549] - enableLoggingRequestDetails='false': request parameters and headers will be masked to prevent unsafe logging of potentially sensitive data
[] [2025-01-26 22:58:03.994] [INFO ] [o.s.web.servlet.DispatcherServlet|initServletBean|554] - Completed initialization in 5 ms
[] [2025-01-26 22:58:04.001] [DEBUG] [o.s.web.servlet.DispatcherServlet|traceDebug|120] - POST "/auth/doLogin", parameters={}
[] [2025-01-26 22:58:04.628] [DEBUG] [o.s.web.servlet.DispatcherServlet|logResult|1138] - Completed 200 OK
[] [2025-01-26 22:58:13.653] [DEBUG] [o.s.web.servlet.DispatcherServlet|traceDebug|120] - POST "/auth/doLogin", parameters={}
[] [2025-01-26 22:58:13.683] [DEBUG] [o.s.web.servlet.DispatcherServlet|logResult|1138] - Completed 200 OK
[] [2025-01-26 22:58:32.919] [DEBUG] [o.s.web.servlet.DispatcherServlet|traceDebug|120] - POST "/api/v3_1/customtbdemo/getList", parameters={}
[] [2025-01-26 22:58:32.922] [DEBUG] [o.s.web.servlet.DispatcherServlet|logResult|1138] - Completed 200 OK
[] [2025-01-26 23:00:30.029] [DEBUG] [o.s.web.servlet.DispatcherServlet|traceDebug|120] - POST "/api/v3_1/customtbdemo/getList", parameters={}
[] [2025-01-26 23:00:30.038] [DEBUG] [o.s.web.servlet.DispatcherServlet|logResult|1138] - Completed 200 OK
[] [2025-01-26 23:00:34.266] [DEBUG] [o.s.web.servlet.DispatcherServlet|traceDebug|120] - POST "/api/v3_1/customtbdemo/getList", parameters={}
[] [2025-01-26 23:00:34.269] [DEBUG] [o.s.web.servlet.DispatcherServlet|logResult|1138] - Completed 200 OK
[] [2025-01-26 23:00:41.391] [DEBUG] [o.s.web.servlet.DispatcherServlet|traceDebug|120] - POST "/api/v3_1/customtbdemo/getList", parameters={}
[] [2025-01-26 23:00:41.400] [DEBUG] [o.s.web.servlet.DispatcherServlet|logResult|1138] - Completed 200 OK
[] [2025-01-26 23:00:43.629] [DEBUG] [o.s.web.servlet.DispatcherServlet|traceDebug|120] - POST "/api/v3_1/customtbdemo/getList", parameters={}
[] [2025-01-26 23:00:43.638] [DEBUG] [o.s.web.servlet.DispatcherServlet|logResult|1138] - Completed 200 OK
[] [2025-01-26 23:00:45.271] [DEBUG] [o.s.web.servlet.DispatcherServlet|traceDebug|120] - POST "/api/v3_1/customtbdemo/getList", parameters={}
[] [2025-01-26 23:00:45.274] [DEBUG] [o.s.web.servlet.DispatcherServlet|logResult|1138] - Completed 200 OK
[] [2025-01-26 23:01:15.664] [DEBUG] [o.s.web.servlet.DispatcherServlet|traceDebug|120] - POST "/api/v3_1/customtbdemo/getList", parameters={}
[] [2025-01-26 23:01:15.668] [DEBUG] [o.s.web.servlet.DispatcherServlet|logResult|1138] - Completed 200 OK
[] [2025-01-26 23:01:23.806] [DEBUG] [o.s.web.servlet.DispatcherServlet|traceDebug|120] - POST "/api/v3_1/customtbdemo/getList", parameters={}
[] [2025-01-26 23:01:23.809] [DEBUG] [o.s.web.servlet.DispatcherServlet|logResult|1138] - Completed 200 OK
[] [2025-01-26 23:08:15.657] [DEBUG] [o.s.web.servlet.DispatcherServlet|traceDebug|120] - POST "/api/v3_1/customtbdemo/getList", parameters={}
[] [2025-01-26 23:08:15.657] [DEBUG] [o.s.web.servlet.DispatcherServlet|logResult|1138] - Completed 200 OK
[] [2025-01-26 23:08:27.365] [DEBUG] [o.s.web.servlet.DispatcherServlet|traceDebug|120] - POST "/api/v3_1/customtbdemo/getList", parameters={}
[] [2025-01-26 23:08:27.367] [DEBUG] [o.s.web.servlet.DispatcherServlet|logResult|1138] - Completed 200 OK
[] [2025-01-26 23:09:56.005] [DEBUG] [o.s.web.servlet.DispatcherServlet|traceDebug|120] - POST "/api/v3_1/customtbdemo/getList", parameters={}
[] [2025-01-26 23:09:56.013] [DEBUG] [o.s.web.servlet.DispatcherServlet|logResult|1138] - Completed 200 OK
[] [2025-01-26 23:16:57.876] [DEBUG] [o.s.web.servlet.DispatcherServlet|traceDebug|120] - POST "/api/v3_1/customtbdemo/getList", parameters={}
[] [2025-01-26 23:16:57.879] [DEBUG] [o.s.web.servlet.DispatcherServlet|logResult|1138] - Completed 200 OK
[] [2025-01-26 23:26:07.724] [INFO ] [o.s.b.w.e.tomcat.GracefulShutdown|shutDownGracefully|54] - Commencing graceful shutdown. Waiting for active requests to complete
[] [2025-01-26 23:26:07.751] [INFO ] [o.s.b.w.e.tomcat.GracefulShutdown|shutDownGracefully|54] - Commencing graceful shutdown. Waiting for active requests to complete
[] [2025-01-26 23:26:08.123] [INFO ] [o.s.b.w.e.tomcat.GracefulShutdown|doShutdown|76] - Graceful shutdown complete
[] [2025-01-26 23:26:08.192] [INFO ] [o.s.b.w.e.tomcat.GracefulShutdown|doShutdown|76] - Graceful shutdown complete
[] [2025-01-26 23:29:19.546] [INFO ] [com.SaTokenAuthApp|logStarting|53] - Starting SaTokenAuthApp using Java 17.0.11 with PID 21272 (C:\Dev\projects\jee\sa-token-examples\sa-token-auth\target\classes started by zhuojun.feng in C:\Dev\projects\jee\sa-token-examples)
[] [2025-01-26 23:29:19.558] [INFO ] [com.SaTokenAuthApp|logStartupProfileInfo|658] - The following 1 profile is active: "loc"
[] [2025-01-26 23:29:20.129] [INFO ] [o.s.d.r.c.RepositoryConfigurationDelegate|multipleStoresDetected|295] - Multiple Spring Data modules found, entering strict repository configuration mode
[] [2025-01-26 23:29:20.132] [INFO ] [o.s.d.r.c.RepositoryConfigurationDelegate|registerRepositoriesIn|143] - Bootstrapping Spring Data Redis repositories in DEFAULT mode.
[] [2025-01-26 23:29:20.284] [INFO ] [o.s.d.r.c.RepositoryConfigurationDelegate|registerRepositoriesIn|211] - Finished Spring Data repository scanning in 141 ms. Found 0 Redis repository interfaces.
[] [2025-01-26 23:29:20.583] [INFO ] [o.s.b.w.e.tomcat.TomcatWebServer|initialize|111] - Tomcat initialized with port 8081 (http)
[] [2025-01-26 23:29:20.638] [INFO ] [o.s.b.w.s.c.ServletWebServerApplicationContext|prepareWebApplicationContext|296] - Root WebApplicationContext: initialization completed in 1057 ms
[] [2025-01-26 23:29:20.740] [INFO ] [o.s.v.b.OptionalValidatorFactoryBean|afterPropertiesSet|48] - Failed to set up a Bean Validation provider: jakarta.validation.NoProviderFoundException: Unable to create a Configuration, because no Jakarta Bean Validation provider could be found. Add a provider like Hibernate Validator (RI) to your classpath.
[] [2025-01-26 23:29:21.334] [INFO ] [o.s.b.w.e.tomcat.TomcatWebServer|start|243] - Tomcat started on port 8081 (http) with context path '/'
[] [2025-01-26 23:29:21.341] [INFO ] [com.SaTokenAuthApp|logStarted|59] - Started SaTokenAuthApp in 2.104 seconds (process running for 3.384)
[] [2025-01-26 23:29:30.199] [INFO ] [com.SaTokenDemoApp|logStarting|53] - Starting SaTokenDemoApp using Java 17.0.11 with PID 19788 (C:\Dev\projects\jee\sa-token-examples\sa-token-demo\target\classes started by zhuojun.feng in C:\Dev\projects\jee\sa-token-examples)
[] [2025-01-26 23:29:30.211] [INFO ] [com.SaTokenDemoApp|logStartupProfileInfo|658] - The following 1 profile is active: "loc"
[] [2025-01-26 23:29:30.894] [INFO ] [o.s.d.r.c.RepositoryConfigurationDelegate|multipleStoresDetected|295] - Multiple Spring Data modules found, entering strict repository configuration mode
[] [2025-01-26 23:29:30.897] [INFO ] [o.s.d.r.c.RepositoryConfigurationDelegate|registerRepositoriesIn|143] - Bootstrapping Spring Data Redis repositories in DEFAULT mode.
[] [2025-01-26 23:29:31.043] [INFO ] [o.s.d.r.c.RepositoryConfigurationDelegate|registerRepositoriesIn|211] - Finished Spring Data repository scanning in 130 ms. Found 0 Redis repository interfaces.
[] [2025-01-26 23:29:31.330] [INFO ] [o.s.b.w.e.tomcat.TomcatWebServer|initialize|111] - Tomcat initialized with port 8082 (http)
[] [2025-01-26 23:29:31.386] [INFO ] [o.s.b.w.s.c.ServletWebServerApplicationContext|prepareWebApplicationContext|296] - Root WebApplicationContext: initialization completed in 1144 ms
[] [2025-01-26 23:29:31.525] [INFO ] [o.s.v.b.OptionalValidatorFactoryBean|afterPropertiesSet|48] - Failed to set up a Bean Validation provider: jakarta.validation.NoProviderFoundException: Unable to create a Configuration, because no Jakarta Bean Validation provider could be found. Add a provider like Hibernate Validator (RI) to your classpath.
[] [2025-01-26 23:29:32.151] [INFO ] [o.s.b.w.e.tomcat.TomcatWebServer|start|243] - Tomcat started on port 8082 (http) with context path '/'
[] [2025-01-26 23:29:32.159] [INFO ] [com.SaTokenDemoApp|logStarted|59] - Started SaTokenDemoApp in 2.282 seconds (process running for 3.402)
[] [2025-01-26 23:29:55.306] [INFO ] [o.s.web.servlet.DispatcherServlet|initServletBean|532] - Initializing Servlet 'dispatcherServlet'
[] [2025-01-26 23:29:55.307] [DEBUG] [o.s.web.servlet.DispatcherServlet|initMultipartResolver|532] - Detected StandardServletMultipartResolver
[] [2025-01-26 23:29:55.307] [DEBUG] [o.s.web.servlet.DispatcherServlet|initLocaleResolver|556] - Detected AcceptHeaderLocaleResolver
[] [2025-01-26 23:29:55.307] [DEBUG] [o.s.web.servlet.DispatcherServlet|initThemeResolver|582] - Detected FixedThemeResolver
[] [2025-01-26 23:29:55.307] [DEBUG] [o.s.web.servlet.DispatcherServlet|initRequestToViewNameTranslator|732] - Detected org.springframework.web.servlet.view.DefaultRequestToViewNameTranslator@52dcda4a
[] [2025-01-26 23:29:55.308] [DEBUG] [o.s.web.servlet.DispatcherServlet|initFlashMapManager|796] - Detected org.springframework.web.servlet.support.SessionFlashMapManager@ce00d21
[] [2025-01-26 23:29:55.309] [DEBUG] [o.s.web.servlet.DispatcherServlet|initServletBean|549] - enableLoggingRequestDetails='false': request parameters and headers will be masked to prevent unsafe logging of potentially sensitive data
[] [2025-01-26 23:29:55.309] [INFO ] [o.s.web.servlet.DispatcherServlet|initServletBean|554] - Completed initialization in 2 ms
[] [2025-01-26 23:29:55.315] [DEBUG] [o.s.web.servlet.DispatcherServlet|traceDebug|120] - POST "/auth/doLogin", parameters={}
[] [2025-01-26 23:29:55.714] [DEBUG] [o.s.web.servlet.DispatcherServlet|logResult|1138] - Completed 200 OK
[] [2025-01-26 23:30:02.980] [INFO ] [o.s.web.servlet.DispatcherServlet|initServletBean|532] - Initializing Servlet 'dispatcherServlet'
[] [2025-01-26 23:30:02.981] [DEBUG] [o.s.web.servlet.DispatcherServlet|initMultipartResolver|532] - Detected StandardServletMultipartResolver
[] [2025-01-26 23:30:02.981] [DEBUG] [o.s.web.servlet.DispatcherServlet|initLocaleResolver|556] - Detected AcceptHeaderLocaleResolver
[] [2025-01-26 23:30:02.981] [DEBUG] [o.s.web.servlet.DispatcherServlet|initThemeResolver|582] - Detected FixedThemeResolver
[] [2025-01-26 23:30:02.982] [DEBUG] [o.s.web.servlet.DispatcherServlet|initRequestToViewNameTranslator|732] - Detected org.springframework.web.servlet.view.DefaultRequestToViewNameTranslator@5cc2ee25
[] [2025-01-26 23:30:02.982] [DEBUG] [o.s.web.servlet.DispatcherServlet|initFlashMapManager|796] - Detected org.springframework.web.servlet.support.SessionFlashMapManager@2d345f3b
[] [2025-01-26 23:30:02.982] [DEBUG] [o.s.web.servlet.DispatcherServlet|initServletBean|549] - enableLoggingRequestDetails='false': request parameters and headers will be masked to prevent unsafe logging of potentially sensitive data
[] [2025-01-26 23:30:02.982] [INFO ] [o.s.web.servlet.DispatcherServlet|initServletBean|554] - Completed initialization in 1 ms
[] [2025-01-26 23:30:17.564] [DEBUG] [o.s.web.servlet.DispatcherServlet|traceDebug|120] - POST "/auth/doLogin", parameters={}
[] [2025-01-26 23:30:17.598] [DEBUG] [o.s.web.servlet.DispatcherServlet|logResult|1138] - Completed 200 OK
[] [2025-01-26 23:30:45.616] [DEBUG] [o.s.web.servlet.DispatcherServlet|traceDebug|120] - POST "/auth/doLogin", parameters={}
[] [2025-01-26 23:30:45.645] [DEBUG] [o.s.web.servlet.DispatcherServlet|logResult|1138] - Completed 200 OK
[] [2025-01-26 23:33:27.842] [INFO ] [o.s.b.w.e.tomcat.GracefulShutdown|shutDownGracefully|54] - Commencing graceful shutdown. Waiting for active requests to complete
[] [2025-01-26 23:33:27.876] [INFO ] [o.s.b.w.e.tomcat.GracefulShutdown|shutDownGracefully|54] - Commencing graceful shutdown. Waiting for active requests to complete
[] [2025-01-26 23:33:28.318] [INFO ] [o.s.b.w.e.tomcat.GracefulShutdown|doShutdown|76] - Graceful shutdown complete
[] [2025-01-26 23:33:28.356] [INFO ] [o.s.b.w.e.tomcat.GracefulShutdown|doShutdown|76] - Graceful shutdown complete
[] [2025-01-26 23:36:14.278] [INFO ] [com.SaTokenDemoApp|logStarting|53] - Starting SaTokenDemoApp using Java 17.0.11 with PID 16724 (C:\Dev\projects\jee\sa-token-examples\sa-token-demo\target\classes started by zhuojun.feng in C:\Dev\projects\jee\sa-token-examples)
[] [2025-01-26 23:36:14.298] [INFO ] [com.SaTokenDemoApp|logStartupProfileInfo|658] - The following 1 profile is active: "loc"
[] [2025-01-26 23:36:14.916] [INFO ] [o.s.d.r.c.RepositoryConfigurationDelegate|multipleStoresDetected|295] - Multiple Spring Data modules found, entering strict repository configuration mode
[] [2025-01-26 23:36:14.919] [INFO ] [o.s.d.r.c.RepositoryConfigurationDelegate|registerRepositoriesIn|143] - Bootstrapping Spring Data Redis repositories in DEFAULT mode.
[] [2025-01-26 23:36:15.069] [INFO ] [o.s.d.r.c.RepositoryConfigurationDelegate|registerRepositoriesIn|211] - Finished Spring Data repository scanning in 138 ms. Found 0 Redis repository interfaces.
[] [2025-01-26 23:36:15.368] [INFO ] [o.s.b.w.e.tomcat.TomcatWebServer|initialize|111] - Tomcat initialized with port 8082 (http)
[] [2025-01-26 23:36:15.423] [INFO ] [o.s.b.w.s.c.ServletWebServerApplicationContext|prepareWebApplicationContext|296] - Root WebApplicationContext: initialization completed in 1102 ms
[] [2025-01-26 23:36:15.565] [INFO ] [o.s.v.b.OptionalValidatorFactoryBean|afterPropertiesSet|48] - Failed to set up a Bean Validation provider: jakarta.validation.NoProviderFoundException: Unable to create a Configuration, because no Jakarta Bean Validation provider could be found. Add a provider like Hibernate Validator (RI) to your classpath.
[] [2025-01-26 23:36:16.188] [INFO ] [o.s.b.w.e.tomcat.TomcatWebServer|start|243] - Tomcat started on port 8082 (http) with context path '/'
[] [2025-01-26 23:36:16.195] [INFO ] [com.SaTokenDemoApp|logStarted|59] - Started SaTokenDemoApp in 2.265 seconds (process running for 3.573)
[] [2025-01-26 23:36:36.668] [INFO ] [o.s.b.w.e.tomcat.GracefulShutdown|shutDownGracefully|54] - Commencing graceful shutdown. Waiting for active requests to complete
[] [2025-01-26 23:36:36.949] [INFO ] [o.s.b.w.e.tomcat.GracefulShutdown|doShutdown|76] - Graceful shutdown complete
[] [2025-01-26 23:36:56.979] [INFO ] [com.SaTokenAuthApp|logStarting|53] - Starting SaTokenAuthApp using Java 17.0.11 with PID 19276 (C:\Dev\projects\jee\sa-token-examples\sa-token-auth\target\classes started by zhuojun.feng in C:\Dev\projects\jee\sa-token-examples)
[] [2025-01-26 23:36:56.990] [INFO ] [com.SaTokenAuthApp|logStartupProfileInfo|658] - The following 1 profile is active: "loc"
[] [2025-01-26 23:36:57.651] [INFO ] [o.s.d.r.c.RepositoryConfigurationDelegate|multipleStoresDetected|295] - Multiple Spring Data modules found, entering strict repository configuration mode
[] [2025-01-26 23:36:57.654] [INFO ] [o.s.d.r.c.RepositoryConfigurationDelegate|registerRepositoriesIn|143] - Bootstrapping Spring Data Redis repositories in DEFAULT mode.
[] [2025-01-26 23:36:57.796] [INFO ] [o.s.d.r.c.RepositoryConfigurationDelegate|registerRepositoriesIn|211] - Finished Spring Data repository scanning in 126 ms. Found 0 Redis repository interfaces.
[] [2025-01-26 23:36:58.092] [INFO ] [o.s.b.w.e.tomcat.TomcatWebServer|initialize|111] - Tomcat initialized with port 8081 (http)
[] [2025-01-26 23:36:58.151] [INFO ] [o.s.b.w.s.c.ServletWebServerApplicationContext|prepareWebApplicationContext|296] - Root WebApplicationContext: initialization completed in 1138 ms
[] [2025-01-26 23:36:58.262] [INFO ] [o.s.v.b.OptionalValidatorFactoryBean|afterPropertiesSet|48] - Failed to set up a Bean Validation provider: jakarta.validation.NoProviderFoundException: Unable to create a Configuration, because no Jakarta Bean Validation provider could be found. Add a provider like Hibernate Validator (RI) to your classpath.
[] [2025-01-26 23:36:58.932] [INFO ] [o.s.b.w.e.tomcat.TomcatWebServer|start|243] - Tomcat started on port 8081 (http) with context path '/'
[] [2025-01-26 23:36:58.940] [INFO ] [com.SaTokenAuthApp|logStarted|59] - Started SaTokenAuthApp in 2.471 seconds (process running for 3.638)
[] [2025-01-26 23:37:11.121] [INFO ] [com.SaTokenDemoApp|logStarting|53] - Starting SaTokenDemoApp using Java 17.0.11 with PID 3332 (C:\Dev\projects\jee\sa-token-examples\sa-token-demo\target\classes started by zhuojun.feng in C:\Dev\projects\jee\sa-token-examples)
[] [2025-01-26 23:37:11.138] [INFO ] [com.SaTokenDemoApp|logStartupProfileInfo|658] - The following 1 profile is active: "loc"
[] [2025-01-26 23:37:11.973] [INFO ] [o.s.d.r.c.RepositoryConfigurationDelegate|multipleStoresDetected|295] - Multiple Spring Data modules found, entering strict repository configuration mode
[] [2025-01-26 23:37:11.975] [INFO ] [o.s.d.r.c.RepositoryConfigurationDelegate|registerRepositoriesIn|143] - Bootstrapping Spring Data Redis repositories in DEFAULT mode.
[] [2025-01-26 23:37:12.198] [INFO ] [o.s.d.r.c.RepositoryConfigurationDelegate|registerRepositoriesIn|211] - Finished Spring Data repository scanning in 212 ms. Found 0 Redis repository interfaces.
[] [2025-01-26 23:37:12.565] [INFO ] [o.s.b.w.e.tomcat.TomcatWebServer|initialize|111] - Tomcat initialized with port 8082 (http)
[] [2025-01-26 23:37:12.639] [INFO ] [o.s.b.w.s.c.ServletWebServerApplicationContext|prepareWebApplicationContext|296] - Root WebApplicationContext: initialization completed in 1466 ms
[] [2025-01-26 23:37:12.766] [INFO ] [o.s.v.b.OptionalValidatorFactoryBean|afterPropertiesSet|48] - Failed to set up a Bean Validation provider: jakarta.validation.NoProviderFoundException: Unable to create a Configuration, because no Jakarta Bean Validation provider could be found. Add a provider like Hibernate Validator (RI) to your classpath.
[] [2025-01-26 23:37:13.458] [INFO ] [o.s.b.w.e.tomcat.TomcatWebServer|start|243] - Tomcat started on port 8082 (http) with context path '/'
[] [2025-01-26 23:37:13.464] [INFO ] [com.SaTokenDemoApp|logStarted|59] - Started SaTokenDemoApp in 2.704 seconds (process running for 4.094)
[] [2025-01-26 23:37:23.110] [INFO ] [o.s.web.servlet.DispatcherServlet|initServletBean|532] - Initializing Servlet 'dispatcherServlet'
[] [2025-01-26 23:37:23.111] [DEBUG] [o.s.web.servlet.DispatcherServlet|initMultipartResolver|532] - Detected StandardServletMultipartResolver
[] [2025-01-26 23:37:23.111] [DEBUG] [o.s.web.servlet.DispatcherServlet|initLocaleResolver|556] - Detected AcceptHeaderLocaleResolver
[] [2025-01-26 23:37:23.111] [DEBUG] [o.s.web.servlet.DispatcherServlet|initThemeResolver|582] - Detected FixedThemeResolver
[] [2025-01-26 23:37:23.112] [DEBUG] [o.s.web.servlet.DispatcherServlet|initRequestToViewNameTranslator|732] - Detected org.springframework.web.servlet.view.DefaultRequestToViewNameTranslator@10096b90
[] [2025-01-26 23:37:23.112] [DEBUG] [o.s.web.servlet.DispatcherServlet|initFlashMapManager|796] - Detected org.springframework.web.servlet.support.SessionFlashMapManager@128a8eab
[] [2025-01-26 23:37:23.114] [DEBUG] [o.s.web.servlet.DispatcherServlet|initServletBean|549] - enableLoggingRequestDetails='false': request parameters and headers will be masked to prevent unsafe logging of potentially sensitive data
[] [2025-01-26 23:37:23.114] [INFO ] [o.s.web.servlet.DispatcherServlet|initServletBean|554] - Completed initialization in 3 ms
[] [2025-01-26 23:37:23.481] [DEBUG] [o.s.web.servlet.DispatcherServlet|traceDebug|120] - POST "/api/v3_1/customtbdemo/getList", parameters={}
[] [2025-01-26 23:37:23.577] [DEBUG] [o.s.web.servlet.DispatcherServlet|logResult|1138] - Completed 200 OK
[] [2025-01-26 23:37:29.971] [INFO ] [o.s.web.servlet.DispatcherServlet|initServletBean|532] - Initializing Servlet 'dispatcherServlet'
[] [2025-01-26 23:37:29.972] [DEBUG] [o.s.web.servlet.DispatcherServlet|initMultipartResolver|532] - Detected StandardServletMultipartResolver
[] [2025-01-26 23:37:29.973] [DEBUG] [o.s.web.servlet.DispatcherServlet|initLocaleResolver|556] - Detected AcceptHeaderLocaleResolver
[] [2025-01-26 23:37:29.973] [DEBUG] [o.s.web.servlet.DispatcherServlet|initThemeResolver|582] - Detected FixedThemeResolver
[] [2025-01-26 23:37:29.974] [DEBUG] [o.s.web.servlet.DispatcherServlet|initRequestToViewNameTranslator|732] - Detected org.springframework.web.servlet.view.DefaultRequestToViewNameTranslator@378bc67c
[] [2025-01-26 23:37:29.975] [DEBUG] [o.s.web.servlet.DispatcherServlet|initFlashMapManager|796] - Detected org.springframework.web.servlet.support.SessionFlashMapManager@3e9d5968
[] [2025-01-26 23:37:29.975] [DEBUG] [o.s.web.servlet.DispatcherServlet|initServletBean|549] - enableLoggingRequestDetails='false': request parameters and headers will be masked to prevent unsafe logging of potentially sensitive data
[] [2025-01-26 23:37:29.975] [INFO ] [o.s.web.servlet.DispatcherServlet|initServletBean|554] - Completed initialization in 3 ms
[] [2025-01-26 23:37:29.983] [DEBUG] [o.s.web.servlet.DispatcherServlet|traceDebug|120] - POST "/auth/doLogin", parameters={}
[] [2025-01-26 23:37:30.571] [DEBUG] [o.s.web.servlet.DispatcherServlet|logResult|1138] - Completed 200 OK
[] [2025-01-26 23:37:33.694] [DEBUG] [o.s.web.servlet.DispatcherServlet|traceDebug|120] - POST "/api/v3_1/customtbdemo/getList", parameters={}
[] [2025-01-26 23:37:33.697] [DEBUG] [o.s.web.servlet.DispatcherServlet|logResult|1138] - Completed 200 OK
[] [2025-01-26 23:37:44.958] [DEBUG] [o.s.web.servlet.DispatcherServlet|traceDebug|120] - POST "/api/v3_1/customtbdemo/getList", parameters={}
[] [2025-01-26 23:37:44.964] [DEBUG] [o.s.web.servlet.DispatcherServlet|logResult|1138] - Completed 200 OK
