[] [2025-01-26 20:01:00.126] [INFO ] [o.h.validator.internal.util.Version|<clinit>|21] - HV000001: Hibernate Validator 8.0.2.Final
[] [2025-01-26 20:01:00.148] [INFO ] [com.SaTokenGatewayApp|logStarting|53] - Starting SaTokenGatewayApp using Java 18.0.2 with PID 404 (C:\Dev\projects\jee\sa-token-examples\sa-token-gateway\target\classes started by zhuojun.feng in C:\Dev\projects\jee\sa-token-examples)
[] [2025-01-26 20:01:00.222] [INFO ] [com.SaTokenGatewayApp|logStartupProfileInfo|658] - The following 1 profile is active: "loc"
[] [2025-01-26 20:01:00.796] [WARN ] [o.s.b.w.s.c.AnnotationConfigServletWebServerApplicationContext|refresh|635] - Exception encountered during context initialization - cancelling refresh attempt: java.lang.IllegalStateException: Error processing condition on org.springframework.boot.autoconfigure.context.PropertyPlaceholderAutoConfiguration.propertySourcesPlaceholderConfigurer
[] [2025-01-26 20:01:00.804] [INFO ] [o.s.b.a.l.ConditionEvaluationReportLogger|logMessage|82] - 

Error starting ApplicationContext. To display the condition evaluation report re-run your application with 'debug' enabled.
[] [2025-01-26 20:01:00.820] [ERROR] [o.s.boot.SpringApplication|reportFailure|857] - Application run failed
java.lang.IllegalStateException: Error processing condition on org.springframework.boot.autoconfigure.context.PropertyPlaceholderAutoConfiguration.propertySourcesPlaceholderConfigurer
	at org.springframework.boot.autoconfigure.condition.SpringBootCondition.matches(SpringBootCondition.java:60)
	at org.springframework.context.annotation.ConditionEvaluator.shouldSkip(ConditionEvaluator.java:99)
	at org.springframework.context.annotation.ConfigurationClassBeanDefinitionReader.loadBeanDefinitionsForBeanMethod(ConfigurationClassBeanDefinitionReader.java:184)
	at org.springframework.context.annotation.ConfigurationClassBeanDefinitionReader.loadBeanDefinitionsForConfigurationClass(ConfigurationClassBeanDefinitionReader.java:145)
	at org.springframework.context.annotation.ConfigurationClassBeanDefinitionReader.loadBeanDefinitions(ConfigurationClassBeanDefinitionReader.java:121)
	at org.springframework.context.annotation.ConfigurationClassPostProcessor.processConfigBeanDefinitions(ConfigurationClassPostProcessor.java:430)
	at org.springframework.context.annotation.ConfigurationClassPostProcessor.postProcessBeanDefinitionRegistry(ConfigurationClassPostProcessor.java:290)
	at org.springframework.context.support.PostProcessorRegistrationDelegate.invokeBeanDefinitionRegistryPostProcessors(PostProcessorRegistrationDelegate.java:349)
	at org.springframework.context.support.PostProcessorRegistrationDelegate.invokeBeanFactoryPostProcessors(PostProcessorRegistrationDelegate.java:118)
	at org.springframework.context.support.AbstractApplicationContext.invokeBeanFactoryPostProcessors(AbstractApplicationContext.java:791)
	at org.springframework.context.support.AbstractApplicationContext.refresh(AbstractApplicationContext.java:609)
	at org.springframework.boot.web.servlet.context.ServletWebServerApplicationContext.refresh(ServletWebServerApplicationContext.java:146)
	at org.springframework.boot.SpringApplication.refresh(SpringApplication.java:752)
	at org.springframework.boot.SpringApplication.refreshContext(SpringApplication.java:439)
	at org.springframework.boot.SpringApplication.run(SpringApplication.java:318)
	at org.springframework.boot.SpringApplication.run(SpringApplication.java:1361)
	at org.springframework.boot.SpringApplication.run(SpringApplication.java:1350)
	at com.SaTokenGatewayApp.main(SaTokenGatewayApp.java:19)
Caused by: java.lang.IllegalStateException: Failed to introspect Class [com.config.SpringDocConfig] from ClassLoader [jdk.internal.loader.ClassLoaders$AppClassLoader@27c170f0]
	at org.springframework.util.ReflectionUtils.getDeclaredMethods(ReflectionUtils.java:483)
	at org.springframework.util.ReflectionUtils.doWithMethods(ReflectionUtils.java:360)
	at org.springframework.util.ReflectionUtils.getUniqueDeclaredMethods(ReflectionUtils.java:417)
	at org.springframework.beans.factory.support.AbstractAutowireCapableBeanFactory.lambda$getTypeForFactoryMethod$1(AbstractAutowireCapableBeanFactory.java:751)
	at java.base/java.util.concurrent.ConcurrentHashMap.computeIfAbsent(ConcurrentHashMap.java:1708)
	at org.springframework.beans.factory.support.AbstractAutowireCapableBeanFactory.getTypeForFactoryMethod(AbstractAutowireCapableBeanFactory.java:750)
	at org.springframework.beans.factory.support.AbstractAutowireCapableBeanFactory.determineTargetType(AbstractAutowireCapableBeanFactory.java:683)
	at org.springframework.beans.factory.support.AbstractAutowireCapableBeanFactory.predictBeanType(AbstractAutowireCapableBeanFactory.java:654)
	at org.springframework.beans.factory.support.AbstractBeanFactory.isFactoryBean(AbstractBeanFactory.java:1683)
	at org.springframework.beans.factory.support.DefaultListableBeanFactory.doGetBeanNamesForType(DefaultListableBeanFactory.java:592)
	at org.springframework.beans.factory.support.DefaultListableBeanFactory.getBeanNamesForType(DefaultListableBeanFactory.java:564)
	at org.springframework.boot.autoconfigure.condition.OnBeanCondition.collectBeanDefinitionsForType(OnBeanCondition.java:332)
	at org.springframework.boot.autoconfigure.condition.OnBeanCondition.getBeanDefinitionsForType(OnBeanCondition.java:324)
	at org.springframework.boot.autoconfigure.condition.OnBeanCondition.getBeanDefinitionsForType(OnBeanCondition.java:314)
	at org.springframework.boot.autoconfigure.condition.OnBeanCondition.getMatchingBeans(OnBeanCondition.java:213)
	at org.springframework.boot.autoconfigure.condition.OnBeanCondition.evaluateConditionalOnMissingBean(OnBeanCondition.java:196)
	at org.springframework.boot.autoconfigure.condition.OnBeanCondition.getMatchOutcome(OnBeanCondition.java:143)
	at org.springframework.boot.autoconfigure.condition.SpringBootCondition.matches(SpringBootCondition.java:47)
	... 17 common frames omitted
Caused by: java.lang.NoClassDefFoundError: io/swagger/v3/oas/models/OpenAPI
	at java.base/java.lang.Class.getDeclaredMethods0(Native Method)
	at java.base/java.lang.Class.privateGetDeclaredMethods(Class.java:3434)
	at java.base/java.lang.Class.getDeclaredMethods(Class.java:2536)
	at org.springframework.util.ReflectionUtils.getDeclaredMethods(ReflectionUtils.java:465)
	... 34 common frames omitted
Caused by: java.lang.ClassNotFoundException: io.swagger.v3.oas.models.OpenAPI
	at java.base/jdk.internal.loader.BuiltinClassLoader.loadClass(BuiltinClassLoader.java:641)
	at java.base/jdk.internal.loader.ClassLoaders$AppClassLoader.loadClass(ClassLoaders.java:188)
	at java.base/java.lang.ClassLoader.loadClass(ClassLoader.java:521)
	... 38 common frames omitted
[] [2025-01-26 20:02:53.619] [INFO ] [o.h.validator.internal.util.Version|<clinit>|21] - HV000001: Hibernate Validator 8.0.2.Final
[] [2025-01-26 20:02:53.648] [INFO ] [com.SaTokenGatewayApp|logStarting|53] - Starting SaTokenGatewayApp using Java 18.0.2 with PID 13884 (C:\Dev\projects\jee\sa-token-examples\sa-token-gateway\target\classes started by zhuojun.feng in C:\Dev\projects\jee\sa-token-examples)
[] [2025-01-26 20:02:53.649] [INFO ] [com.SaTokenGatewayApp|logStartupProfileInfo|658] - The following 1 profile is active: "loc"
[] [2025-01-26 20:02:54.282] [INFO ] [o.s.d.r.c.RepositoryConfigurationDelegate|multipleStoresDetected|295] - Multiple Spring Data modules found, entering strict repository configuration mode
[] [2025-01-26 20:02:54.284] [INFO ] [o.s.d.r.c.RepositoryConfigurationDelegate|registerRepositoriesIn|143] - Bootstrapping Spring Data Redis repositories in DEFAULT mode.
[] [2025-01-26 20:02:54.412] [INFO ] [o.s.d.r.c.RepositoryConfigurationDelegate|registerRepositoriesIn|211] - Finished Spring Data repository scanning in 117 ms. Found 0 Redis repository interfaces.
[] [2025-01-26 20:02:54.518] [INFO ] [o.s.cloud.context.scope.GenericScope|setSerializationId|282] - BeanFactory id=84dfa945-6bad-3ff8-b0f6-7b40d383c6ea
[] [2025-01-26 20:02:54.695] [INFO ] [o.s.b.w.e.tomcat.TomcatWebServer|initialize|111] - Tomcat initialized with port 8080 (http)
[] [2025-01-26 20:02:54.704] [INFO ] [o.a.coyote.http11.Http11NioProtocol|log|173] - Initializing ProtocolHandler ["http-nio-8080"]
[] [2025-01-26 20:02:54.706] [INFO ] [o.a.catalina.core.StandardService|log|173] - Starting service [Tomcat]
[] [2025-01-26 20:02:54.706] [INFO ] [o.a.catalina.core.StandardEngine|log|173] - Starting Servlet engine: [Apache Tomcat/10.1.34]
[] [2025-01-26 20:02:54.756] [INFO ] [o.a.c.c.C.[Tomcat].[localhost].[/]|log|173] - Initializing Spring embedded WebApplicationContext
[] [2025-01-26 20:02:54.757] [INFO ] [o.s.b.w.s.c.ServletWebServerApplicationContext|prepareWebApplicationContext|296] - Root WebApplicationContext: initialization completed in 1086 ms
[] [2025-01-26 20:02:54.887] [WARN ] [o.s.b.w.s.c.AnnotationConfigServletWebServerApplicationContext|refresh|635] - Exception encountered during context initialization - cancelling refresh attempt: org.springframework.beans.factory.BeanCreationException: Error creating bean with name 'org.springframework.cloud.gateway.config.GatewayClassPathWarningAutoConfiguration$SpringMvcFoundOnClasspathConfiguration': Failed to instantiate [org.springframework.cloud.gateway.config.GatewayClassPathWarningAutoConfiguration$SpringMvcFoundOnClasspathConfiguration]: Constructor threw exception
[] [2025-01-26 20:02:54.889] [INFO ] [o.a.catalina.core.StandardService|log|173] - Stopping service [Tomcat]
[] [2025-01-26 20:02:54.901] [INFO ] [o.s.b.a.l.ConditionEvaluationReportLogger|logMessage|82] - 

Error starting ApplicationContext. To display the condition evaluation report re-run your application with 'debug' enabled.
[] [2025-01-26 20:02:54.919] [ERROR] [o.s.b.d.LoggingFailureAnalysisReporter|report|40] - 

***************************
APPLICATION FAILED TO START
***************************

Description:

Spring MVC found on classpath, which is incompatible with Spring Cloud Gateway.

Action:

Please set spring.main.web-application-type=reactive or remove spring-boot-starter-web dependency.

[] [2025-01-26 20:04:16.044] [INFO ] [o.h.validator.internal.util.Version|<clinit>|21] - HV000001: Hibernate Validator 8.0.2.Final
[] [2025-01-26 20:04:16.065] [INFO ] [com.SaTokenGatewayApp|logStarting|53] - Starting SaTokenGatewayApp using Java 18.0.2 with PID 14844 (C:\Dev\projects\jee\sa-token-examples\sa-token-gateway\target\classes started by zhuojun.feng in C:\Dev\projects\jee\sa-token-examples)
[] [2025-01-26 20:04:16.068] [INFO ] [com.SaTokenGatewayApp|logStartupProfileInfo|658] - The following 1 profile is active: "loc"
[] [2025-01-26 20:04:16.747] [INFO ] [o.s.cloud.context.scope.GenericScope|setSerializationId|282] - BeanFactory id=88f6e9c1-1b18-38f8-8589-cdf29a125cb7
[] [2025-01-26 20:04:17.241] [WARN ] [o.s.b.w.r.c.AnnotationConfigReactiveWebServerApplicationContext|refresh|635] - Exception encountered during context initialization - cancelling refresh attempt: org.springframework.beans.factory.UnsatisfiedDependencyException: Error creating bean with name 'nettyWriteResponseFilter' defined in class path resource [org/springframework/cloud/gateway/config/GatewayAutoConfiguration$NettyConfiguration.class]: Unsatisfied dependency expressed through method 'nettyWriteResponseFilter' parameter 0: Error creating bean with name 'gatewayProperties': Could not bind properties to 'GatewayProperties' : prefix=spring.cloud.gateway, ignoreInvalidFields=false, ignoreUnknownFields=true
[] [2025-01-26 20:04:17.249] [INFO ] [o.s.b.a.l.ConditionEvaluationReportLogger|logMessage|82] - 

Error starting ApplicationContext. To display the condition evaluation report re-run your application with 'debug' enabled.
[] [2025-01-26 20:04:17.270] [ERROR] [o.s.b.d.LoggingFailureAnalysisReporter|report|40] - 

***************************
APPLICATION FAILED TO START
***************************

Description:

Failed to bind properties under 'spring.cloud.gateway.routes[0].predicates[0]' to org.springframework.cloud.gateway.handler.predicate.PredicateDefinition:

    Property: spring.cloud.gateway.routes[0].predicates[0]
    Value: "/user/**"
    Origin: class path resource [application-loc.properties] - 19:46
    Reason: failed to convert java.lang.String to org.springframework.cloud.gateway.handler.predicate.PredicateDefinition (caused by jakarta.validation.ValidationException: Unable to parse PredicateDefinition text '/user/**', must be of the form name=value)

Action:

Update your application's configuration

[] [2025-01-26 20:05:22.710] [INFO ] [o.h.validator.internal.util.Version|<clinit>|21] - HV000001: Hibernate Validator 8.0.2.Final
[] [2025-01-26 20:05:22.734] [INFO ] [com.SaTokenGatewayApp|logStarting|53] - Starting SaTokenGatewayApp using Java 18.0.2 with PID 9236 (C:\Dev\projects\jee\sa-token-examples\sa-token-gateway\target\classes started by zhuojun.feng in C:\Dev\projects\jee\sa-token-examples)
[] [2025-01-26 20:05:22.735] [INFO ] [com.SaTokenGatewayApp|logStartupProfileInfo|658] - The following 1 profile is active: "loc"
[] [2025-01-26 20:05:23.346] [INFO ] [o.s.cloud.context.scope.GenericScope|setSerializationId|282] - BeanFactory id=88f6e9c1-1b18-38f8-8589-cdf29a125cb7
[] [2025-01-26 20:05:23.988] [INFO ] [o.s.c.g.r.RouteDefinitionRouteLocator|lambda$initFactories$1|89] - Loaded RoutePredicateFactory [After]
[] [2025-01-26 20:05:23.989] [INFO ] [o.s.c.g.r.RouteDefinitionRouteLocator|lambda$initFactories$1|89] - Loaded RoutePredicateFactory [Before]
[] [2025-01-26 20:05:23.989] [INFO ] [o.s.c.g.r.RouteDefinitionRouteLocator|lambda$initFactories$1|89] - Loaded RoutePredicateFactory [Between]
[] [2025-01-26 20:05:23.990] [INFO ] [o.s.c.g.r.RouteDefinitionRouteLocator|lambda$initFactories$1|89] - Loaded RoutePredicateFactory [Cookie]
[] [2025-01-26 20:05:23.990] [INFO ] [o.s.c.g.r.RouteDefinitionRouteLocator|lambda$initFactories$1|89] - Loaded RoutePredicateFactory [Header]
[] [2025-01-26 20:05:23.990] [INFO ] [o.s.c.g.r.RouteDefinitionRouteLocator|lambda$initFactories$1|89] - Loaded RoutePredicateFactory [Host]
[] [2025-01-26 20:05:23.990] [INFO ] [o.s.c.g.r.RouteDefinitionRouteLocator|lambda$initFactories$1|89] - Loaded RoutePredicateFactory [Method]
[] [2025-01-26 20:05:23.990] [INFO ] [o.s.c.g.r.RouteDefinitionRouteLocator|lambda$initFactories$1|89] - Loaded RoutePredicateFactory [Path]
[] [2025-01-26 20:05:23.991] [INFO ] [o.s.c.g.r.RouteDefinitionRouteLocator|lambda$initFactories$1|89] - Loaded RoutePredicateFactory [Query]
[] [2025-01-26 20:05:23.991] [INFO ] [o.s.c.g.r.RouteDefinitionRouteLocator|lambda$initFactories$1|89] - Loaded RoutePredicateFactory [ReadBody]
[] [2025-01-26 20:05:23.991] [INFO ] [o.s.c.g.r.RouteDefinitionRouteLocator|lambda$initFactories$1|89] - Loaded RoutePredicateFactory [RemoteAddr]
[] [2025-01-26 20:05:23.992] [INFO ] [o.s.c.g.r.RouteDefinitionRouteLocator|lambda$initFactories$1|89] - Loaded RoutePredicateFactory [XForwardedRemoteAddr]
[] [2025-01-26 20:05:23.992] [INFO ] [o.s.c.g.r.RouteDefinitionRouteLocator|lambda$initFactories$1|89] - Loaded RoutePredicateFactory [Weight]
[] [2025-01-26 20:05:23.992] [INFO ] [o.s.c.g.r.RouteDefinitionRouteLocator|lambda$initFactories$1|89] - Loaded RoutePredicateFactory [CloudFoundryRouteService]
[] [2025-01-26 20:05:24.087] [WARN ] [o.s.b.w.r.c.AnnotationConfigReactiveWebServerApplicationContext|refresh|635] - Exception encountered during context initialization - cancelling refresh attempt: org.springframework.beans.factory.BeanCreationException: Error creating bean with name 'cn.dev33.satoken.reactor.spring.SpringBootVersionCompatibilityChecker': Failed to instantiate [cn.dev33.satoken.reactor.spring.SpringBootVersionCompatibilityChecker]: Constructor threw exception
[] [2025-01-26 20:05:24.094] [INFO ] [o.s.b.a.l.ConditionEvaluationReportLogger|logMessage|82] - 

Error starting ApplicationContext. To display the condition evaluation report re-run your application with 'debug' enabled.
[] [2025-01-26 20:05:24.106] [ERROR] [o.s.boot.SpringApplication|reportFailure|857] - Application run failed
org.springframework.beans.factory.BeanCreationException: Error creating bean with name 'cn.dev33.satoken.reactor.spring.SpringBootVersionCompatibilityChecker': Failed to instantiate [cn.dev33.satoken.reactor.spring.SpringBootVersionCompatibilityChecker]: Constructor threw exception
	at org.springframework.beans.factory.support.AbstractAutowireCapableBeanFactory.instantiateBean(AbstractAutowireCapableBeanFactory.java:1339)
	at org.springframework.beans.factory.support.AbstractAutowireCapableBeanFactory.createBeanInstance(AbstractAutowireCapableBeanFactory.java:1224)
	at org.springframework.beans.factory.support.AbstractAutowireCapableBeanFactory.doCreateBean(AbstractAutowireCapableBeanFactory.java:563)
	at org.springframework.beans.factory.support.AbstractAutowireCapableBeanFactory.createBean(AbstractAutowireCapableBeanFactory.java:523)
	at org.springframework.beans.factory.support.AbstractBeanFactory.lambda$doGetBean$0(AbstractBeanFactory.java:336)
	at org.springframework.beans.factory.support.DefaultSingletonBeanRegistry.getSingleton(DefaultSingletonBeanRegistry.java:289)
	at org.springframework.beans.factory.support.AbstractBeanFactory.doGetBean(AbstractBeanFactory.java:334)
	at org.springframework.beans.factory.support.AbstractBeanFactory.getBean(AbstractBeanFactory.java:199)
	at org.springframework.beans.factory.support.DefaultListableBeanFactory.instantiateSingleton(DefaultListableBeanFactory.java:1122)
	at org.springframework.beans.factory.support.DefaultListableBeanFactory.preInstantiateSingleton(DefaultListableBeanFactory.java:1093)
	at org.springframework.beans.factory.support.DefaultListableBeanFactory.preInstantiateSingletons(DefaultListableBeanFactory.java:1030)
	at org.springframework.context.support.AbstractApplicationContext.finishBeanFactoryInitialization(AbstractApplicationContext.java:987)
	at org.springframework.context.support.AbstractApplicationContext.refresh(AbstractApplicationContext.java:627)
	at org.springframework.boot.web.reactive.context.ReactiveWebServerApplicationContext.refresh(ReactiveWebServerApplicationContext.java:66)
	at org.springframework.boot.SpringApplication.refresh(SpringApplication.java:752)
	at org.springframework.boot.SpringApplication.refreshContext(SpringApplication.java:439)
	at org.springframework.boot.SpringApplication.run(SpringApplication.java:318)
	at org.springframework.boot.SpringApplication.run(SpringApplication.java:1361)
	at org.springframework.boot.SpringApplication.run(SpringApplication.java:1350)
	at com.SaTokenGatewayApp.main(SaTokenGatewayApp.java:19)
Caused by: org.springframework.beans.BeanInstantiationException: Failed to instantiate [cn.dev33.satoken.reactor.spring.SpringBootVersionCompatibilityChecker]: Constructor threw exception
	at org.springframework.beans.BeanUtils.instantiateClass(BeanUtils.java:222)
	at org.springframework.beans.factory.support.SimpleInstantiationStrategy.instantiate(SimpleInstantiationStrategy.java:122)
	at org.springframework.beans.factory.support.AbstractAutowireCapableBeanFactory.instantiateBean(AbstractAutowireCapableBeanFactory.java:1333)
	... 19 common frames omitted
Caused by: cn.dev33.satoken.exception.SaTokenException: 当前 SpringBoot 版本（3.4.1）与 Sa-Token 依赖不兼容，请将依赖 sa-token-reactor-spring-boot-starter 修改为：sa-token-reactor-spring-boot3-starter
	at cn.dev33.satoken.reactor.spring.SpringBootVersionCompatibilityChecker.<init>(SpringBootVersionCompatibilityChecker.java:23)
	at java.base/jdk.internal.reflect.DirectConstructorHandleAccessor.newInstance(DirectConstructorHandleAccessor.java:67)
	at java.base/java.lang.reflect.Constructor.newInstanceWithCaller(Constructor.java:499)
	at java.base/java.lang.reflect.Constructor.newInstance(Constructor.java:483)
	at org.springframework.beans.BeanUtils.instantiateClass(BeanUtils.java:196)
	... 21 common frames omitted
[] [2025-01-26 20:06:01.215] [INFO ] [o.h.validator.internal.util.Version|<clinit>|21] - HV000001: Hibernate Validator 8.0.2.Final
[] [2025-01-26 20:06:01.237] [INFO ] [com.SaTokenGatewayApp|logStarting|53] - Starting SaTokenGatewayApp using Java 18.0.2 with PID 19384 (C:\Dev\projects\jee\sa-token-examples\sa-token-gateway\target\classes started by zhuojun.feng in C:\Dev\projects\jee\sa-token-examples)
[] [2025-01-26 20:06:01.238] [INFO ] [com.SaTokenGatewayApp|logStartupProfileInfo|658] - The following 1 profile is active: "loc"
[] [2025-01-26 20:06:01.883] [INFO ] [o.s.cloud.context.scope.GenericScope|setSerializationId|282] - BeanFactory id=9da9c9ea-6582-39e8-a75f-1ab6018ad463
[] [2025-01-26 20:06:02.528] [INFO ] [o.s.c.g.r.RouteDefinitionRouteLocator|lambda$initFactories$1|89] - Loaded RoutePredicateFactory [After]
[] [2025-01-26 20:06:02.529] [INFO ] [o.s.c.g.r.RouteDefinitionRouteLocator|lambda$initFactories$1|89] - Loaded RoutePredicateFactory [Before]
[] [2025-01-26 20:06:02.530] [INFO ] [o.s.c.g.r.RouteDefinitionRouteLocator|lambda$initFactories$1|89] - Loaded RoutePredicateFactory [Between]
[] [2025-01-26 20:06:02.530] [INFO ] [o.s.c.g.r.RouteDefinitionRouteLocator|lambda$initFactories$1|89] - Loaded RoutePredicateFactory [Cookie]
[] [2025-01-26 20:06:02.531] [INFO ] [o.s.c.g.r.RouteDefinitionRouteLocator|lambda$initFactories$1|89] - Loaded RoutePredicateFactory [Header]
[] [2025-01-26 20:06:02.531] [INFO ] [o.s.c.g.r.RouteDefinitionRouteLocator|lambda$initFactories$1|89] - Loaded RoutePredicateFactory [Host]
[] [2025-01-26 20:06:02.531] [INFO ] [o.s.c.g.r.RouteDefinitionRouteLocator|lambda$initFactories$1|89] - Loaded RoutePredicateFactory [Method]
[] [2025-01-26 20:06:02.531] [INFO ] [o.s.c.g.r.RouteDefinitionRouteLocator|lambda$initFactories$1|89] - Loaded RoutePredicateFactory [Path]
[] [2025-01-26 20:06:02.532] [INFO ] [o.s.c.g.r.RouteDefinitionRouteLocator|lambda$initFactories$1|89] - Loaded RoutePredicateFactory [Query]
[] [2025-01-26 20:06:02.532] [INFO ] [o.s.c.g.r.RouteDefinitionRouteLocator|lambda$initFactories$1|89] - Loaded RoutePredicateFactory [ReadBody]
[] [2025-01-26 20:06:02.532] [INFO ] [o.s.c.g.r.RouteDefinitionRouteLocator|lambda$initFactories$1|89] - Loaded RoutePredicateFactory [RemoteAddr]
[] [2025-01-26 20:06:02.533] [INFO ] [o.s.c.g.r.RouteDefinitionRouteLocator|lambda$initFactories$1|89] - Loaded RoutePredicateFactory [XForwardedRemoteAddr]
[] [2025-01-26 20:06:02.533] [INFO ] [o.s.c.g.r.RouteDefinitionRouteLocator|lambda$initFactories$1|89] - Loaded RoutePredicateFactory [Weight]
[] [2025-01-26 20:06:02.533] [INFO ] [o.s.c.g.r.RouteDefinitionRouteLocator|lambda$initFactories$1|89] - Loaded RoutePredicateFactory [CloudFoundryRouteService]
[] [2025-01-26 20:06:03.038] [INFO ] [o.s.b.w.e.netty.NettyWebServer|start|126] - Netty started on port 8080 (http)
[] [2025-01-26 20:06:03.380] [INFO ] [com.SaTokenGatewayApp|logStarted|59] - Started SaTokenGatewayApp in 2.678 seconds (process running for 3.236)
[] [2025-01-26 20:06:53.790] [ERROR] [o.s.b.a.w.r.e.AbstractErrorWebExceptionHandler|error|102] - [f327518d-1]  500 Server Error for HTTP POST "/user/doLogin"
java.lang.IllegalArgumentException: When allowCredentials is true, allowedOrigins cannot contain the special value "*" since that cannot be set on the "Access-Control-Allow-Origin" response header. To allow credentials to a set of origins, list them explicitly or consider using "allowedOriginPatterns" instead.
	at org.springframework.web.cors.CorsConfiguration.validateAllowCredentials(CorsConfiguration.java:575)
	Suppressed: reactor.core.publisher.FluxOnAssembly$OnAssemblyException: 
Error has been observed at the following site(s):
	*__checkpoint ⇢ org.springframework.cloud.gateway.filter.WeightCalculatorWebFilter [DefaultWebFilterChain]
	*__checkpoint ⇢ cn.dev33.satoken.reactor.filter.SaReactorFilter [DefaultWebFilterChain]
	*__checkpoint ⇢ cn.dev33.satoken.reactor.filter.SaPathCheckFilterForReactor [DefaultWebFilterChain]
	*__checkpoint ⇢ HTTP POST "/user/doLogin" [ExceptionHandlingWebHandler]
Original Stack Trace:
		at org.springframework.web.cors.CorsConfiguration.validateAllowCredentials(CorsConfiguration.java:575)
		at org.springframework.web.reactive.handler.AbstractHandlerMapping.lambda$getHandler$1(AbstractHandlerMapping.java:198)
		at reactor.core.publisher.FluxMap$MapSubscriber.onNext(FluxMap.java:106)
		at reactor.core.publisher.FluxSwitchIfEmpty$SwitchIfEmptySubscriber.onNext(FluxSwitchIfEmpty.java:74)
		at reactor.core.publisher.FluxMap$MapSubscriber.onNext(FluxMap.java:122)
		at reactor.core.publisher.FluxMap$MapSubscriber.onNext(FluxMap.java:122)
		at reactor.core.publisher.MonoNext$NextSubscriber.onNext(MonoNext.java:82)
		at reactor.core.publisher.FluxFilterWhen$FluxFilterWhenSubscriber.drain(FluxFilterWhen.java:272)
		at reactor.core.publisher.FluxFilterWhen$FluxFilterWhenSubscriber.request(FluxFilterWhen.java:160)
		at reactor.core.publisher.MonoNext$NextSubscriber.request(MonoNext.java:108)
		at reactor.core.publisher.FluxMap$MapSubscriber.request(FluxMap.java:164)
		at reactor.core.publisher.FluxMap$MapSubscriber.request(FluxMap.java:164)
		at reactor.core.publisher.Operators$MultiSubscriptionSubscriber.request(Operators.java:2331)
		at reactor.core.publisher.FluxMap$MapSubscriber.request(FluxMap.java:164)
		at reactor.core.publisher.Operators$MultiSubscriptionSubscriber.request(Operators.java:2331)
		at reactor.core.publisher.FluxConcatMapNoPrefetch$FluxConcatMapNoPrefetchSubscriber.request(FluxConcatMapNoPrefetch.java:339)
		at reactor.core.publisher.MonoNext$NextSubscriber.request(MonoNext.java:108)
		at reactor.core.publisher.Operators$MultiSubscriptionSubscriber.set(Operators.java:2367)
		at reactor.core.publisher.Operators$MultiSubscriptionSubscriber.onSubscribe(Operators.java:2241)
		at reactor.core.publisher.MonoNext$NextSubscriber.onSubscribe(MonoNext.java:70)
		at reactor.core.publisher.FluxConcatMapNoPrefetch$FluxConcatMapNoPrefetchSubscriber.onSubscribe(FluxConcatMapNoPrefetch.java:164)
		at reactor.core.publisher.FluxIterable.subscribe(FluxIterable.java:201)
		at reactor.core.publisher.FluxIterable.subscribe(FluxIterable.java:83)
		at reactor.core.publisher.InternalMonoOperator.subscribe(InternalMonoOperator.java:76)
		at reactor.core.publisher.MonoDefer.subscribe(MonoDefer.java:53)
		at reactor.core.publisher.InternalMonoOperator.subscribe(InternalMonoOperator.java:76)
		at reactor.core.publisher.MonoDefer.subscribe(MonoDefer.java:53)
		at reactor.core.publisher.InternalMonoOperator.subscribe(InternalMonoOperator.java:76)
		at reactor.core.publisher.MonoDefer.subscribe(MonoDefer.java:53)
		at reactor.core.publisher.InternalMonoOperator.subscribe(InternalMonoOperator.java:76)
		at reactor.core.publisher.MonoDefer.subscribe(MonoDefer.java:53)
		at reactor.core.publisher.Mono.subscribe(Mono.java:4576)
		at reactor.core.publisher.MonoIgnoreThen$ThenIgnoreMain.subscribeNext(MonoIgnoreThen.java:265)
		at reactor.core.publisher.MonoIgnoreThen.subscribe(MonoIgnoreThen.java:51)
		at reactor.core.publisher.InternalMonoOperator.subscribe(InternalMonoOperator.java:76)
		at reactor.core.publisher.MonoDeferContextual.subscribe(MonoDeferContextual.java:55)
		at reactor.netty.http.server.HttpServer$HttpServerHandle.onStateChange(HttpServer.java:1211)
		at reactor.netty.ReactorNetty$CompositeConnectionObserver.onStateChange(ReactorNetty.java:716)
		at reactor.netty.transport.ServerTransport$ChildObserver.onStateChange(ServerTransport.java:486)
		at reactor.netty.http.server.HttpServerOperations.handleDefaultHttpRequest(HttpServerOperations.java:843)
		at reactor.netty.http.server.HttpServerOperations.onInboundNext(HttpServerOperations.java:776)
		at reactor.netty.channel.ChannelOperationsHandler.channelRead(ChannelOperationsHandler.java:115)
		at io.netty.channel.AbstractChannelHandlerContext.invokeChannelRead(AbstractChannelHandlerContext.java:444)
		at io.netty.channel.AbstractChannelHandlerContext.invokeChannelRead(AbstractChannelHandlerContext.java:420)
		at io.netty.channel.AbstractChannelHandlerContext.fireChannelRead(AbstractChannelHandlerContext.java:412)
		at reactor.netty.http.server.HttpTrafficHandler.channelRead(HttpTrafficHandler.java:267)
		at io.netty.channel.AbstractChannelHandlerContext.invokeChannelRead(AbstractChannelHandlerContext.java:442)
		at io.netty.channel.AbstractChannelHandlerContext.invokeChannelRead(AbstractChannelHandlerContext.java:420)
		at io.netty.channel.AbstractChannelHandlerContext.fireChannelRead(AbstractChannelHandlerContext.java:412)
		at io.netty.channel.CombinedChannelDuplexHandler$DelegatingChannelHandlerContext.fireChannelRead(CombinedChannelDuplexHandler.java:436)
		at io.netty.handler.codec.ByteToMessageDecoder.fireChannelRead(ByteToMessageDecoder.java:346)
		at io.netty.handler.codec.ByteToMessageDecoder.fireChannelRead(ByteToMessageDecoder.java:333)
		at io.netty.handler.codec.ByteToMessageDecoder.callDecode(ByteToMessageDecoder.java:455)
		at io.netty.handler.codec.ByteToMessageDecoder.channelRead(ByteToMessageDecoder.java:290)
		at io.netty.channel.CombinedChannelDuplexHandler.channelRead(CombinedChannelDuplexHandler.java:251)
		at io.netty.channel.AbstractChannelHandlerContext.invokeChannelRead(AbstractChannelHandlerContext.java:442)
		at io.netty.channel.AbstractChannelHandlerContext.invokeChannelRead(AbstractChannelHandlerContext.java:420)
		at io.netty.channel.AbstractChannelHandlerContext.fireChannelRead(AbstractChannelHandlerContext.java:412)
		at io.netty.channel.DefaultChannelPipeline$HeadContext.channelRead(DefaultChannelPipeline.java:1357)
		at io.netty.channel.AbstractChannelHandlerContext.invokeChannelRead(AbstractChannelHandlerContext.java:440)
		at io.netty.channel.AbstractChannelHandlerContext.invokeChannelRead(AbstractChannelHandlerContext.java:420)
		at io.netty.channel.DefaultChannelPipeline.fireChannelRead(DefaultChannelPipeline.java:868)
		at io.netty.channel.nio.AbstractNioByteChannel$NioByteUnsafe.read(AbstractNioByteChannel.java:166)
		at io.netty.channel.nio.NioEventLoop.processSelectedKey(NioEventLoop.java:788)
		at io.netty.channel.nio.NioEventLoop.processSelectedKeysOptimized(NioEventLoop.java:724)
		at io.netty.channel.nio.NioEventLoop.processSelectedKeys(NioEventLoop.java:650)
		at io.netty.channel.nio.NioEventLoop.run(NioEventLoop.java:562)
		at io.netty.util.concurrent.SingleThreadEventExecutor$4.run(SingleThreadEventExecutor.java:997)
		at io.netty.util.internal.ThreadExecutorMap$2.run(ThreadExecutorMap.java:74)
		at io.netty.util.concurrent.FastThreadLocalRunnable.run(FastThreadLocalRunnable.java:30)
		at java.base/java.lang.Thread.run(Thread.java:833)
[] [2025-01-26 20:13:05.637] [INFO ] [o.s.b.w.e.netty.GracefulShutdown|shutDownGracefully|53] - Commencing graceful shutdown. Waiting for active requests to complete
[] [2025-01-26 20:13:05.661] [INFO ] [o.s.b.w.e.netty.GracefulShutdown|doShutdown|62] - Graceful shutdown complete
[] [2025-01-26 20:13:14.964] [INFO ] [o.h.validator.internal.util.Version|<clinit>|21] - HV000001: Hibernate Validator 8.0.2.Final
[] [2025-01-26 20:13:14.986] [INFO ] [com.SaTokenGatewayApp|logStarting|53] - Starting SaTokenGatewayApp using Java 18.0.2 with PID 27148 (C:\Dev\projects\jee\sa-token-examples\sa-token-gateway\target\classes started by zhuojun.feng in C:\Dev\projects\jee\sa-token-examples)
[] [2025-01-26 20:13:14.987] [INFO ] [com.SaTokenGatewayApp|logStartupProfileInfo|658] - The following 1 profile is active: "loc"
[] [2025-01-26 20:13:15.604] [INFO ] [o.s.cloud.context.scope.GenericScope|setSerializationId|282] - BeanFactory id=9da9c9ea-6582-39e8-a75f-1ab6018ad463
[] [2025-01-26 20:13:16.160] [INFO ] [o.s.c.g.r.RouteDefinitionRouteLocator|lambda$initFactories$1|89] - Loaded RoutePredicateFactory [After]
[] [2025-01-26 20:13:16.160] [INFO ] [o.s.c.g.r.RouteDefinitionRouteLocator|lambda$initFactories$1|89] - Loaded RoutePredicateFactory [Before]
[] [2025-01-26 20:13:16.161] [INFO ] [o.s.c.g.r.RouteDefinitionRouteLocator|lambda$initFactories$1|89] - Loaded RoutePredicateFactory [Between]
[] [2025-01-26 20:13:16.161] [INFO ] [o.s.c.g.r.RouteDefinitionRouteLocator|lambda$initFactories$1|89] - Loaded RoutePredicateFactory [Cookie]
[] [2025-01-26 20:13:16.161] [INFO ] [o.s.c.g.r.RouteDefinitionRouteLocator|lambda$initFactories$1|89] - Loaded RoutePredicateFactory [Header]
[] [2025-01-26 20:13:16.162] [INFO ] [o.s.c.g.r.RouteDefinitionRouteLocator|lambda$initFactories$1|89] - Loaded RoutePredicateFactory [Host]
[] [2025-01-26 20:13:16.162] [INFO ] [o.s.c.g.r.RouteDefinitionRouteLocator|lambda$initFactories$1|89] - Loaded RoutePredicateFactory [Method]
[] [2025-01-26 20:13:16.162] [INFO ] [o.s.c.g.r.RouteDefinitionRouteLocator|lambda$initFactories$1|89] - Loaded RoutePredicateFactory [Path]
[] [2025-01-26 20:13:16.163] [INFO ] [o.s.c.g.r.RouteDefinitionRouteLocator|lambda$initFactories$1|89] - Loaded RoutePredicateFactory [Query]
[] [2025-01-26 20:13:16.163] [INFO ] [o.s.c.g.r.RouteDefinitionRouteLocator|lambda$initFactories$1|89] - Loaded RoutePredicateFactory [ReadBody]
[] [2025-01-26 20:13:16.163] [INFO ] [o.s.c.g.r.RouteDefinitionRouteLocator|lambda$initFactories$1|89] - Loaded RoutePredicateFactory [RemoteAddr]
[] [2025-01-26 20:13:16.164] [INFO ] [o.s.c.g.r.RouteDefinitionRouteLocator|lambda$initFactories$1|89] - Loaded RoutePredicateFactory [XForwardedRemoteAddr]
[] [2025-01-26 20:13:16.164] [INFO ] [o.s.c.g.r.RouteDefinitionRouteLocator|lambda$initFactories$1|89] - Loaded RoutePredicateFactory [Weight]
[] [2025-01-26 20:13:16.164] [INFO ] [o.s.c.g.r.RouteDefinitionRouteLocator|lambda$initFactories$1|89] - Loaded RoutePredicateFactory [CloudFoundryRouteService]
[] [2025-01-26 20:13:16.669] [INFO ] [o.s.b.w.e.netty.NettyWebServer|start|126] - Netty started on port 8080 (http)
[] [2025-01-26 20:13:17.016] [INFO ] [com.SaTokenGatewayApp|logStarted|59] - Started SaTokenGatewayApp in 2.555 seconds (process running for 3.118)
[] [2025-01-26 20:15:05.080] [INFO ] [o.s.b.w.e.netty.GracefulShutdown|shutDownGracefully|53] - Commencing graceful shutdown. Waiting for active requests to complete
[] [2025-01-26 20:15:05.084] [INFO ] [o.s.b.w.e.netty.GracefulShutdown|doShutdown|62] - Graceful shutdown complete
[] [2025-01-26 20:30:19.199] [INFO ] [o.h.validator.internal.util.Version|<clinit>|21] - HV000001: Hibernate Validator 8.0.2.Final
[] [2025-01-26 20:30:19.235] [INFO ] [com.SaTokenGatewayApp|logStarting|53] - Starting SaTokenGatewayApp using Java 17.0.11 with PID 13288 (C:\Dev\projects\jee\sa-token-examples\sa-token-gateway\target\classes started by zhuojun.feng in C:\Dev\projects\jee\sa-token-examples)
[] [2025-01-26 20:30:19.236] [INFO ] [com.SaTokenGatewayApp|logStartupProfileInfo|658] - The following 1 profile is active: "loc"
[] [2025-01-26 20:30:20.047] [INFO ] [o.s.cloud.context.scope.GenericScope|setSerializationId|282] - BeanFactory id=9da9c9ea-6582-39e8-a75f-1ab6018ad463
[] [2025-01-26 20:30:20.697] [INFO ] [o.s.c.g.r.RouteDefinitionRouteLocator|lambda$initFactories$1|89] - Loaded RoutePredicateFactory [After]
[] [2025-01-26 20:30:20.698] [INFO ] [o.s.c.g.r.RouteDefinitionRouteLocator|lambda$initFactories$1|89] - Loaded RoutePredicateFactory [Before]
[] [2025-01-26 20:30:20.699] [INFO ] [o.s.c.g.r.RouteDefinitionRouteLocator|lambda$initFactories$1|89] - Loaded RoutePredicateFactory [Between]
[] [2025-01-26 20:30:20.699] [INFO ] [o.s.c.g.r.RouteDefinitionRouteLocator|lambda$initFactories$1|89] - Loaded RoutePredicateFactory [Cookie]
[] [2025-01-26 20:30:20.699] [INFO ] [o.s.c.g.r.RouteDefinitionRouteLocator|lambda$initFactories$1|89] - Loaded RoutePredicateFactory [Header]
[] [2025-01-26 20:30:20.699] [INFO ] [o.s.c.g.r.RouteDefinitionRouteLocator|lambda$initFactories$1|89] - Loaded RoutePredicateFactory [Host]
[] [2025-01-26 20:30:20.700] [INFO ] [o.s.c.g.r.RouteDefinitionRouteLocator|lambda$initFactories$1|89] - Loaded RoutePredicateFactory [Method]
[] [2025-01-26 20:30:20.700] [INFO ] [o.s.c.g.r.RouteDefinitionRouteLocator|lambda$initFactories$1|89] - Loaded RoutePredicateFactory [Path]
[] [2025-01-26 20:30:20.700] [INFO ] [o.s.c.g.r.RouteDefinitionRouteLocator|lambda$initFactories$1|89] - Loaded RoutePredicateFactory [Query]
[] [2025-01-26 20:30:20.701] [INFO ] [o.s.c.g.r.RouteDefinitionRouteLocator|lambda$initFactories$1|89] - Loaded RoutePredicateFactory [ReadBody]
[] [2025-01-26 20:30:20.701] [INFO ] [o.s.c.g.r.RouteDefinitionRouteLocator|lambda$initFactories$1|89] - Loaded RoutePredicateFactory [RemoteAddr]
[] [2025-01-26 20:30:20.701] [INFO ] [o.s.c.g.r.RouteDefinitionRouteLocator|lambda$initFactories$1|89] - Loaded RoutePredicateFactory [XForwardedRemoteAddr]
[] [2025-01-26 20:30:20.702] [INFO ] [o.s.c.g.r.RouteDefinitionRouteLocator|lambda$initFactories$1|89] - Loaded RoutePredicateFactory [Weight]
[] [2025-01-26 20:30:20.702] [INFO ] [o.s.c.g.r.RouteDefinitionRouteLocator|lambda$initFactories$1|89] - Loaded RoutePredicateFactory [CloudFoundryRouteService]
[] [2025-01-26 20:30:21.530] [INFO ] [o.s.b.w.e.netty.NettyWebServer|start|126] - Netty started on port 8080 (http)
[] [2025-01-26 20:30:22.157] [INFO ] [com.SaTokenGatewayApp|logStarted|59] - Started SaTokenGatewayApp in 3.587 seconds (process running for 5.129)
[] [2025-01-26 20:33:01.746] [INFO ] [o.s.b.w.e.netty.GracefulShutdown|shutDownGracefully|53] - Commencing graceful shutdown. Waiting for active requests to complete
[] [2025-01-26 20:33:01.770] [INFO ] [o.s.b.w.e.netty.GracefulShutdown|doShutdown|62] - Graceful shutdown complete
[] [2025-01-26 20:33:11.102] [INFO ] [o.h.validator.internal.util.Version|<clinit>|21] - HV000001: Hibernate Validator 8.0.2.Final
[] [2025-01-26 20:33:11.132] [INFO ] [com.SaTokenGatewayApp|logStarting|53] - Starting SaTokenGatewayApp using Java 17.0.11 with PID 18056 (C:\Dev\projects\jee\sa-token-examples\sa-token-gateway\target\classes started by zhuojun.feng in C:\Dev\projects\jee\sa-token-examples)
[] [2025-01-26 20:33:11.133] [INFO ] [com.SaTokenGatewayApp|logStartupProfileInfo|658] - The following 1 profile is active: "loc"
[] [2025-01-26 20:33:11.825] [INFO ] [o.s.cloud.context.scope.GenericScope|setSerializationId|282] - BeanFactory id=9da9c9ea-6582-39e8-a75f-1ab6018ad463
[] [2025-01-26 20:33:12.482] [INFO ] [o.s.c.g.r.RouteDefinitionRouteLocator|lambda$initFactories$1|89] - Loaded RoutePredicateFactory [After]
[] [2025-01-26 20:33:12.483] [INFO ] [o.s.c.g.r.RouteDefinitionRouteLocator|lambda$initFactories$1|89] - Loaded RoutePredicateFactory [Before]
[] [2025-01-26 20:33:12.484] [INFO ] [o.s.c.g.r.RouteDefinitionRouteLocator|lambda$initFactories$1|89] - Loaded RoutePredicateFactory [Between]
[] [2025-01-26 20:33:12.484] [INFO ] [o.s.c.g.r.RouteDefinitionRouteLocator|lambda$initFactories$1|89] - Loaded RoutePredicateFactory [Cookie]
[] [2025-01-26 20:33:12.484] [INFO ] [o.s.c.g.r.RouteDefinitionRouteLocator|lambda$initFactories$1|89] - Loaded RoutePredicateFactory [Header]
[] [2025-01-26 20:33:12.485] [INFO ] [o.s.c.g.r.RouteDefinitionRouteLocator|lambda$initFactories$1|89] - Loaded RoutePredicateFactory [Host]
[] [2025-01-26 20:33:12.485] [INFO ] [o.s.c.g.r.RouteDefinitionRouteLocator|lambda$initFactories$1|89] - Loaded RoutePredicateFactory [Method]
[] [2025-01-26 20:33:12.485] [INFO ] [o.s.c.g.r.RouteDefinitionRouteLocator|lambda$initFactories$1|89] - Loaded RoutePredicateFactory [Path]
[] [2025-01-26 20:33:12.485] [INFO ] [o.s.c.g.r.RouteDefinitionRouteLocator|lambda$initFactories$1|89] - Loaded RoutePredicateFactory [Query]
[] [2025-01-26 20:33:12.486] [INFO ] [o.s.c.g.r.RouteDefinitionRouteLocator|lambda$initFactories$1|89] - Loaded RoutePredicateFactory [ReadBody]
[] [2025-01-26 20:33:12.486] [INFO ] [o.s.c.g.r.RouteDefinitionRouteLocator|lambda$initFactories$1|89] - Loaded RoutePredicateFactory [RemoteAddr]
[] [2025-01-26 20:33:12.486] [INFO ] [o.s.c.g.r.RouteDefinitionRouteLocator|lambda$initFactories$1|89] - Loaded RoutePredicateFactory [XForwardedRemoteAddr]
[] [2025-01-26 20:33:12.487] [INFO ] [o.s.c.g.r.RouteDefinitionRouteLocator|lambda$initFactories$1|89] - Loaded RoutePredicateFactory [Weight]
[] [2025-01-26 20:33:12.487] [INFO ] [o.s.c.g.r.RouteDefinitionRouteLocator|lambda$initFactories$1|89] - Loaded RoutePredicateFactory [CloudFoundryRouteService]
[] [2025-01-26 20:33:13.043] [INFO ] [o.s.b.w.e.netty.NettyWebServer|start|126] - Netty started on port 8080 (http)
[] [2025-01-26 20:33:13.647] [INFO ] [com.SaTokenGatewayApp|logStarted|59] - Started SaTokenGatewayApp in 3.015 seconds (process running for 4.438)
[] [2025-01-26 21:10:42.224] [INFO ] [o.s.b.w.e.netty.GracefulShutdown|shutDownGracefully|53] - Commencing graceful shutdown. Waiting for active requests to complete
[] [2025-01-26 21:10:42.243] [INFO ] [o.s.b.w.e.netty.GracefulShutdown|doShutdown|62] - Graceful shutdown complete
[] [2025-01-26 21:10:52.481] [INFO ] [o.h.validator.internal.util.Version|<clinit>|21] - HV000001: Hibernate Validator 8.0.2.Final
[] [2025-01-26 21:10:52.493] [INFO ] [com.SaTokenGatewayApp|logStarting|53] - Starting SaTokenGatewayApp using Java 17.0.11 with PID 4440 (C:\Dev\projects\jee\sa-token-examples\sa-token-gateway\target\classes started by zhuojun.feng in C:\Dev\projects\jee\sa-token-examples)
[] [2025-01-26 21:10:52.509] [INFO ] [com.SaTokenGatewayApp|logStartupProfileInfo|658] - The following 1 profile is active: "loc"
[] [2025-01-26 21:10:53.147] [INFO ] [o.s.cloud.context.scope.GenericScope|setSerializationId|282] - BeanFactory id=9da9c9ea-6582-39e8-a75f-1ab6018ad463
[] [2025-01-26 21:10:53.807] [INFO ] [o.s.c.g.r.RouteDefinitionRouteLocator|lambda$initFactories$1|89] - Loaded RoutePredicateFactory [After]
[] [2025-01-26 21:10:53.807] [INFO ] [o.s.c.g.r.RouteDefinitionRouteLocator|lambda$initFactories$1|89] - Loaded RoutePredicateFactory [Before]
[] [2025-01-26 21:10:53.807] [INFO ] [o.s.c.g.r.RouteDefinitionRouteLocator|lambda$initFactories$1|89] - Loaded RoutePredicateFactory [Between]
[] [2025-01-26 21:10:53.807] [INFO ] [o.s.c.g.r.RouteDefinitionRouteLocator|lambda$initFactories$1|89] - Loaded RoutePredicateFactory [Cookie]
[] [2025-01-26 21:10:53.807] [INFO ] [o.s.c.g.r.RouteDefinitionRouteLocator|lambda$initFactories$1|89] - Loaded RoutePredicateFactory [Header]
[] [2025-01-26 21:10:53.807] [INFO ] [o.s.c.g.r.RouteDefinitionRouteLocator|lambda$initFactories$1|89] - Loaded RoutePredicateFactory [Host]
[] [2025-01-26 21:10:53.807] [INFO ] [o.s.c.g.r.RouteDefinitionRouteLocator|lambda$initFactories$1|89] - Loaded RoutePredicateFactory [Method]
[] [2025-01-26 21:10:53.807] [INFO ] [o.s.c.g.r.RouteDefinitionRouteLocator|lambda$initFactories$1|89] - Loaded RoutePredicateFactory [Path]
[] [2025-01-26 21:10:53.807] [INFO ] [o.s.c.g.r.RouteDefinitionRouteLocator|lambda$initFactories$1|89] - Loaded RoutePredicateFactory [Query]
[] [2025-01-26 21:10:53.807] [INFO ] [o.s.c.g.r.RouteDefinitionRouteLocator|lambda$initFactories$1|89] - Loaded RoutePredicateFactory [ReadBody]
[] [2025-01-26 21:10:53.807] [INFO ] [o.s.c.g.r.RouteDefinitionRouteLocator|lambda$initFactories$1|89] - Loaded RoutePredicateFactory [RemoteAddr]
[] [2025-01-26 21:10:53.823] [INFO ] [o.s.c.g.r.RouteDefinitionRouteLocator|lambda$initFactories$1|89] - Loaded RoutePredicateFactory [XForwardedRemoteAddr]
[] [2025-01-26 21:10:53.823] [INFO ] [o.s.c.g.r.RouteDefinitionRouteLocator|lambda$initFactories$1|89] - Loaded RoutePredicateFactory [Weight]
[] [2025-01-26 21:10:53.823] [INFO ] [o.s.c.g.r.RouteDefinitionRouteLocator|lambda$initFactories$1|89] - Loaded RoutePredicateFactory [CloudFoundryRouteService]
[] [2025-01-26 21:10:54.423] [INFO ] [o.s.b.w.e.netty.NettyWebServer|start|126] - Netty started on port 8080 (http)
[] [2025-01-26 21:10:55.006] [INFO ] [com.SaTokenGatewayApp|logStarted|59] - Started SaTokenGatewayApp in 2.967 seconds (process running for 4.381)
[] [2025-01-26 21:36:11.720] [INFO ] [o.s.b.w.e.netty.GracefulShutdown|shutDownGracefully|53] - Commencing graceful shutdown. Waiting for active requests to complete
[] [2025-01-26 21:36:11.731] [INFO ] [o.s.b.w.e.netty.GracefulShutdown|doShutdown|62] - Graceful shutdown complete
[] [2025-01-26 21:38:13.531] [INFO ] [o.h.validator.internal.util.Version|<clinit>|21] - HV000001: Hibernate Validator 8.0.2.Final
[] [2025-01-26 21:38:13.553] [INFO ] [com.SaTokenGatewayApp|logStarting|53] - Starting SaTokenGatewayApp using Java 17.0.11 with PID 14232 (C:\Dev\projects\jee\sa-token-examples\sa-token-gateway\target\classes started by zhuojun.feng in C:\Dev\projects\jee\sa-token-examples)
[] [2025-01-26 21:38:13.553] [INFO ] [com.SaTokenGatewayApp|logStartupProfileInfo|658] - The following 1 profile is active: "loc"
[] [2025-01-26 21:38:14.179] [INFO ] [o.s.cloud.context.scope.GenericScope|setSerializationId|282] - BeanFactory id=9da9c9ea-6582-39e8-a75f-1ab6018ad463
[] [2025-01-26 21:38:14.770] [INFO ] [o.s.c.g.r.RouteDefinitionRouteLocator|lambda$initFactories$1|89] - Loaded RoutePredicateFactory [After]
[] [2025-01-26 21:38:14.770] [INFO ] [o.s.c.g.r.RouteDefinitionRouteLocator|lambda$initFactories$1|89] - Loaded RoutePredicateFactory [Before]
[] [2025-01-26 21:38:14.770] [INFO ] [o.s.c.g.r.RouteDefinitionRouteLocator|lambda$initFactories$1|89] - Loaded RoutePredicateFactory [Between]
[] [2025-01-26 21:38:14.770] [INFO ] [o.s.c.g.r.RouteDefinitionRouteLocator|lambda$initFactories$1|89] - Loaded RoutePredicateFactory [Cookie]
[] [2025-01-26 21:38:14.770] [INFO ] [o.s.c.g.r.RouteDefinitionRouteLocator|lambda$initFactories$1|89] - Loaded RoutePredicateFactory [Header]
[] [2025-01-26 21:38:14.770] [INFO ] [o.s.c.g.r.RouteDefinitionRouteLocator|lambda$initFactories$1|89] - Loaded RoutePredicateFactory [Host]
[] [2025-01-26 21:38:14.770] [INFO ] [o.s.c.g.r.RouteDefinitionRouteLocator|lambda$initFactories$1|89] - Loaded RoutePredicateFactory [Method]
[] [2025-01-26 21:38:14.770] [INFO ] [o.s.c.g.r.RouteDefinitionRouteLocator|lambda$initFactories$1|89] - Loaded RoutePredicateFactory [Path]
[] [2025-01-26 21:38:14.770] [INFO ] [o.s.c.g.r.RouteDefinitionRouteLocator|lambda$initFactories$1|89] - Loaded RoutePredicateFactory [Query]
[] [2025-01-26 21:38:14.770] [INFO ] [o.s.c.g.r.RouteDefinitionRouteLocator|lambda$initFactories$1|89] - Loaded RoutePredicateFactory [ReadBody]
[] [2025-01-26 21:38:14.770] [INFO ] [o.s.c.g.r.RouteDefinitionRouteLocator|lambda$initFactories$1|89] - Loaded RoutePredicateFactory [RemoteAddr]
[] [2025-01-26 21:38:14.770] [INFO ] [o.s.c.g.r.RouteDefinitionRouteLocator|lambda$initFactories$1|89] - Loaded RoutePredicateFactory [XForwardedRemoteAddr]
[] [2025-01-26 21:38:14.770] [INFO ] [o.s.c.g.r.RouteDefinitionRouteLocator|lambda$initFactories$1|89] - Loaded RoutePredicateFactory [Weight]
[] [2025-01-26 21:38:14.770] [INFO ] [o.s.c.g.r.RouteDefinitionRouteLocator|lambda$initFactories$1|89] - Loaded RoutePredicateFactory [CloudFoundryRouteService]
[] [2025-01-26 21:38:15.349] [INFO ] [o.s.b.w.e.netty.NettyWebServer|start|126] - Netty started on port 8080 (http)
[] [2025-01-26 21:38:16.061] [INFO ] [com.SaTokenGatewayApp|logStarted|59] - Started SaTokenGatewayApp in 3.046 seconds (process running for 4.421)
[] [2025-01-26 22:25:08.824] [INFO ] [o.s.b.w.e.netty.GracefulShutdown|shutDownGracefully|53] - Commencing graceful shutdown. Waiting for active requests to complete
[] [2025-01-26 22:25:08.893] [INFO ] [o.s.b.w.e.netty.GracefulShutdown|doShutdown|62] - Graceful shutdown complete
[] [2025-01-26 22:25:25.941] [INFO ] [o.h.validator.internal.util.Version|<clinit>|21] - HV000001: Hibernate Validator 8.0.2.Final
[] [2025-01-26 22:25:25.973] [INFO ] [com.SaTokenGatewayApp|logStarting|53] - Starting SaTokenGatewayApp using Java 17.0.11 with PID 11316 (C:\Dev\projects\jee\sa-token-examples\sa-token-gateway\target\classes started by zhuojun.feng in C:\Dev\projects\jee\sa-token-examples)
[] [2025-01-26 22:25:25.973] [INFO ] [com.SaTokenGatewayApp|logStartupProfileInfo|658] - The following 1 profile is active: "loc"
[] [2025-01-26 22:25:26.631] [INFO ] [o.s.cloud.context.scope.GenericScope|setSerializationId|282] - BeanFactory id=9da9c9ea-6582-39e8-a75f-1ab6018ad463
[] [2025-01-26 22:25:27.208] [INFO ] [o.s.c.g.r.RouteDefinitionRouteLocator|lambda$initFactories$1|89] - Loaded RoutePredicateFactory [After]
[] [2025-01-26 22:25:27.208] [INFO ] [o.s.c.g.r.RouteDefinitionRouteLocator|lambda$initFactories$1|89] - Loaded RoutePredicateFactory [Before]
[] [2025-01-26 22:25:27.208] [INFO ] [o.s.c.g.r.RouteDefinitionRouteLocator|lambda$initFactories$1|89] - Loaded RoutePredicateFactory [Between]
[] [2025-01-26 22:25:27.208] [INFO ] [o.s.c.g.r.RouteDefinitionRouteLocator|lambda$initFactories$1|89] - Loaded RoutePredicateFactory [Cookie]
[] [2025-01-26 22:25:27.208] [INFO ] [o.s.c.g.r.RouteDefinitionRouteLocator|lambda$initFactories$1|89] - Loaded RoutePredicateFactory [Header]
[] [2025-01-26 22:25:27.208] [INFO ] [o.s.c.g.r.RouteDefinitionRouteLocator|lambda$initFactories$1|89] - Loaded RoutePredicateFactory [Host]
[] [2025-01-26 22:25:27.208] [INFO ] [o.s.c.g.r.RouteDefinitionRouteLocator|lambda$initFactories$1|89] - Loaded RoutePredicateFactory [Method]
[] [2025-01-26 22:25:27.208] [INFO ] [o.s.c.g.r.RouteDefinitionRouteLocator|lambda$initFactories$1|89] - Loaded RoutePredicateFactory [Path]
[] [2025-01-26 22:25:27.208] [INFO ] [o.s.c.g.r.RouteDefinitionRouteLocator|lambda$initFactories$1|89] - Loaded RoutePredicateFactory [Query]
[] [2025-01-26 22:25:27.208] [INFO ] [o.s.c.g.r.RouteDefinitionRouteLocator|lambda$initFactories$1|89] - Loaded RoutePredicateFactory [ReadBody]
[] [2025-01-26 22:25:27.208] [INFO ] [o.s.c.g.r.RouteDefinitionRouteLocator|lambda$initFactories$1|89] - Loaded RoutePredicateFactory [RemoteAddr]
[] [2025-01-26 22:25:27.208] [INFO ] [o.s.c.g.r.RouteDefinitionRouteLocator|lambda$initFactories$1|89] - Loaded RoutePredicateFactory [XForwardedRemoteAddr]
[] [2025-01-26 22:25:27.208] [INFO ] [o.s.c.g.r.RouteDefinitionRouteLocator|lambda$initFactories$1|89] - Loaded RoutePredicateFactory [Weight]
[] [2025-01-26 22:25:27.208] [INFO ] [o.s.c.g.r.RouteDefinitionRouteLocator|lambda$initFactories$1|89] - Loaded RoutePredicateFactory [CloudFoundryRouteService]
[] [2025-01-26 22:25:27.811] [INFO ] [o.s.b.w.e.netty.NettyWebServer|start|126] - Netty started on port 8080 (http)
[] [2025-01-26 22:25:28.243] [INFO ] [com.SaTokenGatewayApp|logStarted|59] - Started SaTokenGatewayApp in 2.769 seconds (process running for 4.167)
[] [2025-01-26 22:27:20.346] [INFO ] [o.s.b.w.e.netty.GracefulShutdown|shutDownGracefully|53] - Commencing graceful shutdown. Waiting for active requests to complete
[] [2025-01-26 22:27:20.364] [INFO ] [o.s.b.w.e.netty.GracefulShutdown|doShutdown|62] - Graceful shutdown complete
[] [2025-01-26 22:27:30.482] [INFO ] [o.h.validator.internal.util.Version|<clinit>|21] - HV000001: Hibernate Validator 8.0.2.Final
[] [2025-01-26 22:27:30.506] [INFO ] [com.SaTokenGatewayApp|logStarting|53] - Starting SaTokenGatewayApp using Java 17.0.11 with PID 1496 (C:\Dev\projects\jee\sa-token-examples\sa-token-gateway\target\classes started by zhuojun.feng in C:\Dev\projects\jee\sa-token-examples)
[] [2025-01-26 22:27:30.506] [INFO ] [com.SaTokenGatewayApp|logStartupProfileInfo|658] - The following 1 profile is active: "loc"
[] [2025-01-26 22:27:31.148] [INFO ] [o.s.cloud.context.scope.GenericScope|setSerializationId|282] - BeanFactory id=9da9c9ea-6582-39e8-a75f-1ab6018ad463
[] [2025-01-26 22:27:31.839] [INFO ] [o.s.c.g.r.RouteDefinitionRouteLocator|lambda$initFactories$1|89] - Loaded RoutePredicateFactory [After]
[] [2025-01-26 22:27:31.839] [INFO ] [o.s.c.g.r.RouteDefinitionRouteLocator|lambda$initFactories$1|89] - Loaded RoutePredicateFactory [Before]
[] [2025-01-26 22:27:31.839] [INFO ] [o.s.c.g.r.RouteDefinitionRouteLocator|lambda$initFactories$1|89] - Loaded RoutePredicateFactory [Between]
[] [2025-01-26 22:27:31.839] [INFO ] [o.s.c.g.r.RouteDefinitionRouteLocator|lambda$initFactories$1|89] - Loaded RoutePredicateFactory [Cookie]
[] [2025-01-26 22:27:31.839] [INFO ] [o.s.c.g.r.RouteDefinitionRouteLocator|lambda$initFactories$1|89] - Loaded RoutePredicateFactory [Header]
[] [2025-01-26 22:27:31.839] [INFO ] [o.s.c.g.r.RouteDefinitionRouteLocator|lambda$initFactories$1|89] - Loaded RoutePredicateFactory [Host]
[] [2025-01-26 22:27:31.839] [INFO ] [o.s.c.g.r.RouteDefinitionRouteLocator|lambda$initFactories$1|89] - Loaded RoutePredicateFactory [Method]
[] [2025-01-26 22:27:31.839] [INFO ] [o.s.c.g.r.RouteDefinitionRouteLocator|lambda$initFactories$1|89] - Loaded RoutePredicateFactory [Path]
[] [2025-01-26 22:27:31.854] [INFO ] [o.s.c.g.r.RouteDefinitionRouteLocator|lambda$initFactories$1|89] - Loaded RoutePredicateFactory [Query]
[] [2025-01-26 22:27:31.854] [INFO ] [o.s.c.g.r.RouteDefinitionRouteLocator|lambda$initFactories$1|89] - Loaded RoutePredicateFactory [ReadBody]
[] [2025-01-26 22:27:31.854] [INFO ] [o.s.c.g.r.RouteDefinitionRouteLocator|lambda$initFactories$1|89] - Loaded RoutePredicateFactory [RemoteAddr]
[] [2025-01-26 22:27:31.854] [INFO ] [o.s.c.g.r.RouteDefinitionRouteLocator|lambda$initFactories$1|89] - Loaded RoutePredicateFactory [XForwardedRemoteAddr]
[] [2025-01-26 22:27:31.854] [INFO ] [o.s.c.g.r.RouteDefinitionRouteLocator|lambda$initFactories$1|89] - Loaded RoutePredicateFactory [Weight]
[] [2025-01-26 22:27:31.854] [INFO ] [o.s.c.g.r.RouteDefinitionRouteLocator|lambda$initFactories$1|89] - Loaded RoutePredicateFactory [CloudFoundryRouteService]
[] [2025-01-26 22:27:32.488] [INFO ] [o.s.b.w.e.netty.NettyWebServer|start|126] - Netty started on port 8080 (http)
[] [2025-01-26 22:27:32.895] [INFO ] [com.SaTokenGatewayApp|logStarted|59] - Started SaTokenGatewayApp in 2.916 seconds (process running for 4.312)
[] [2025-01-26 22:29:14.149] [INFO ] [o.s.b.w.e.netty.GracefulShutdown|shutDownGracefully|53] - Commencing graceful shutdown. Waiting for active requests to complete
[] [2025-01-26 22:29:14.176] [INFO ] [o.s.b.w.e.netty.GracefulShutdown|doShutdown|62] - Graceful shutdown complete
[] [2025-01-26 22:35:35.756] [INFO ] [o.h.validator.internal.util.Version|<clinit>|21] - HV000001: Hibernate Validator 8.0.2.Final
[] [2025-01-26 22:35:35.773] [INFO ] [com.SaTokenGatewayApp|logStarting|53] - Starting SaTokenGatewayApp using Java 17.0.11 with PID 22656 (C:\Dev\projects\jee\sa-token-examples\sa-token-gateway\target\classes started by zhuojun.feng in C:\Dev\projects\jee\sa-token-examples)
[] [2025-01-26 22:35:35.864] [INFO ] [com.SaTokenGatewayApp|logStartupProfileInfo|658] - The following 1 profile is active: "loc"
[] [2025-01-26 22:35:36.541] [INFO ] [o.s.cloud.context.scope.GenericScope|setSerializationId|282] - BeanFactory id=9da9c9ea-6582-39e8-a75f-1ab6018ad463
[] [2025-01-26 22:35:37.185] [INFO ] [o.s.c.g.r.RouteDefinitionRouteLocator|lambda$initFactories$1|89] - Loaded RoutePredicateFactory [After]
[] [2025-01-26 22:35:37.185] [INFO ] [o.s.c.g.r.RouteDefinitionRouteLocator|lambda$initFactories$1|89] - Loaded RoutePredicateFactory [Before]
[] [2025-01-26 22:35:37.185] [INFO ] [o.s.c.g.r.RouteDefinitionRouteLocator|lambda$initFactories$1|89] - Loaded RoutePredicateFactory [Between]
[] [2025-01-26 22:35:37.185] [INFO ] [o.s.c.g.r.RouteDefinitionRouteLocator|lambda$initFactories$1|89] - Loaded RoutePredicateFactory [Cookie]
[] [2025-01-26 22:35:37.185] [INFO ] [o.s.c.g.r.RouteDefinitionRouteLocator|lambda$initFactories$1|89] - Loaded RoutePredicateFactory [Header]
[] [2025-01-26 22:35:37.185] [INFO ] [o.s.c.g.r.RouteDefinitionRouteLocator|lambda$initFactories$1|89] - Loaded RoutePredicateFactory [Host]
[] [2025-01-26 22:35:37.185] [INFO ] [o.s.c.g.r.RouteDefinitionRouteLocator|lambda$initFactories$1|89] - Loaded RoutePredicateFactory [Method]
[] [2025-01-26 22:35:37.185] [INFO ] [o.s.c.g.r.RouteDefinitionRouteLocator|lambda$initFactories$1|89] - Loaded RoutePredicateFactory [Path]
[] [2025-01-26 22:35:37.185] [INFO ] [o.s.c.g.r.RouteDefinitionRouteLocator|lambda$initFactories$1|89] - Loaded RoutePredicateFactory [Query]
[] [2025-01-26 22:35:37.185] [INFO ] [o.s.c.g.r.RouteDefinitionRouteLocator|lambda$initFactories$1|89] - Loaded RoutePredicateFactory [ReadBody]
[] [2025-01-26 22:35:37.185] [INFO ] [o.s.c.g.r.RouteDefinitionRouteLocator|lambda$initFactories$1|89] - Loaded RoutePredicateFactory [RemoteAddr]
[] [2025-01-26 22:35:37.185] [INFO ] [o.s.c.g.r.RouteDefinitionRouteLocator|lambda$initFactories$1|89] - Loaded RoutePredicateFactory [XForwardedRemoteAddr]
[] [2025-01-26 22:35:37.185] [INFO ] [o.s.c.g.r.RouteDefinitionRouteLocator|lambda$initFactories$1|89] - Loaded RoutePredicateFactory [Weight]
[] [2025-01-26 22:35:37.185] [INFO ] [o.s.c.g.r.RouteDefinitionRouteLocator|lambda$initFactories$1|89] - Loaded RoutePredicateFactory [CloudFoundryRouteService]
[] [2025-01-26 22:35:37.732] [INFO ] [o.s.b.w.e.netty.NettyWebServer|start|126] - Netty started on port 8080 (http)
[] [2025-01-26 22:35:38.158] [INFO ] [com.SaTokenGatewayApp|logStarted|59] - Started SaTokenGatewayApp in 2.982 seconds (process running for 4.557)
[] [2025-01-26 22:38:50.117] [INFO ] [o.s.b.w.e.netty.GracefulShutdown|shutDownGracefully|53] - Commencing graceful shutdown. Waiting for active requests to complete
[] [2025-01-26 22:38:50.134] [INFO ] [o.s.b.w.e.netty.GracefulShutdown|doShutdown|62] - Graceful shutdown complete
[] [2025-01-26 22:44:12.095] [INFO ] [o.h.validator.internal.util.Version|<clinit>|21] - HV000001: Hibernate Validator 8.0.2.Final
[] [2025-01-26 22:44:12.119] [INFO ] [com.SaTokenGatewayApp|logStarting|53] - Starting SaTokenGatewayApp using Java 17.0.11 with PID 5472 (C:\Dev\projects\jee\sa-token-examples\sa-token-gateway\target\classes started by zhuojun.feng in C:\Dev\projects\jee\sa-token-examples)
[] [2025-01-26 22:44:12.184] [INFO ] [com.SaTokenGatewayApp|logStartupProfileInfo|658] - The following 1 profile is active: "loc"
[] [2025-01-26 22:44:12.840] [INFO ] [o.s.cloud.context.scope.GenericScope|setSerializationId|282] - BeanFactory id=9da9c9ea-6582-39e8-a75f-1ab6018ad463
[] [2025-01-26 22:44:13.467] [INFO ] [o.s.c.g.r.RouteDefinitionRouteLocator|lambda$initFactories$1|89] - Loaded RoutePredicateFactory [After]
[] [2025-01-26 22:44:13.467] [INFO ] [o.s.c.g.r.RouteDefinitionRouteLocator|lambda$initFactories$1|89] - Loaded RoutePredicateFactory [Before]
[] [2025-01-26 22:44:13.467] [INFO ] [o.s.c.g.r.RouteDefinitionRouteLocator|lambda$initFactories$1|89] - Loaded RoutePredicateFactory [Between]
[] [2025-01-26 22:44:13.467] [INFO ] [o.s.c.g.r.RouteDefinitionRouteLocator|lambda$initFactories$1|89] - Loaded RoutePredicateFactory [Cookie]
[] [2025-01-26 22:44:13.467] [INFO ] [o.s.c.g.r.RouteDefinitionRouteLocator|lambda$initFactories$1|89] - Loaded RoutePredicateFactory [Header]
[] [2025-01-26 22:44:13.467] [INFO ] [o.s.c.g.r.RouteDefinitionRouteLocator|lambda$initFactories$1|89] - Loaded RoutePredicateFactory [Host]
[] [2025-01-26 22:44:13.467] [INFO ] [o.s.c.g.r.RouteDefinitionRouteLocator|lambda$initFactories$1|89] - Loaded RoutePredicateFactory [Method]
[] [2025-01-26 22:44:13.467] [INFO ] [o.s.c.g.r.RouteDefinitionRouteLocator|lambda$initFactories$1|89] - Loaded RoutePredicateFactory [Path]
[] [2025-01-26 22:44:13.467] [INFO ] [o.s.c.g.r.RouteDefinitionRouteLocator|lambda$initFactories$1|89] - Loaded RoutePredicateFactory [Query]
[] [2025-01-26 22:44:13.467] [INFO ] [o.s.c.g.r.RouteDefinitionRouteLocator|lambda$initFactories$1|89] - Loaded RoutePredicateFactory [ReadBody]
[] [2025-01-26 22:44:13.467] [INFO ] [o.s.c.g.r.RouteDefinitionRouteLocator|lambda$initFactories$1|89] - Loaded RoutePredicateFactory [RemoteAddr]
[] [2025-01-26 22:44:13.467] [INFO ] [o.s.c.g.r.RouteDefinitionRouteLocator|lambda$initFactories$1|89] - Loaded RoutePredicateFactory [XForwardedRemoteAddr]
[] [2025-01-26 22:44:13.467] [INFO ] [o.s.c.g.r.RouteDefinitionRouteLocator|lambda$initFactories$1|89] - Loaded RoutePredicateFactory [Weight]
[] [2025-01-26 22:44:13.467] [INFO ] [o.s.c.g.r.RouteDefinitionRouteLocator|lambda$initFactories$1|89] - Loaded RoutePredicateFactory [CloudFoundryRouteService]
[] [2025-01-26 22:44:13.949] [INFO ] [o.s.b.w.e.netty.NettyWebServer|start|126] - Netty started on port 8080 (http)
[] [2025-01-26 22:44:14.690] [INFO ] [com.SaTokenGatewayApp|logStarted|59] - Started SaTokenGatewayApp in 3.097 seconds (process running for 4.356)
[] [2025-01-26 22:52:05.171] [INFO ] [o.s.b.w.e.netty.GracefulShutdown|shutDownGracefully|53] - Commencing graceful shutdown. Waiting for active requests to complete
[] [2025-01-26 22:52:05.181] [INFO ] [o.s.b.w.e.netty.GracefulShutdown|doShutdown|62] - Graceful shutdown complete
[] [2025-01-26 22:57:34.098] [INFO ] [o.h.validator.internal.util.Version|<clinit>|21] - HV000001: Hibernate Validator 8.0.2.Final
[] [2025-01-26 22:57:34.134] [INFO ] [com.SaTokenGatewayApp|logStarting|53] - Starting SaTokenGatewayApp using Java 17.0.11 with PID 8660 (C:\Dev\projects\jee\sa-token-examples\sa-token-gateway\target\classes started by zhuojun.feng in C:\Dev\projects\jee\sa-token-examples)
[] [2025-01-26 22:57:34.136] [INFO ] [com.SaTokenGatewayApp|logStartupProfileInfo|658] - The following 1 profile is active: "loc"
[] [2025-01-26 22:57:34.888] [INFO ] [o.s.d.r.c.RepositoryConfigurationDelegate|multipleStoresDetected|295] - Multiple Spring Data modules found, entering strict repository configuration mode
[] [2025-01-26 22:57:34.890] [INFO ] [o.s.d.r.c.RepositoryConfigurationDelegate|registerRepositoriesIn|143] - Bootstrapping Spring Data Redis repositories in DEFAULT mode.
[] [2025-01-26 22:57:35.074] [INFO ] [o.s.d.r.c.RepositoryConfigurationDelegate|registerRepositoriesIn|211] - Finished Spring Data repository scanning in 166 ms. Found 0 Redis repository interfaces.
[] [2025-01-26 22:57:35.180] [INFO ] [o.s.cloud.context.scope.GenericScope|setSerializationId|282] - BeanFactory id=df489ada-f688-36da-87f5-6c038804e437
[] [2025-01-26 22:57:36.173] [INFO ] [o.s.c.g.r.RouteDefinitionRouteLocator|lambda$initFactories$1|89] - Loaded RoutePredicateFactory [After]
[] [2025-01-26 22:57:36.174] [INFO ] [o.s.c.g.r.RouteDefinitionRouteLocator|lambda$initFactories$1|89] - Loaded RoutePredicateFactory [Before]
[] [2025-01-26 22:57:36.174] [INFO ] [o.s.c.g.r.RouteDefinitionRouteLocator|lambda$initFactories$1|89] - Loaded RoutePredicateFactory [Between]
[] [2025-01-26 22:57:36.175] [INFO ] [o.s.c.g.r.RouteDefinitionRouteLocator|lambda$initFactories$1|89] - Loaded RoutePredicateFactory [Cookie]
[] [2025-01-26 22:57:36.175] [INFO ] [o.s.c.g.r.RouteDefinitionRouteLocator|lambda$initFactories$1|89] - Loaded RoutePredicateFactory [Header]
[] [2025-01-26 22:57:36.175] [INFO ] [o.s.c.g.r.RouteDefinitionRouteLocator|lambda$initFactories$1|89] - Loaded RoutePredicateFactory [Host]
[] [2025-01-26 22:57:36.176] [INFO ] [o.s.c.g.r.RouteDefinitionRouteLocator|lambda$initFactories$1|89] - Loaded RoutePredicateFactory [Method]
[] [2025-01-26 22:57:36.176] [INFO ] [o.s.c.g.r.RouteDefinitionRouteLocator|lambda$initFactories$1|89] - Loaded RoutePredicateFactory [Path]
[] [2025-01-26 22:57:36.176] [INFO ] [o.s.c.g.r.RouteDefinitionRouteLocator|lambda$initFactories$1|89] - Loaded RoutePredicateFactory [Query]
[] [2025-01-26 22:57:36.176] [INFO ] [o.s.c.g.r.RouteDefinitionRouteLocator|lambda$initFactories$1|89] - Loaded RoutePredicateFactory [ReadBody]
[] [2025-01-26 22:57:36.176] [INFO ] [o.s.c.g.r.RouteDefinitionRouteLocator|lambda$initFactories$1|89] - Loaded RoutePredicateFactory [RemoteAddr]
[] [2025-01-26 22:57:36.177] [INFO ] [o.s.c.g.r.RouteDefinitionRouteLocator|lambda$initFactories$1|89] - Loaded RoutePredicateFactory [XForwardedRemoteAddr]
[] [2025-01-26 22:57:36.177] [INFO ] [o.s.c.g.r.RouteDefinitionRouteLocator|lambda$initFactories$1|89] - Loaded RoutePredicateFactory [Weight]
[] [2025-01-26 22:57:36.177] [INFO ] [o.s.c.g.r.RouteDefinitionRouteLocator|lambda$initFactories$1|89] - Loaded RoutePredicateFactory [CloudFoundryRouteService]
[] [2025-01-26 22:57:36.638] [INFO ] [o.s.b.w.e.netty.NettyWebServer|start|126] - Netty started on port 8080 (http)
[] [2025-01-26 22:57:37.048] [INFO ] [com.SaTokenGatewayApp|logStarted|59] - Started SaTokenGatewayApp in 3.476 seconds (process running for 5.032)
[] [2025-01-26 23:02:06.340] [INFO ] [o.s.b.w.e.netty.GracefulShutdown|shutDownGracefully|53] - Commencing graceful shutdown. Waiting for active requests to complete
[] [2025-01-26 23:02:06.352] [INFO ] [o.s.b.w.e.netty.GracefulShutdown|doShutdown|62] - Graceful shutdown complete
[] [2025-01-26 23:08:08.122] [INFO ] [o.h.validator.internal.util.Version|<clinit>|21] - HV000001: Hibernate Validator 8.0.2.Final
[] [2025-01-26 23:08:08.150] [INFO ] [com.SaTokenGatewayApp|logStarting|53] - Starting SaTokenGatewayApp using Java 17.0.11 with PID 27368 (C:\Dev\projects\jee\sa-token-examples\sa-token-gateway\target\classes started by zhuojun.feng in C:\Dev\projects\jee\sa-token-examples)
[] [2025-01-26 23:08:08.221] [INFO ] [com.SaTokenGatewayApp|logStartupProfileInfo|658] - The following 1 profile is active: "loc"
[] [2025-01-26 23:08:08.943] [INFO ] [o.s.d.r.c.RepositoryConfigurationDelegate|multipleStoresDetected|295] - Multiple Spring Data modules found, entering strict repository configuration mode
[] [2025-01-26 23:08:08.943] [INFO ] [o.s.d.r.c.RepositoryConfigurationDelegate|registerRepositoriesIn|143] - Bootstrapping Spring Data Redis repositories in DEFAULT mode.
[] [2025-01-26 23:08:09.068] [INFO ] [o.s.d.r.c.RepositoryConfigurationDelegate|registerRepositoriesIn|211] - Finished Spring Data repository scanning in 121 ms. Found 0 Redis repository interfaces.
[] [2025-01-26 23:08:09.181] [INFO ] [o.s.cloud.context.scope.GenericScope|setSerializationId|282] - BeanFactory id=df489ada-f688-36da-87f5-6c038804e437
[] [2025-01-26 23:08:09.904] [INFO ] [o.s.c.g.r.RouteDefinitionRouteLocator|lambda$initFactories$1|89] - Loaded RoutePredicateFactory [After]
[] [2025-01-26 23:08:09.904] [INFO ] [o.s.c.g.r.RouteDefinitionRouteLocator|lambda$initFactories$1|89] - Loaded RoutePredicateFactory [Before]
[] [2025-01-26 23:08:09.904] [INFO ] [o.s.c.g.r.RouteDefinitionRouteLocator|lambda$initFactories$1|89] - Loaded RoutePredicateFactory [Between]
[] [2025-01-26 23:08:09.904] [INFO ] [o.s.c.g.r.RouteDefinitionRouteLocator|lambda$initFactories$1|89] - Loaded RoutePredicateFactory [Cookie]
[] [2025-01-26 23:08:09.904] [INFO ] [o.s.c.g.r.RouteDefinitionRouteLocator|lambda$initFactories$1|89] - Loaded RoutePredicateFactory [Header]
[] [2025-01-26 23:08:09.904] [INFO ] [o.s.c.g.r.RouteDefinitionRouteLocator|lambda$initFactories$1|89] - Loaded RoutePredicateFactory [Host]
[] [2025-01-26 23:08:09.904] [INFO ] [o.s.c.g.r.RouteDefinitionRouteLocator|lambda$initFactories$1|89] - Loaded RoutePredicateFactory [Method]
[] [2025-01-26 23:08:09.904] [INFO ] [o.s.c.g.r.RouteDefinitionRouteLocator|lambda$initFactories$1|89] - Loaded RoutePredicateFactory [Path]
[] [2025-01-26 23:08:09.904] [INFO ] [o.s.c.g.r.RouteDefinitionRouteLocator|lambda$initFactories$1|89] - Loaded RoutePredicateFactory [Query]
[] [2025-01-26 23:08:09.904] [INFO ] [o.s.c.g.r.RouteDefinitionRouteLocator|lambda$initFactories$1|89] - Loaded RoutePredicateFactory [ReadBody]
[] [2025-01-26 23:08:09.904] [INFO ] [o.s.c.g.r.RouteDefinitionRouteLocator|lambda$initFactories$1|89] - Loaded RoutePredicateFactory [RemoteAddr]
[] [2025-01-26 23:08:09.904] [INFO ] [o.s.c.g.r.RouteDefinitionRouteLocator|lambda$initFactories$1|89] - Loaded RoutePredicateFactory [XForwardedRemoteAddr]
[] [2025-01-26 23:08:09.904] [INFO ] [o.s.c.g.r.RouteDefinitionRouteLocator|lambda$initFactories$1|89] - Loaded RoutePredicateFactory [Weight]
[] [2025-01-26 23:08:09.904] [INFO ] [o.s.c.g.r.RouteDefinitionRouteLocator|lambda$initFactories$1|89] - Loaded RoutePredicateFactory [CloudFoundryRouteService]
[] [2025-01-26 23:08:10.539] [INFO ] [o.s.b.w.e.netty.NettyWebServer|start|126] - Netty started on port 8080 (http)
[] [2025-01-26 23:08:10.845] [INFO ] [com.SaTokenGatewayApp|logStarted|59] - Started SaTokenGatewayApp in 3.327 seconds (process running for 4.859)
[] [2025-01-26 23:09:32.505] [INFO ] [o.s.b.w.e.netty.GracefulShutdown|shutDownGracefully|53] - Commencing graceful shutdown. Waiting for active requests to complete
[] [2025-01-26 23:09:32.533] [INFO ] [o.s.b.w.e.netty.GracefulShutdown|doShutdown|62] - Graceful shutdown complete
[] [2025-01-26 23:09:47.737] [INFO ] [o.h.validator.internal.util.Version|<clinit>|21] - HV000001: Hibernate Validator 8.0.2.Final
[] [2025-01-26 23:09:47.768] [INFO ] [com.SaTokenGatewayApp|logStarting|53] - Starting SaTokenGatewayApp using Java 17.0.11 with PID 23224 (C:\Dev\projects\jee\sa-token-examples\sa-token-gateway\target\classes started by zhuojun.feng in C:\Dev\projects\jee\sa-token-examples)
[] [2025-01-26 23:09:47.768] [INFO ] [com.SaTokenGatewayApp|logStartupProfileInfo|658] - The following 1 profile is active: "loc"
[] [2025-01-26 23:09:48.316] [INFO ] [o.s.d.r.c.RepositoryConfigurationDelegate|multipleStoresDetected|295] - Multiple Spring Data modules found, entering strict repository configuration mode
[] [2025-01-26 23:09:48.332] [INFO ] [o.s.d.r.c.RepositoryConfigurationDelegate|registerRepositoriesIn|143] - Bootstrapping Spring Data Redis repositories in DEFAULT mode.
[] [2025-01-26 23:09:48.441] [INFO ] [o.s.d.r.c.RepositoryConfigurationDelegate|registerRepositoriesIn|211] - Finished Spring Data repository scanning in 110 ms. Found 0 Redis repository interfaces.
[] [2025-01-26 23:09:48.536] [INFO ] [o.s.cloud.context.scope.GenericScope|setSerializationId|282] - BeanFactory id=df489ada-f688-36da-87f5-6c038804e437
[] [2025-01-26 23:09:49.336] [INFO ] [o.s.c.g.r.RouteDefinitionRouteLocator|lambda$initFactories$1|89] - Loaded RoutePredicateFactory [After]
[] [2025-01-26 23:09:49.336] [INFO ] [o.s.c.g.r.RouteDefinitionRouteLocator|lambda$initFactories$1|89] - Loaded RoutePredicateFactory [Before]
[] [2025-01-26 23:09:49.336] [INFO ] [o.s.c.g.r.RouteDefinitionRouteLocator|lambda$initFactories$1|89] - Loaded RoutePredicateFactory [Between]
[] [2025-01-26 23:09:49.336] [INFO ] [o.s.c.g.r.RouteDefinitionRouteLocator|lambda$initFactories$1|89] - Loaded RoutePredicateFactory [Cookie]
[] [2025-01-26 23:09:49.336] [INFO ] [o.s.c.g.r.RouteDefinitionRouteLocator|lambda$initFactories$1|89] - Loaded RoutePredicateFactory [Header]
[] [2025-01-26 23:09:49.336] [INFO ] [o.s.c.g.r.RouteDefinitionRouteLocator|lambda$initFactories$1|89] - Loaded RoutePredicateFactory [Host]
[] [2025-01-26 23:09:49.336] [INFO ] [o.s.c.g.r.RouteDefinitionRouteLocator|lambda$initFactories$1|89] - Loaded RoutePredicateFactory [Method]
[] [2025-01-26 23:09:49.336] [INFO ] [o.s.c.g.r.RouteDefinitionRouteLocator|lambda$initFactories$1|89] - Loaded RoutePredicateFactory [Path]
[] [2025-01-26 23:09:49.336] [INFO ] [o.s.c.g.r.RouteDefinitionRouteLocator|lambda$initFactories$1|89] - Loaded RoutePredicateFactory [Query]
[] [2025-01-26 23:09:49.336] [INFO ] [o.s.c.g.r.RouteDefinitionRouteLocator|lambda$initFactories$1|89] - Loaded RoutePredicateFactory [ReadBody]
[] [2025-01-26 23:09:49.336] [INFO ] [o.s.c.g.r.RouteDefinitionRouteLocator|lambda$initFactories$1|89] - Loaded RoutePredicateFactory [RemoteAddr]
[] [2025-01-26 23:09:49.336] [INFO ] [o.s.c.g.r.RouteDefinitionRouteLocator|lambda$initFactories$1|89] - Loaded RoutePredicateFactory [XForwardedRemoteAddr]
[] [2025-01-26 23:09:49.336] [INFO ] [o.s.c.g.r.RouteDefinitionRouteLocator|lambda$initFactories$1|89] - Loaded RoutePredicateFactory [Weight]
[] [2025-01-26 23:09:49.336] [INFO ] [o.s.c.g.r.RouteDefinitionRouteLocator|lambda$initFactories$1|89] - Loaded RoutePredicateFactory [CloudFoundryRouteService]
[] [2025-01-26 23:09:49.890] [INFO ] [o.s.b.w.e.netty.NettyWebServer|start|126] - Netty started on port 8080 (http)
[] [2025-01-26 23:09:50.505] [INFO ] [com.SaTokenGatewayApp|logStarted|59] - Started SaTokenGatewayApp in 3.338 seconds (process running for 4.536)
[] [2025-01-26 23:10:35.874] [INFO ] [o.s.b.w.e.netty.GracefulShutdown|shutDownGracefully|53] - Commencing graceful shutdown. Waiting for active requests to complete
[] [2025-01-26 23:10:35.885] [INFO ] [o.s.b.w.e.netty.GracefulShutdown|doShutdown|62] - Graceful shutdown complete
[] [2025-01-26 23:14:55.889] [INFO ] [o.h.validator.internal.util.Version|<clinit>|21] - HV000001: Hibernate Validator 8.0.2.Final
[] [2025-01-26 23:14:55.905] [INFO ] [com.SaTokenGatewayApp|logStarting|53] - Starting SaTokenGatewayApp using Java 17.0.11 with PID 24944 (C:\Dev\projects\jee\sa-token-examples\sa-token-gateway\target\classes started by zhuojun.feng in C:\Dev\projects\jee\sa-token-examples)
[] [2025-01-26 23:14:55.905] [INFO ] [com.SaTokenGatewayApp|logStartupProfileInfo|658] - The following 1 profile is active: "loc"
[] [2025-01-26 23:14:56.604] [INFO ] [o.s.d.r.c.RepositoryConfigurationDelegate|multipleStoresDetected|295] - Multiple Spring Data modules found, entering strict repository configuration mode
[] [2025-01-26 23:14:56.604] [INFO ] [o.s.d.r.c.RepositoryConfigurationDelegate|registerRepositoriesIn|143] - Bootstrapping Spring Data Redis repositories in DEFAULT mode.
[] [2025-01-26 23:14:56.796] [INFO ] [o.s.d.r.c.RepositoryConfigurationDelegate|registerRepositoriesIn|211] - Finished Spring Data repository scanning in 169 ms. Found 0 Redis repository interfaces.
[] [2025-01-26 23:14:56.921] [INFO ] [o.s.cloud.context.scope.GenericScope|setSerializationId|282] - BeanFactory id=abac1ece-3afa-3a85-aa85-3c36508c9ab1
[] [2025-01-26 23:14:57.146] [INFO ] [o.s.b.w.e.tomcat.TomcatWebServer|initialize|111] - Tomcat initialized with port 8080 (http)
[] [2025-01-26 23:14:57.205] [INFO ] [o.s.b.w.s.c.ServletWebServerApplicationContext|prepareWebApplicationContext|296] - Root WebApplicationContext: initialization completed in 1269 ms
[] [2025-01-26 23:14:57.305] [WARN ] [o.s.b.w.s.c.AnnotationConfigServletWebServerApplicationContext|refresh|635] - Exception encountered during context initialization - cancelling refresh attempt: org.springframework.beans.factory.BeanCreationException: Error creating bean with name 'org.springframework.cloud.gateway.config.GatewayClassPathWarningAutoConfiguration$SpringMvcFoundOnClasspathConfiguration': Failed to instantiate [org.springframework.cloud.gateway.config.GatewayClassPathWarningAutoConfiguration$SpringMvcFoundOnClasspathConfiguration]: Constructor threw exception
[] [2025-01-26 23:14:57.321] [INFO ] [o.s.b.a.l.ConditionEvaluationReportLogger|logMessage|82] - 

Error starting ApplicationContext. To display the condition evaluation report re-run your application with 'debug' enabled.
[] [2025-01-26 23:14:57.352] [ERROR] [o.s.b.d.LoggingFailureAnalysisReporter|report|40] - 

***************************
APPLICATION FAILED TO START
***************************

Description:

Spring MVC found on classpath, which is incompatible with Spring Cloud Gateway.

Action:

Please set spring.main.web-application-type=reactive or remove spring-boot-starter-web dependency.

[] [2025-01-26 23:16:37.938] [INFO ] [o.h.validator.internal.util.Version|<clinit>|21] - HV000001: Hibernate Validator 8.0.2.Final
[] [2025-01-26 23:16:37.976] [INFO ] [com.SaTokenGatewayApp|logStarting|53] - Starting SaTokenGatewayApp using Java 17.0.11 with PID 3416 (C:\Dev\projects\jee\sa-token-examples\sa-token-gateway\target\classes started by zhuojun.feng in C:\Dev\projects\jee\sa-token-examples)
[] [2025-01-26 23:16:37.976] [INFO ] [com.SaTokenGatewayApp|logStartupProfileInfo|658] - The following 1 profile is active: "loc"
[] [2025-01-26 23:16:38.593] [INFO ] [o.s.d.r.c.RepositoryConfigurationDelegate|multipleStoresDetected|295] - Multiple Spring Data modules found, entering strict repository configuration mode
[] [2025-01-26 23:16:38.593] [INFO ] [o.s.d.r.c.RepositoryConfigurationDelegate|registerRepositoriesIn|143] - Bootstrapping Spring Data Redis repositories in DEFAULT mode.
[] [2025-01-26 23:16:38.738] [INFO ] [o.s.d.r.c.RepositoryConfigurationDelegate|registerRepositoriesIn|211] - Finished Spring Data repository scanning in 128 ms. Found 0 Redis repository interfaces.
[] [2025-01-26 23:16:38.830] [INFO ] [o.s.cloud.context.scope.GenericScope|setSerializationId|282] - BeanFactory id=df489ada-f688-36da-87f5-6c038804e437
[] [2025-01-26 23:16:39.570] [INFO ] [o.s.c.g.r.RouteDefinitionRouteLocator|lambda$initFactories$1|89] - Loaded RoutePredicateFactory [After]
[] [2025-01-26 23:16:39.570] [INFO ] [o.s.c.g.r.RouteDefinitionRouteLocator|lambda$initFactories$1|89] - Loaded RoutePredicateFactory [Before]
[] [2025-01-26 23:16:39.570] [INFO ] [o.s.c.g.r.RouteDefinitionRouteLocator|lambda$initFactories$1|89] - Loaded RoutePredicateFactory [Between]
[] [2025-01-26 23:16:39.586] [INFO ] [o.s.c.g.r.RouteDefinitionRouteLocator|lambda$initFactories$1|89] - Loaded RoutePredicateFactory [Cookie]
[] [2025-01-26 23:16:39.586] [INFO ] [o.s.c.g.r.RouteDefinitionRouteLocator|lambda$initFactories$1|89] - Loaded RoutePredicateFactory [Header]
[] [2025-01-26 23:16:39.586] [INFO ] [o.s.c.g.r.RouteDefinitionRouteLocator|lambda$initFactories$1|89] - Loaded RoutePredicateFactory [Host]
[] [2025-01-26 23:16:39.586] [INFO ] [o.s.c.g.r.RouteDefinitionRouteLocator|lambda$initFactories$1|89] - Loaded RoutePredicateFactory [Method]
[] [2025-01-26 23:16:39.586] [INFO ] [o.s.c.g.r.RouteDefinitionRouteLocator|lambda$initFactories$1|89] - Loaded RoutePredicateFactory [Path]
[] [2025-01-26 23:16:39.586] [INFO ] [o.s.c.g.r.RouteDefinitionRouteLocator|lambda$initFactories$1|89] - Loaded RoutePredicateFactory [Query]
[] [2025-01-26 23:16:39.586] [INFO ] [o.s.c.g.r.RouteDefinitionRouteLocator|lambda$initFactories$1|89] - Loaded RoutePredicateFactory [ReadBody]
[] [2025-01-26 23:16:39.586] [INFO ] [o.s.c.g.r.RouteDefinitionRouteLocator|lambda$initFactories$1|89] - Loaded RoutePredicateFactory [RemoteAddr]
[] [2025-01-26 23:16:39.586] [INFO ] [o.s.c.g.r.RouteDefinitionRouteLocator|lambda$initFactories$1|89] - Loaded RoutePredicateFactory [XForwardedRemoteAddr]
[] [2025-01-26 23:16:39.586] [INFO ] [o.s.c.g.r.RouteDefinitionRouteLocator|lambda$initFactories$1|89] - Loaded RoutePredicateFactory [Weight]
[] [2025-01-26 23:16:39.586] [INFO ] [o.s.c.g.r.RouteDefinitionRouteLocator|lambda$initFactories$1|89] - Loaded RoutePredicateFactory [CloudFoundryRouteService]
[] [2025-01-26 23:16:40.024] [INFO ] [o.s.b.w.e.netty.NettyWebServer|start|126] - Netty started on port 8080 (http)
[] [2025-01-26 23:16:40.338] [INFO ] [com.SaTokenGatewayApp|logStarted|59] - Started SaTokenGatewayApp in 3.104 seconds (process running for 4.415)
[] [2025-01-26 23:26:07.682] [INFO ] [o.s.b.w.e.netty.GracefulShutdown|shutDownGracefully|53] - Commencing graceful shutdown. Waiting for active requests to complete
[] [2025-01-26 23:26:07.696] [INFO ] [o.s.b.w.e.netty.GracefulShutdown|doShutdown|62] - Graceful shutdown complete
[] [2025-01-26 23:29:10.550] [INFO ] [o.h.validator.internal.util.Version|<clinit>|21] - HV000001: Hibernate Validator 8.0.2.Final
[] [2025-01-26 23:29:10.573] [INFO ] [com.SaTokenGatewayApp|logStarting|53] - Starting SaTokenGatewayApp using Java 17.0.11 with PID 5328 (C:\Dev\projects\jee\sa-token-examples\sa-token-gateway\target\classes started by zhuojun.feng in C:\Dev\projects\jee\sa-token-examples)
[] [2025-01-26 23:29:10.634] [INFO ] [com.SaTokenGatewayApp|logStartupProfileInfo|658] - The following 1 profile is active: "loc"
[] [2025-01-26 23:29:11.331] [INFO ] [o.s.d.r.c.RepositoryConfigurationDelegate|multipleStoresDetected|295] - Multiple Spring Data modules found, entering strict repository configuration mode
[] [2025-01-26 23:29:11.333] [INFO ] [o.s.d.r.c.RepositoryConfigurationDelegate|registerRepositoriesIn|143] - Bootstrapping Spring Data Redis repositories in DEFAULT mode.
[] [2025-01-26 23:29:11.466] [INFO ] [o.s.d.r.c.RepositoryConfigurationDelegate|registerRepositoriesIn|211] - Finished Spring Data repository scanning in 119 ms. Found 0 Redis repository interfaces.
[] [2025-01-26 23:29:11.572] [INFO ] [o.s.cloud.context.scope.GenericScope|setSerializationId|282] - BeanFactory id=aade667e-4d61-33b3-a2bc-5e6bd1952f67
[] [2025-01-26 23:29:12.429] [INFO ] [o.s.c.g.r.RouteDefinitionRouteLocator|lambda$initFactories$1|89] - Loaded RoutePredicateFactory [After]
[] [2025-01-26 23:29:12.429] [INFO ] [o.s.c.g.r.RouteDefinitionRouteLocator|lambda$initFactories$1|89] - Loaded RoutePredicateFactory [Before]
[] [2025-01-26 23:29:12.430] [INFO ] [o.s.c.g.r.RouteDefinitionRouteLocator|lambda$initFactories$1|89] - Loaded RoutePredicateFactory [Between]
[] [2025-01-26 23:29:12.430] [INFO ] [o.s.c.g.r.RouteDefinitionRouteLocator|lambda$initFactories$1|89] - Loaded RoutePredicateFactory [Cookie]
[] [2025-01-26 23:29:12.430] [INFO ] [o.s.c.g.r.RouteDefinitionRouteLocator|lambda$initFactories$1|89] - Loaded RoutePredicateFactory [Header]
[] [2025-01-26 23:29:12.430] [INFO ] [o.s.c.g.r.RouteDefinitionRouteLocator|lambda$initFactories$1|89] - Loaded RoutePredicateFactory [Host]
[] [2025-01-26 23:29:12.431] [INFO ] [o.s.c.g.r.RouteDefinitionRouteLocator|lambda$initFactories$1|89] - Loaded RoutePredicateFactory [Method]
[] [2025-01-26 23:29:12.431] [INFO ] [o.s.c.g.r.RouteDefinitionRouteLocator|lambda$initFactories$1|89] - Loaded RoutePredicateFactory [Path]
[] [2025-01-26 23:29:12.431] [INFO ] [o.s.c.g.r.RouteDefinitionRouteLocator|lambda$initFactories$1|89] - Loaded RoutePredicateFactory [Query]
[] [2025-01-26 23:29:12.432] [INFO ] [o.s.c.g.r.RouteDefinitionRouteLocator|lambda$initFactories$1|89] - Loaded RoutePredicateFactory [ReadBody]
[] [2025-01-26 23:29:12.432] [INFO ] [o.s.c.g.r.RouteDefinitionRouteLocator|lambda$initFactories$1|89] - Loaded RoutePredicateFactory [RemoteAddr]
[] [2025-01-26 23:29:12.432] [INFO ] [o.s.c.g.r.RouteDefinitionRouteLocator|lambda$initFactories$1|89] - Loaded RoutePredicateFactory [XForwardedRemoteAddr]
[] [2025-01-26 23:29:12.433] [INFO ] [o.s.c.g.r.RouteDefinitionRouteLocator|lambda$initFactories$1|89] - Loaded RoutePredicateFactory [Weight]
[] [2025-01-26 23:29:12.433] [INFO ] [o.s.c.g.r.RouteDefinitionRouteLocator|lambda$initFactories$1|89] - Loaded RoutePredicateFactory [CloudFoundryRouteService]
[] [2025-01-26 23:29:13.207] [INFO ] [o.s.b.w.e.netty.NettyWebServer|start|126] - Netty started on port 8080 (http)
[] [2025-01-26 23:29:13.733] [INFO ] [com.SaTokenGatewayApp|logStarted|59] - Started SaTokenGatewayApp in 3.659 seconds (process running for 5.118)
[] [2025-01-26 23:33:27.804] [INFO ] [o.s.b.w.e.netty.GracefulShutdown|shutDownGracefully|53] - Commencing graceful shutdown. Waiting for active requests to complete
[] [2025-01-26 23:33:27.842] [INFO ] [o.s.b.w.e.netty.GracefulShutdown|doShutdown|62] - Graceful shutdown complete
